bcp_result UNDEFINE

iter 0
stack_ptr 1
stack_size 2
init_uc -300
num_of_clause 3
bcp_result UNDEFINE

iter 1
stack_ptr 3
stack_size 4
init_uc -299
num_of_clause 9
bcp_result UNDEFINE

iter 2
stack_ptr 5
stack_size 6
init_uc -298
num_of_clause 10
bcp_result UNDEFINE

iter 3
stack_ptr 7
stack_size 8
init_uc -297
num_of_clause 1
bcp_result UNDEFINE

iter 4
stack_ptr 9
stack_size 10
init_uc -296
num_of_clause 5
bcp_result UNDEFINE

iter 5
stack_ptr 11
stack_size 12
init_uc -295
num_of_clause 8
iter 6
stack_ptr 12
stack_size 13
init_uc -229
num_of_clause 2
iter 7
stack_ptr 13
stack_size 14
init_uc 71
num_of_clause 7
bcp_result UNDEFINE

iter 8
stack_ptr 15
stack_size 16
init_uc -294
num_of_clause 11
bcp_result UNDEFINE

iter 9
stack_ptr 17
stack_size 18
init_uc -293
num_of_clause 3
bcp_result UNDEFINE

iter 10
stack_ptr 19
stack_size 20
init_uc -292
num_of_clause 5
bcp_result UNDEFINE

iter 11
stack_ptr 21
stack_size 22
init_uc -291
num_of_clause 11
bcp_result UNDEFINE

iter 12
stack_ptr 23
stack_size 24
init_uc -290
num_of_clause 4
bcp_result UNDEFINE

iter 13
stack_ptr 25
stack_size 26
init_uc -289
num_of_clause 7
bcp_result UNDEFINE

iter 14
stack_ptr 27
stack_size 28
init_uc -288
num_of_clause 10
bcp_result UNDEFINE

iter 15
stack_ptr 29
stack_size 30
init_uc -287
num_of_clause 9
bcp_result UNDEFINE

iter 16
stack_ptr 31
stack_size 32
init_uc -286
num_of_clause 7
bcp_result UNDEFINE

iter 17
stack_ptr 33
stack_size 34
init_uc -285
num_of_clause 4
bcp_result UNDEFINE

iter 18
stack_ptr 35
stack_size 36
init_uc -284
num_of_clause 6
bcp_result UNDEFINE

iter 19
stack_ptr 37
stack_size 38
init_uc -283
num_of_clause 6
bcp_result UNDEFINE

iter 20
stack_ptr 39
stack_size 40
init_uc -282
num_of_clause 9
bcp_result UNDEFINE

iter 21
stack_ptr 41
stack_size 42
init_uc -281
num_of_clause 4
bcp_result UNDEFINE

iter 22
stack_ptr 43
stack_size 44
init_uc -280
num_of_clause 7
bcp_result UNDEFINE

iter 23
stack_ptr 45
stack_size 46
init_uc -279
num_of_clause 8
bcp_result UNDEFINE

iter 24
stack_ptr 47
stack_size 48
init_uc -278
num_of_clause 6
bcp_result UNDEFINE

iter 25
stack_ptr 49
stack_size 50
init_uc -277
num_of_clause 5
iter 26
stack_ptr 50
stack_size 52
init_uc 178
num_of_clause 5
iter 27
stack_ptr 51
stack_size 52
init_uc 56
num_of_clause 7
bcp_result UNDEFINE

iter 28
stack_ptr 53
stack_size 54
init_uc -276
num_of_clause 5
bcp_result UNDEFINE

iter 29
stack_ptr 55
stack_size 56
init_uc -275
num_of_clause 7
iter 30
stack_ptr 56
stack_size 58
init_uc -66
num_of_clause 4
iter 31
stack_ptr 57
stack_size 58
init_uc 96
num_of_clause 3
iter 32
stack_ptr 58
stack_size 59
init_uc -55
num_of_clause 7
iter 33
stack_ptr 59
stack_size 60
init_uc 107
num_of_clause 9
iter 34
stack_ptr 60
stack_size 62
init_uc -47
num_of_clause 9
iter 35
stack_ptr 61
stack_size 63
init_uc 137
num_of_clause 5
iter 36
stack_ptr 62
stack_size 63
init_uc -224
num_of_clause 6
iter 37
stack_ptr 63
stack_size 64
init_uc -68
num_of_clause 7
iter 38
stack_ptr 64
stack_size 65
init_uc -176
num_of_clause 5
bcp_result UNDEFINE

iter 39
stack_ptr 66
stack_size 67
init_uc -274
num_of_clause 1
bcp_result UNDEFINE

iter 40
stack_ptr 68
stack_size 69
init_uc -273
num_of_clause 9
iter 41
stack_ptr 69
stack_size 70
init_uc -232
num_of_clause 8
bcp_result UNDEFINE

iter 42
stack_ptr 71
stack_size 72
init_uc -272
num_of_clause 6
iter 43
stack_ptr 72
stack_size 73
init_uc -211
num_of_clause 7
iter 44
stack_ptr 73
stack_size 74
init_uc -58
num_of_clause 6
bcp_result UNDEFINE

iter 45
stack_ptr 75
stack_size 76
init_uc -271
num_of_clause 8
iter 46
stack_ptr 76
stack_size 77
init_uc -99
num_of_clause 8
bcp_result UNDEFINE

iter 47
stack_ptr 78
stack_size 79
init_uc -270
num_of_clause 8
iter 48
stack_ptr 79
stack_size 81
init_uc -183
num_of_clause 8
iter 49
stack_ptr 80
stack_size 83
init_uc -190
num_of_clause 13
iter 50
stack_ptr 81
stack_size 83
init_uc -74
num_of_clause 8
iter 51
stack_ptr 82
stack_size 85
init_uc -54
num_of_clause 7
iter 52
stack_ptr 83
stack_size 86
init_uc 57
num_of_clause 7
iter 53
stack_ptr 84
stack_size 87
init_uc 244
num_of_clause 11
iter 54
stack_ptr 85
stack_size 89
init_uc 49
num_of_clause 8
iter 55
stack_ptr 86
stack_size 91
init_uc -19
num_of_clause 5
iter 56
stack_ptr 87
stack_size 92
init_uc 182
num_of_clause 6
iter 57
stack_ptr 88
stack_size 93
init_uc 95
num_of_clause 8
iter 58
stack_ptr 89
stack_size 94
init_uc -81
num_of_clause 9
iter 59
stack_ptr 90
stack_size 94
init_uc 89
num_of_clause 5
iter 60
stack_ptr 91
stack_size 95
init_uc 83
num_of_clause 9
iter 61
stack_ptr 92
stack_size 98
init_uc -208
num_of_clause 12
iter 62
stack_ptr 93
stack_size 98
init_uc 82
num_of_clause 2
iter 63
stack_ptr 94
stack_size 98
init_uc -170
num_of_clause 6
iter 64
stack_ptr 95
stack_size 99
init_uc -108
num_of_clause 7
iter 65
stack_ptr 96
stack_size 102
init_uc -50
num_of_clause 4
iter 66
stack_ptr 97
stack_size 102
init_uc -105
num_of_clause 5
iter 67
stack_ptr 98
stack_size 102
init_uc 142
num_of_clause 0
iter 68
stack_ptr 99
stack_size 102
init_uc -220
num_of_clause 5
iter 69
stack_ptr 100
stack_size 102
init_uc -253
num_of_clause 3
iter 70
stack_ptr 101
stack_size 103
init_uc -197
num_of_clause 5
iter 71
stack_ptr 102
stack_size 105
init_uc 203
num_of_clause 5
iter 72
stack_ptr 103
stack_size 106
init_uc -168
num_of_clause 6
iter 73
stack_ptr 104
stack_size 106
init_uc -34
num_of_clause 4
iter 74
stack_ptr 105
stack_size 107
init_uc 134
num_of_clause 4
iter 75
stack_ptr 106
stack_size 108
init_uc -149
num_of_clause 6
iter 76
stack_ptr 107
stack_size 109
init_uc 109
num_of_clause 4
iter 77
stack_ptr 108
stack_size 110
init_uc -37
num_of_clause 9
iter 78
stack_ptr 109
stack_size 113
init_uc 40
num_of_clause 5
iter 79
stack_ptr 110
stack_size 113
init_uc -78
num_of_clause 10
iter 80
stack_ptr 111
stack_size 113
init_uc 114
num_of_clause 4
iter 81
stack_ptr 112
stack_size 114
init_uc 15
num_of_clause 7
iter 82
stack_ptr 113
stack_size 116
init_uc -246
num_of_clause 6
iter 83
stack_ptr 114
stack_size 117
init_uc -158
num_of_clause 8
iter 84
stack_ptr 115
stack_size 119
init_uc -172
num_of_clause 9
iter 85
stack_ptr 116
stack_size 120
init_uc -213
num_of_clause 8
iter 86
stack_ptr 117
stack_size 122
init_uc 112
num_of_clause 3
iter 87
stack_ptr 118
stack_size 122
init_uc -206
num_of_clause 5
iter 88
stack_ptr 119
stack_size 123
init_uc -140
num_of_clause 5
iter 89
stack_ptr 120
stack_size 126
init_uc -225
num_of_clause 11
iter 90
stack_ptr 121
stack_size 132
init_uc -14
num_of_clause 1
iter 91
stack_ptr 122
stack_size 132
init_uc -7
num_of_clause 8
iter 92
stack_ptr 123
stack_size 135
init_uc 23
num_of_clause 4
iter 93
stack_ptr 124
stack_size 137
init_uc 269
num_of_clause 7
bcp_result Conflict

SATISFIABLE
Overall_Comp_time: 141811343, First_Conflict_Time: 488 us
