bcp_result UNDEFINE

iter 0
stack_ptr 1
stack_size 2
init_uc -250
num_of_clause 4
bcp_result UNDEFINE

iter 1
stack_ptr 3
stack_size 4
init_uc -249
num_of_clause 10
bcp_result UNDEFINE

iter 2
stack_ptr 5
stack_size 6
init_uc -248
num_of_clause 3
bcp_result UNDEFINE

iter 3
stack_ptr 7
stack_size 8
init_uc -247
num_of_clause 4
bcp_result UNDEFINE

iter 4
stack_ptr 9
stack_size 10
init_uc -246
num_of_clause 7
bcp_result UNDEFINE

iter 5
stack_ptr 11
stack_size 12
init_uc -245
num_of_clause 10
bcp_result UNDEFINE

iter 6
stack_ptr 13
stack_size 14
init_uc -244
num_of_clause 6
bcp_result UNDEFINE

iter 7
stack_ptr 15
stack_size 16
init_uc -243
num_of_clause 7
bcp_result UNDEFINE

iter 8
stack_ptr 17
stack_size 18
init_uc -242
num_of_clause 10
bcp_result UNDEFINE

iter 9
stack_ptr 19
stack_size 20
init_uc -241
num_of_clause 6
bcp_result UNDEFINE

iter 10
stack_ptr 21
stack_size 22
init_uc -240
num_of_clause 6
iter 11
stack_ptr 22
stack_size 23
init_uc 99
num_of_clause 7
bcp_result UNDEFINE

iter 12
stack_ptr 24
stack_size 25
init_uc -239
num_of_clause 9
bcp_result UNDEFINE

iter 13
stack_ptr 26
stack_size 27
init_uc -238
num_of_clause 8
bcp_result UNDEFINE

iter 14
stack_ptr 28
stack_size 29
init_uc -237
num_of_clause 7
iter 15
stack_ptr 29
stack_size 30
init_uc 219
num_of_clause 12
iter 16
stack_ptr 30
stack_size 32
init_uc 87
num_of_clause 8
iter 17
stack_ptr 31
stack_size 32
init_uc -176
num_of_clause 4
bcp_result UNDEFINE

iter 18
stack_ptr 33
stack_size 34
init_uc -236
num_of_clause 5
iter 19
stack_ptr 34
stack_size 35
init_uc 129
num_of_clause 3
iter 20
stack_ptr 35
stack_size 36
init_uc -152
num_of_clause 7
iter 21
stack_ptr 36
stack_size 38
init_uc -46
num_of_clause 5
iter 22
stack_ptr 37
stack_size 38
init_uc -14
num_of_clause 6
bcp_result UNDEFINE

iter 23
stack_ptr 39
stack_size 40
init_uc -235
num_of_clause 4
bcp_result UNDEFINE

iter 24
stack_ptr 41
stack_size 42
init_uc -234
num_of_clause 5
bcp_result UNDEFINE

iter 25
stack_ptr 43
stack_size 44
init_uc -233
num_of_clause 6
bcp_result UNDEFINE

iter 26
stack_ptr 45
stack_size 46
init_uc -232
num_of_clause 7
iter 27
stack_ptr 46
stack_size 47
init_uc -110
num_of_clause 8
bcp_result UNDEFINE

iter 28
stack_ptr 48
stack_size 49
init_uc -231
num_of_clause 5
iter 29
stack_ptr 49
stack_size 50
init_uc 178
num_of_clause 3
bcp_result UNDEFINE

iter 30
stack_ptr 51
stack_size 52
init_uc -230
num_of_clause 2
bcp_result UNDEFINE

iter 31
stack_ptr 53
stack_size 54
init_uc -229
num_of_clause 6
iter 32
stack_ptr 54
stack_size 55
init_uc 208
num_of_clause 5
iter 33
stack_ptr 55
stack_size 56
init_uc 91
num_of_clause 6
iter 34
stack_ptr 56
stack_size 57
init_uc -77
num_of_clause 9
bcp_result UNDEFINE

iter 35
stack_ptr 58
stack_size 59
init_uc -228
num_of_clause 7
iter 36
stack_ptr 59
stack_size 60
init_uc -94
num_of_clause 5
iter 37
stack_ptr 60
stack_size 61
init_uc -98
num_of_clause 8
bcp_result UNDEFINE

iter 38
stack_ptr 62
stack_size 63
init_uc -227
num_of_clause 5
bcp_result UNDEFINE

iter 39
stack_ptr 64
stack_size 65
init_uc -226
num_of_clause 3
bcp_result UNDEFINE

iter 40
stack_ptr 66
stack_size 67
init_uc -225
num_of_clause 7
bcp_result UNDEFINE

iter 41
stack_ptr 68
stack_size 69
init_uc -224
num_of_clause 9
iter 42
stack_ptr 69
stack_size 70
init_uc 57
num_of_clause 4
iter 43
stack_ptr 70
stack_size 71
init_uc 35
num_of_clause 9
iter 44
stack_ptr 71
stack_size 73
init_uc 93
num_of_clause 5
iter 45
stack_ptr 72
stack_size 75
init_uc -58
num_of_clause 5
iter 46
stack_ptr 73
stack_size 76
init_uc -187
num_of_clause 5
iter 47
stack_ptr 74
stack_size 76
init_uc -47
num_of_clause 7
iter 48
stack_ptr 75
stack_size 78
init_uc -138
num_of_clause 6
iter 49
stack_ptr 76
stack_size 79
init_uc 3
num_of_clause 5
iter 50
stack_ptr 77
stack_size 80
init_uc -186
num_of_clause 6
iter 51
stack_ptr 78
stack_size 80
init_uc -26
num_of_clause 6
iter 52
stack_ptr 79
stack_size 80
init_uc -131
num_of_clause 7
bcp_result UNDEFINE

iter 53
stack_ptr 81
stack_size 82
init_uc -223
num_of_clause 9
iter 54
stack_ptr 82
stack_size 83
init_uc 27
num_of_clause 10
iter 55
stack_ptr 83
stack_size 86
init_uc 107
num_of_clause 8
iter 56
stack_ptr 84
stack_size 88
init_uc 130
num_of_clause 9
iter 57
stack_ptr 85
stack_size 88
init_uc -96
num_of_clause 7
iter 58
stack_ptr 86
stack_size 88
init_uc -191
num_of_clause 6
iter 59
stack_ptr 87
stack_size 88
init_uc 189
num_of_clause 5
bcp_result UNDEFINE

iter 60
stack_ptr 89
stack_size 90
init_uc -222
num_of_clause 7
iter 61
stack_ptr 90
stack_size 92
init_uc 30
num_of_clause 4
iter 62
stack_ptr 91
stack_size 93
init_uc -73
num_of_clause 7
iter 63
stack_ptr 92
stack_size 93
init_uc -25
num_of_clause 7
bcp_result UNDEFINE

iter 64
stack_ptr 94
stack_size 95
init_uc -221
num_of_clause 8
iter 65
stack_ptr 95
stack_size 97
init_uc -44
num_of_clause 4
iter 66
stack_ptr 96
stack_size 98
init_uc 193
num_of_clause 6
iter 67
stack_ptr 97
stack_size 100
init_uc 163
num_of_clause 5
iter 68
stack_ptr 98
stack_size 102
init_uc -114
num_of_clause 4
iter 69
stack_ptr 99
stack_size 103
init_uc -124
num_of_clause 8
iter 70
stack_ptr 100
stack_size 108
init_uc 103
num_of_clause 7
iter 71
stack_ptr 101
stack_size 109
init_uc 125
num_of_clause 6
bcp_result Conflict

SATISFIABLE
Overall_Comp_time: 6956317, First_Conflict_Time: 81 us
