bcp_result UNDEFINE

iter 0
stack_ptr 1
stack_size 2
init_uc -300
num_of_clause 4
bcp_result UNDEFINE

iter 1
stack_ptr 3
stack_size 4
init_uc -299
num_of_clause 8
bcp_result UNDEFINE

iter 2
stack_ptr 5
stack_size 6
init_uc -298
num_of_clause 4
bcp_result UNDEFINE

iter 3
stack_ptr 7
stack_size 8
init_uc -297
num_of_clause 9
bcp_result UNDEFINE

iter 4
stack_ptr 9
stack_size 10
init_uc -296
num_of_clause 6
bcp_result UNDEFINE

iter 5
stack_ptr 11
stack_size 12
init_uc -295
num_of_clause 6
bcp_result UNDEFINE

iter 6
stack_ptr 13
stack_size 14
init_uc -294
num_of_clause 9
bcp_result UNDEFINE

iter 7
stack_ptr 15
stack_size 16
init_uc -293
num_of_clause 4
iter 8
stack_ptr 16
stack_size 17
init_uc -253
num_of_clause 4
bcp_result UNDEFINE

iter 9
stack_ptr 18
stack_size 19
init_uc -292
num_of_clause 9
iter 10
stack_ptr 19
stack_size 20
init_uc 197
num_of_clause 7
iter 11
stack_ptr 20
stack_size 21
init_uc 24
num_of_clause 10
bcp_result UNDEFINE

iter 12
stack_ptr 22
stack_size 23
init_uc -291
num_of_clause 5
bcp_result UNDEFINE

iter 13
stack_ptr 24
stack_size 25
init_uc -290
num_of_clause 5
iter 14
stack_ptr 25
stack_size 26
init_uc 267
num_of_clause 4
bcp_result UNDEFINE

iter 15
stack_ptr 27
stack_size 28
init_uc -289
num_of_clause 2
bcp_result UNDEFINE

iter 16
stack_ptr 29
stack_size 30
init_uc -288
num_of_clause 6
bcp_result UNDEFINE

iter 17
stack_ptr 31
stack_size 32
init_uc -287
num_of_clause 10
bcp_result UNDEFINE

iter 18
stack_ptr 33
stack_size 34
init_uc -286
num_of_clause 5
bcp_result UNDEFINE

iter 19
stack_ptr 35
stack_size 36
init_uc -285
num_of_clause 2
iter 20
stack_ptr 36
stack_size 37
init_uc -223
num_of_clause 5
bcp_result UNDEFINE

iter 21
stack_ptr 38
stack_size 39
init_uc -284
num_of_clause 7
bcp_result UNDEFINE

iter 22
stack_ptr 40
stack_size 41
init_uc -283
num_of_clause 6
iter 23
stack_ptr 41
stack_size 42
init_uc -134
num_of_clause 10
iter 24
stack_ptr 42
stack_size 43
init_uc -95
num_of_clause 7
bcp_result UNDEFINE

iter 25
stack_ptr 44
stack_size 45
init_uc -282
num_of_clause 4
iter 26
stack_ptr 45
stack_size 47
init_uc -76
num_of_clause 10
iter 27
stack_ptr 46
stack_size 49
init_uc -264
num_of_clause 4
iter 28
stack_ptr 47
stack_size 49
init_uc 55
num_of_clause 8
iter 29
stack_ptr 48
stack_size 50
init_uc 121
num_of_clause 7
iter 30
stack_ptr 49
stack_size 51
init_uc 201
num_of_clause 4
iter 31
stack_ptr 50
stack_size 51
init_uc -122
num_of_clause 14
bcp_result UNDEFINE

iter 32
stack_ptr 52
stack_size 53
init_uc -281
num_of_clause 8
iter 33
stack_ptr 53
stack_size 54
init_uc -75
num_of_clause 6
bcp_result UNDEFINE

iter 34
stack_ptr 55
stack_size 56
init_uc -280
num_of_clause 4
iter 35
stack_ptr 56
stack_size 57
init_uc -129
num_of_clause 6
bcp_result UNDEFINE

iter 36
stack_ptr 58
stack_size 59
init_uc -279
num_of_clause 4
iter 37
stack_ptr 59
stack_size 60
init_uc 85
num_of_clause 8
bcp_result UNDEFINE

iter 38
stack_ptr 61
stack_size 62
init_uc -278
num_of_clause 5
iter 39
stack_ptr 62
stack_size 64
init_uc -234
num_of_clause 11
iter 40
stack_ptr 63
stack_size 65
init_uc 13
num_of_clause 9
iter 41
stack_ptr 64
stack_size 67
init_uc -138
num_of_clause 2
iter 42
stack_ptr 65
stack_size 67
init_uc -169
num_of_clause 3
iter 43
stack_ptr 66
stack_size 67
init_uc 153
num_of_clause 6
iter 44
stack_ptr 67
stack_size 69
init_uc -114
num_of_clause 5
iter 45
stack_ptr 68
stack_size 70
init_uc -155
num_of_clause 5
iter 46
stack_ptr 69
stack_size 70
init_uc -244
num_of_clause 10
iter 47
stack_ptr 70
stack_size 72
init_uc -22
num_of_clause 6
iter 48
stack_ptr 71
stack_size 72
init_uc 49
num_of_clause 4
bcp_result UNDEFINE

iter 49
stack_ptr 73
stack_size 74
init_uc -277
num_of_clause 7
iter 50
stack_ptr 74
stack_size 75
init_uc 254
num_of_clause 2
iter 51
stack_ptr 75
stack_size 76
init_uc 78
num_of_clause 7
bcp_result UNDEFINE

iter 52
stack_ptr 77
stack_size 78
init_uc -276
num_of_clause 4
bcp_result UNDEFINE

iter 53
stack_ptr 79
stack_size 80
init_uc -275
num_of_clause 6
bcp_result UNDEFINE

iter 54
stack_ptr 81
stack_size 82
init_uc -274
num_of_clause 5
iter 55
stack_ptr 82
stack_size 83
init_uc 99
num_of_clause 8
iter 56
stack_ptr 83
stack_size 84
init_uc -111
num_of_clause 6
bcp_result UNDEFINE

iter 57
stack_ptr 85
stack_size 86
init_uc -273
num_of_clause 8
bcp_result UNDEFINE

iter 58
stack_ptr 87
stack_size 88
init_uc -272
num_of_clause 3
bcp_result UNDEFINE

iter 59
stack_ptr 89
stack_size 90
init_uc -271
num_of_clause 5
iter 60
stack_ptr 90
stack_size 92
init_uc 98
num_of_clause 5
iter 61
stack_ptr 91
stack_size 93
init_uc -12
num_of_clause 4
iter 62
stack_ptr 92
stack_size 93
init_uc -179
num_of_clause 8
bcp_result UNDEFINE

iter 63
stack_ptr 94
stack_size 95
init_uc -270
num_of_clause 3
bcp_result UNDEFINE

iter 64
stack_ptr 96
stack_size 97
init_uc -269
num_of_clause 2
iter 65
stack_ptr 97
stack_size 98
init_uc -77
num_of_clause 11
iter 66
stack_ptr 98
stack_size 101
init_uc 256
num_of_clause 9
iter 67
stack_ptr 99
stack_size 103
init_uc 263
num_of_clause 1
iter 68
stack_ptr 100
stack_size 103
init_uc 154
num_of_clause 8
iter 69
stack_ptr 101
stack_size 104
init_uc -30
num_of_clause 9
iter 70
stack_ptr 102
stack_size 106
init_uc -33
num_of_clause 5
iter 71
stack_ptr 103
stack_size 106
init_uc 266
num_of_clause 7
iter 72
stack_ptr 104
stack_size 109
init_uc 18
num_of_clause 8
iter 73
stack_ptr 105
stack_size 110
init_uc 198
num_of_clause 6
iter 74
stack_ptr 106
stack_size 112
init_uc 34
num_of_clause 6
iter 75
stack_ptr 107
stack_size 113
init_uc 119
num_of_clause 6
iter 76
stack_ptr 108
stack_size 113
init_uc -248
num_of_clause 7
iter 77
stack_ptr 109
stack_size 114
init_uc -177
num_of_clause 5
iter 78
stack_ptr 110
stack_size 114
init_uc 168
num_of_clause 5
iter 79
stack_ptr 111
stack_size 115
init_uc 249
num_of_clause 11
iter 80
stack_ptr 112
stack_size 118
init_uc -29
num_of_clause 7
iter 81
stack_ptr 113
stack_size 118
init_uc -6
num_of_clause 4
iter 82
stack_ptr 114
stack_size 119
init_uc -221
num_of_clause 6
iter 83
stack_ptr 115
stack_size 119
init_uc 40
num_of_clause 3
iter 84
stack_ptr 116
stack_size 120
init_uc -190
num_of_clause 7
iter 85
stack_ptr 117
stack_size 120
init_uc 173
num_of_clause 5
iter 86
stack_ptr 118
stack_size 121
init_uc 86
num_of_clause 9
iter 87
stack_ptr 119
stack_size 123
init_uc -83
num_of_clause 2
iter 88
stack_ptr 120
stack_size 123
init_uc 165
num_of_clause 9
iter 89
stack_ptr 121
stack_size 125
init_uc -28
num_of_clause 7
iter 90
stack_ptr 122
stack_size 125
init_uc 241
num_of_clause 4
iter 91
stack_ptr 123
stack_size 127
init_uc 73
num_of_clause 9
iter 92
stack_ptr 124
stack_size 129
init_uc 43
num_of_clause 3
iter 93
stack_ptr 125
stack_size 129
init_uc -181
num_of_clause 12
iter 94
stack_ptr 126
stack_size 134
init_uc -175
num_of_clause 2
iter 95
stack_ptr 127
stack_size 135
init_uc 142
num_of_clause 7
iter 96
stack_ptr 128
stack_size 135
init_uc 191
num_of_clause 6
iter 97
stack_ptr 129
stack_size 135
init_uc -9
num_of_clause 9
iter 98
stack_ptr 130
stack_size 136
init_uc 97
num_of_clause 5
iter 99
stack_ptr 131
stack_size 139
init_uc -1
num_of_clause 7
iter 100
stack_ptr 132
stack_size 141
init_uc -158
num_of_clause 8
iter 101
stack_ptr 133
stack_size 144
init_uc 42
num_of_clause 7
iter 102
stack_ptr 134
stack_size 144
init_uc -131
num_of_clause 6
iter 103
stack_ptr 135
stack_size 145
init_uc 128
num_of_clause 6
iter 104
stack_ptr 136
stack_size 147
init_uc -89
num_of_clause 9
iter 105
stack_ptr 137
stack_size 148
init_uc 59
num_of_clause 5
iter 106
stack_ptr 138
stack_size 150
init_uc 145
num_of_clause 7
iter 107
stack_ptr 139
stack_size 152
init_uc -252
num_of_clause 3
iter 108
stack_ptr 140
stack_size 152
init_uc -246
num_of_clause 8
iter 109
stack_ptr 141
stack_size 153
init_uc -242
num_of_clause 11
iter 110
stack_ptr 142
stack_size 155
init_uc -23
num_of_clause 12
iter 111
stack_ptr 143
stack_size 157
init_uc -112
num_of_clause 8
iter 112
stack_ptr 144
stack_size 159
init_uc 195
num_of_clause 9
iter 113
stack_ptr 145
stack_size 160
init_uc 19
num_of_clause 5
iter 114
stack_ptr 146
stack_size 163
init_uc -94
num_of_clause 7
iter 115
stack_ptr 147
stack_size 164
init_uc -87
num_of_clause 4
iter 116
stack_ptr 148
stack_size 164
init_uc 156
num_of_clause 10
iter 117
stack_ptr 149
stack_size 165
init_uc -222
num_of_clause 5
iter 118
stack_ptr 150
stack_size 167
init_uc 15
num_of_clause 8
iter 119
stack_ptr 151
stack_size 169
init_uc -14
num_of_clause 9
iter 120
stack_ptr 152
stack_size 171
init_uc 200
num_of_clause 3
iter 121
stack_ptr 153
stack_size 172
init_uc -239
num_of_clause 10
iter 122
stack_ptr 154
stack_size 174
init_uc -10
num_of_clause 4
iter 123
stack_ptr 155
stack_size 177
init_uc 123
num_of_clause 8
iter 124
stack_ptr 156
stack_size 181
init_uc 20
num_of_clause 6
iter 125
stack_ptr 157
stack_size 182
init_uc 259
num_of_clause 5
iter 126
stack_ptr 158
stack_size 184
init_uc -202
num_of_clause 3
iter 127
stack_ptr 159
stack_size 186
init_uc -225
num_of_clause 5
iter 128
stack_ptr 160
stack_size 186
init_uc 37
num_of_clause 5
iter 129
stack_ptr 161
stack_size 188
init_uc -172
num_of_clause 3
iter 130
stack_ptr 162
stack_size 189
init_uc 92
num_of_clause 4
iter 131
stack_ptr 163
stack_size 190
init_uc 107
num_of_clause 6
iter 132
stack_ptr 164
stack_size 192
init_uc 118
num_of_clause 2
iter 133
stack_ptr 165
stack_size 193
init_uc -255
num_of_clause 9
iter 134
stack_ptr 166
stack_size 193
init_uc -182
num_of_clause 6
bcp_result Conflict

UNSATISFIABLE
Overall_Comp_time: 263881065 us, First_Conflict_Time: 732 us
