bcp_result UNDEFINE

iter 0
stack_ptr 1
stack_size 2
init_uc -200
num_of_clause 5
bcp_result UNDEFINE

iter 1
stack_ptr 3
stack_size 4
init_uc -199
num_of_clause 8
bcp_result UNDEFINE

iter 2
stack_ptr 5
stack_size 6
init_uc -198
num_of_clause 7
bcp_result UNDEFINE

iter 3
stack_ptr 7
stack_size 8
init_uc -197
num_of_clause 7
bcp_result UNDEFINE

iter 4
stack_ptr 9
stack_size 10
init_uc -196
num_of_clause 8
bcp_result UNDEFINE

iter 5
stack_ptr 11
stack_size 12
init_uc -195
num_of_clause 5
iter 6
stack_ptr 12
stack_size 14
init_uc -170
num_of_clause 3
iter 7
stack_ptr 13
stack_size 14
init_uc 190
num_of_clause 5
bcp_result UNDEFINE

iter 8
stack_ptr 15
stack_size 16
init_uc -194
num_of_clause 7
bcp_result UNDEFINE

iter 9
stack_ptr 17
stack_size 18
init_uc -193
num_of_clause 4
bcp_result UNDEFINE

iter 10
stack_ptr 19
stack_size 20
init_uc -192
num_of_clause 4
bcp_result UNDEFINE

iter 11
stack_ptr 21
stack_size 22
init_uc -191
num_of_clause 15
bcp_result UNDEFINE

iter 12
stack_ptr 23
stack_size 24
init_uc -189
num_of_clause 4
bcp_result UNDEFINE

iter 13
stack_ptr 25
stack_size 26
init_uc -188
num_of_clause 10
bcp_result UNDEFINE

iter 14
stack_ptr 27
stack_size 28
init_uc -187
num_of_clause 10
iter 15
stack_ptr 28
stack_size 29
init_uc -185
num_of_clause 7
iter 16
stack_ptr 29
stack_size 30
init_uc -59
num_of_clause 5
iter 17
stack_ptr 30
stack_size 31
init_uc 37
num_of_clause 10
iter 18
stack_ptr 31
stack_size 32
init_uc 115
num_of_clause 10
bcp_result UNDEFINE

iter 19
stack_ptr 33
stack_size 34
init_uc -186
num_of_clause 5
bcp_result UNDEFINE

iter 20
stack_ptr 35
stack_size 36
init_uc -184
num_of_clause 4
iter 21
stack_ptr 36
stack_size 37
init_uc 38
num_of_clause 2
bcp_result UNDEFINE

iter 22
stack_ptr 38
stack_size 39
init_uc -183
num_of_clause 6
iter 23
stack_ptr 39
stack_size 40
init_uc 133
num_of_clause 2
bcp_result UNDEFINE

iter 24
stack_ptr 41
stack_size 42
init_uc -182
num_of_clause 2
iter 25
stack_ptr 42
stack_size 43
init_uc 28
num_of_clause 7
iter 26
stack_ptr 43
stack_size 45
init_uc 86
num_of_clause 7
iter 27
stack_ptr 44
stack_size 45
init_uc 15
num_of_clause 6
bcp_result UNDEFINE

iter 28
stack_ptr 46
stack_size 47
init_uc -181
num_of_clause 6
iter 29
stack_ptr 47
stack_size 48
init_uc 132
num_of_clause 5
iter 30
stack_ptr 48
stack_size 50
init_uc -179
num_of_clause 7
iter 31
stack_ptr 49
stack_size 54
init_uc -2
num_of_clause 8
iter 32
stack_ptr 50
stack_size 56
init_uc -140
num_of_clause 4
iter 33
stack_ptr 51
stack_size 56
init_uc -52
num_of_clause 5
iter 34
stack_ptr 52
stack_size 56
init_uc 160
num_of_clause 5
iter 35
stack_ptr 53
stack_size 57
init_uc -92
num_of_clause 7
iter 36
stack_ptr 54
stack_size 59
init_uc -138
num_of_clause 4
iter 37
stack_ptr 55
stack_size 59
init_uc -19
num_of_clause 4
iter 38
stack_ptr 56
stack_size 59
init_uc -129
num_of_clause 13
iter 39
stack_ptr 57
stack_size 60
init_uc 176
num_of_clause 7
iter 40
stack_ptr 58
stack_size 62
init_uc 79
num_of_clause 6
iter 41
stack_ptr 59
stack_size 62
init_uc -62
num_of_clause 6
iter 42
stack_ptr 60
stack_size 62
init_uc 45
num_of_clause 9
iter 43
stack_ptr 61
stack_size 63
init_uc -63
num_of_clause 10
iter 44
stack_ptr 62
stack_size 65
init_uc 50
num_of_clause 4
iter 45
stack_ptr 63
stack_size 67
init_uc 88
num_of_clause 11
iter 46
stack_ptr 64
stack_size 67
init_uc -130
num_of_clause 7
iter 47
stack_ptr 65
stack_size 67
init_uc 122
num_of_clause 7
iter 48
stack_ptr 66
stack_size 68
init_uc -166
num_of_clause 5
iter 49
stack_ptr 67
stack_size 68
init_uc 32
num_of_clause 2
bcp_result UNDEFINE

iter 50
stack_ptr 69
stack_size 70
init_uc -180
num_of_clause 4
bcp_result UNDEFINE

iter 51
stack_ptr 71
stack_size 72
init_uc -178
num_of_clause 6
iter 52
stack_ptr 72
stack_size 73
init_uc 78
num_of_clause 8
iter 53
stack_ptr 73
stack_size 74
init_uc 139
num_of_clause 9
bcp_result UNDEFINE

iter 54
stack_ptr 75
stack_size 76
init_uc -177
num_of_clause 5
bcp_result UNDEFINE

iter 55
stack_ptr 77
stack_size 78
init_uc -175
num_of_clause 5
bcp_result UNDEFINE

iter 56
stack_ptr 79
stack_size 80
init_uc -174
num_of_clause 4
iter 57
stack_ptr 80
stack_size 81
init_uc 97
num_of_clause 6
iter 58
stack_ptr 81
stack_size 83
init_uc 100
num_of_clause 7
iter 59
stack_ptr 82
stack_size 86
init_uc -22
num_of_clause 8
iter 60
stack_ptr 83
stack_size 87
init_uc 42
num_of_clause 5
iter 61
stack_ptr 84
stack_size 88
init_uc -40
num_of_clause 8
iter 62
stack_ptr 85
stack_size 91
init_uc -70
num_of_clause 6
iter 63
stack_ptr 86
stack_size 92
init_uc 55
num_of_clause 1
iter 64
stack_ptr 87
stack_size 92
init_uc 168
num_of_clause 10
iter 65
stack_ptr 88
stack_size 94
init_uc 148
num_of_clause 5
iter 66
stack_ptr 89
stack_size 94
init_uc 131
num_of_clause 8
iter 67
stack_ptr 90
stack_size 95
init_uc 151
num_of_clause 7
iter 68
stack_ptr 91
stack_size 96
init_uc -1
num_of_clause 5
iter 69
stack_ptr 92
stack_size 96
init_uc 30
num_of_clause 5
iter 70
stack_ptr 93
stack_size 96
init_uc -57
num_of_clause 9
iter 71
stack_ptr 94
stack_size 100
init_uc -137
num_of_clause 5
iter 72
stack_ptr 95
stack_size 100
init_uc 24
num_of_clause 9
iter 73
stack_ptr 96
stack_size 103
init_uc 7
num_of_clause 5
iter 74
stack_ptr 97
stack_size 103
init_uc -90
num_of_clause 4
iter 75
stack_ptr 98
stack_size 103
init_uc 25
num_of_clause 5
iter 76
stack_ptr 99
stack_size 105
init_uc 13
num_of_clause 3
iter 77
stack_ptr 100
stack_size 105
init_uc -53
num_of_clause 10
iter 78
stack_ptr 101
stack_size 106
init_uc 43
num_of_clause 6
iter 79
stack_ptr 102
stack_size 107
init_uc 110
num_of_clause 7
iter 80
stack_ptr 103
stack_size 108
init_uc -18
num_of_clause 9
iter 81
stack_ptr 104
stack_size 110
init_uc -99
num_of_clause 6
iter 82
stack_ptr 105
stack_size 110
init_uc -134
num_of_clause 3
iter 83
stack_ptr 106
stack_size 112
init_uc -39
num_of_clause 1
iter 84
stack_ptr 107
stack_size 112
init_uc -163
num_of_clause 6
iter 85
stack_ptr 108
stack_size 113
init_uc 84
num_of_clause 8
iter 86
stack_ptr 109
stack_size 116
init_uc -68
num_of_clause 4
iter 87
stack_ptr 110
stack_size 116
init_uc -165
num_of_clause 2
iter 88
stack_ptr 111
stack_size 116
init_uc 155
num_of_clause 9
iter 89
stack_ptr 112
stack_size 120
init_uc 31
num_of_clause 9
iter 90
stack_ptr 113
stack_size 123
init_uc 75
num_of_clause 5
iter 91
stack_ptr 114
stack_size 126
init_uc 154
num_of_clause 7
iter 92
stack_ptr 115
stack_size 128
init_uc -146
num_of_clause 3
iter 93
stack_ptr 116
stack_size 128
init_uc 77
num_of_clause 4
iter 94
stack_ptr 117
stack_size 129
init_uc 120
num_of_clause 10
iter 95
stack_ptr 118
stack_size 133
init_uc 108
num_of_clause 6
iter 96
stack_ptr 119
stack_size 133
init_uc 72
num_of_clause 6
iter 97
stack_ptr 120
stack_size 136
init_uc -158
num_of_clause 9
iter 98
stack_ptr 121
stack_size 137
init_uc -102
num_of_clause 4
bcp_result Conflict

UNSATISFIABLE
Overall_Comp_time: 4367118 us, First_Conflict_Time: 464 us
