bcp_result UNDEFINE

iter 0
stack_ptr 1
stack_size 2
init_uc -300
num_of_clause 14
bcp_result UNDEFINE

iter 1
stack_ptr 3
stack_size 4
init_uc -299
num_of_clause 6
bcp_result UNDEFINE

iter 2
stack_ptr 5
stack_size 6
init_uc -298
num_of_clause 5
bcp_result UNDEFINE

iter 3
stack_ptr 7
stack_size 8
init_uc -297
num_of_clause 6
bcp_result UNDEFINE

iter 4
stack_ptr 9
stack_size 10
init_uc -296
num_of_clause 4
bcp_result UNDEFINE

iter 5
stack_ptr 11
stack_size 12
init_uc -295
num_of_clause 8
bcp_result UNDEFINE

iter 6
stack_ptr 13
stack_size 14
init_uc -294
num_of_clause 4
iter 7
stack_ptr 14
stack_size 15
init_uc -49
num_of_clause 7
bcp_result UNDEFINE

iter 8
stack_ptr 16
stack_size 17
init_uc -293
num_of_clause 7
bcp_result UNDEFINE

iter 9
stack_ptr 18
stack_size 19
init_uc -292
num_of_clause 4
bcp_result UNDEFINE

iter 10
stack_ptr 20
stack_size 21
init_uc -291
num_of_clause 7
iter 11
stack_ptr 21
stack_size 22
init_uc -186
num_of_clause 4
bcp_result UNDEFINE

iter 12
stack_ptr 23
stack_size 24
init_uc -290
num_of_clause 6
bcp_result UNDEFINE

iter 13
stack_ptr 25
stack_size 26
init_uc -289
num_of_clause 10
iter 14
stack_ptr 26
stack_size 27
init_uc 25
num_of_clause 9
bcp_result UNDEFINE

iter 15
stack_ptr 28
stack_size 29
init_uc -288
num_of_clause 11
bcp_result UNDEFINE

iter 16
stack_ptr 30
stack_size 31
init_uc -287
num_of_clause 7
bcp_result UNDEFINE

iter 17
stack_ptr 32
stack_size 33
init_uc -286
num_of_clause 5
bcp_result UNDEFINE

iter 18
stack_ptr 34
stack_size 35
init_uc -285
num_of_clause 7
iter 19
stack_ptr 35
stack_size 36
init_uc 76
num_of_clause 8
bcp_result UNDEFINE

iter 20
stack_ptr 37
stack_size 38
init_uc -284
num_of_clause 6
iter 21
stack_ptr 38
stack_size 39
init_uc -85
num_of_clause 9
bcp_result UNDEFINE

iter 22
stack_ptr 40
stack_size 41
init_uc -283
num_of_clause 7
iter 23
stack_ptr 41
stack_size 43
init_uc -279
num_of_clause 6
iter 24
stack_ptr 42
stack_size 44
init_uc 64
num_of_clause 6
iter 25
stack_ptr 43
stack_size 44
init_uc 21
num_of_clause 6
iter 26
stack_ptr 44
stack_size 45
init_uc 164
num_of_clause 8
iter 27
stack_ptr 45
stack_size 46
init_uc 73
num_of_clause 10
bcp_result UNDEFINE

iter 28
stack_ptr 47
stack_size 48
init_uc -282
num_of_clause 7
bcp_result UNDEFINE

iter 29
stack_ptr 49
stack_size 50
init_uc -281
num_of_clause 8
bcp_result UNDEFINE

iter 30
stack_ptr 51
stack_size 52
init_uc -280
num_of_clause 7
iter 31
stack_ptr 52
stack_size 53
init_uc 9
num_of_clause 10
bcp_result UNDEFINE

iter 32
stack_ptr 54
stack_size 55
init_uc -278
num_of_clause 6
bcp_result UNDEFINE

iter 33
stack_ptr 56
stack_size 57
init_uc -277
num_of_clause 9
bcp_result UNDEFINE

iter 34
stack_ptr 58
stack_size 59
init_uc -276
num_of_clause 6
iter 35
stack_ptr 59
stack_size 62
init_uc 142
num_of_clause 6
iter 36
stack_ptr 60
stack_size 63
init_uc 179
num_of_clause 6
iter 37
stack_ptr 61
stack_size 65
init_uc -78
num_of_clause 7
iter 38
stack_ptr 62
stack_size 67
init_uc 247
num_of_clause 14
iter 39
stack_ptr 63
stack_size 69
init_uc -241
num_of_clause 9
iter 40
stack_ptr 64
stack_size 69
init_uc 190
num_of_clause 4
iter 41
stack_ptr 65
stack_size 70
init_uc -239
num_of_clause 6
iter 42
stack_ptr 66
stack_size 71
init_uc -229
num_of_clause 7
iter 43
stack_ptr 67
stack_size 74
init_uc 217
num_of_clause 8
iter 44
stack_ptr 68
stack_size 74
init_uc 143
num_of_clause 9
iter 45
stack_ptr 69
stack_size 76
init_uc 249
num_of_clause 11
iter 46
stack_ptr 70
stack_size 78
init_uc 136
num_of_clause 6
iter 47
stack_ptr 71
stack_size 79
init_uc -219
num_of_clause 8
bcp_result Conflict

UNSATISFIABLE
Overall_Comp_time: 290901538 us, First_Conflict_Time: 143 us
