bcp_result UNDEFINE

iter 0
stack_ptr 1
stack_size 2
init_uc -300
num_of_clause 6
bcp_result UNDEFINE

iter 1
stack_ptr 3
stack_size 4
init_uc -299
num_of_clause 4
bcp_result UNDEFINE

iter 2
stack_ptr 5
stack_size 6
init_uc -298
num_of_clause 3
bcp_result UNDEFINE

iter 3
stack_ptr 7
stack_size 8
init_uc -297
num_of_clause 6
bcp_result UNDEFINE

iter 4
stack_ptr 9
stack_size 10
init_uc -296
num_of_clause 7
bcp_result UNDEFINE

iter 5
stack_ptr 11
stack_size 12
init_uc -295
num_of_clause 3
bcp_result UNDEFINE

iter 6
stack_ptr 13
stack_size 14
init_uc -294
num_of_clause 6
bcp_result UNDEFINE

iter 7
stack_ptr 15
stack_size 16
init_uc -293
num_of_clause 6
bcp_result UNDEFINE

iter 8
stack_ptr 17
stack_size 18
init_uc -292
num_of_clause 6
bcp_result UNDEFINE

iter 9
stack_ptr 19
stack_size 20
init_uc -291
num_of_clause 8
bcp_result UNDEFINE

iter 10
stack_ptr 21
stack_size 22
init_uc -290
num_of_clause 8
bcp_result UNDEFINE

iter 11
stack_ptr 23
stack_size 24
init_uc -289
num_of_clause 8
bcp_result UNDEFINE

iter 12
stack_ptr 25
stack_size 26
init_uc -288
num_of_clause 6
iter 13
stack_ptr 26
stack_size 27
init_uc -273
num_of_clause 4
bcp_result UNDEFINE

iter 14
stack_ptr 28
stack_size 29
init_uc -287
num_of_clause 2
bcp_result UNDEFINE

iter 15
stack_ptr 30
stack_size 31
init_uc -286
num_of_clause 4
bcp_result UNDEFINE

iter 16
stack_ptr 32
stack_size 33
init_uc -285
num_of_clause 8
iter 17
stack_ptr 33
stack_size 34
init_uc -76
num_of_clause 8
iter 18
stack_ptr 34
stack_size 35
init_uc 239
num_of_clause 6
bcp_result UNDEFINE

iter 19
stack_ptr 36
stack_size 37
init_uc -284
num_of_clause 6
bcp_result UNDEFINE

iter 20
stack_ptr 38
stack_size 39
init_uc -283
num_of_clause 4
iter 21
stack_ptr 39
stack_size 40
init_uc 19
num_of_clause 3
bcp_result UNDEFINE

iter 22
stack_ptr 41
stack_size 42
init_uc -282
num_of_clause 6
bcp_result UNDEFINE

iter 23
stack_ptr 43
stack_size 44
init_uc -281
num_of_clause 5
bcp_result UNDEFINE

iter 24
stack_ptr 45
stack_size 46
init_uc -280
num_of_clause 7
iter 25
stack_ptr 46
stack_size 47
init_uc -33
num_of_clause 3
bcp_result UNDEFINE

iter 26
stack_ptr 48
stack_size 49
init_uc -279
num_of_clause 4
iter 27
stack_ptr 49
stack_size 50
init_uc -59
num_of_clause 7
bcp_result UNDEFINE

iter 28
stack_ptr 51
stack_size 52
init_uc -278
num_of_clause 2
bcp_result UNDEFINE

iter 29
stack_ptr 53
stack_size 54
init_uc -277
num_of_clause 2
bcp_result UNDEFINE

iter 30
stack_ptr 55
stack_size 56
init_uc -276
num_of_clause 3
iter 31
stack_ptr 56
stack_size 57
init_uc -198
num_of_clause 5
iter 32
stack_ptr 57
stack_size 58
init_uc -40
num_of_clause 8
bcp_result UNDEFINE

iter 33
stack_ptr 59
stack_size 60
init_uc -275
num_of_clause 8
bcp_result UNDEFINE

iter 34
stack_ptr 61
stack_size 62
init_uc -274
num_of_clause 5
bcp_result UNDEFINE

iter 35
stack_ptr 63
stack_size 64
init_uc -272
num_of_clause 12
iter 36
stack_ptr 64
stack_size 65
init_uc 68
num_of_clause 5
bcp_result UNDEFINE

iter 37
stack_ptr 66
stack_size 67
init_uc -271
num_of_clause 8
iter 38
stack_ptr 67
stack_size 68
init_uc 3
num_of_clause 8
bcp_result UNDEFINE

iter 39
stack_ptr 69
stack_size 70
init_uc -270
num_of_clause 3
bcp_result UNDEFINE

iter 40
stack_ptr 71
stack_size 72
init_uc -269
num_of_clause 10
iter 41
stack_ptr 72
stack_size 73
init_uc -27
num_of_clause 9
iter 42
stack_ptr 73
stack_size 74
init_uc 173
num_of_clause 6
iter 43
stack_ptr 74
stack_size 75
init_uc 174
num_of_clause 13
bcp_result UNDEFINE

iter 44
stack_ptr 76
stack_size 77
init_uc -268
num_of_clause 8
iter 45
stack_ptr 77
stack_size 79
init_uc 248
num_of_clause 7
iter 46
stack_ptr 78
stack_size 80
init_uc 177
num_of_clause 4
iter 47
stack_ptr 79
stack_size 80
init_uc -238
num_of_clause 6
bcp_result UNDEFINE

iter 48
stack_ptr 81
stack_size 82
init_uc -267
num_of_clause 9
iter 49
stack_ptr 82
stack_size 84
init_uc -64
num_of_clause 4
iter 50
stack_ptr 83
stack_size 86
init_uc 218
num_of_clause 5
iter 51
stack_ptr 84
stack_size 87
init_uc 242
num_of_clause 6
iter 52
stack_ptr 85
stack_size 88
init_uc 107
num_of_clause 2
iter 53
stack_ptr 86
stack_size 88
init_uc 108
num_of_clause 7
iter 54
stack_ptr 87
stack_size 90
init_uc -186
num_of_clause 7
iter 55
stack_ptr 88
stack_size 90
init_uc -45
num_of_clause 5
iter 56
stack_ptr 89
stack_size 90
init_uc -189
num_of_clause 7
iter 57
stack_ptr 90
stack_size 91
init_uc -102
num_of_clause 7
iter 58
stack_ptr 91
stack_size 93
init_uc -262
num_of_clause 8
iter 59
stack_ptr 92
stack_size 94
init_uc 260
num_of_clause 4
iter 60
stack_ptr 93
stack_size 94
init_uc 30
num_of_clause 7
iter 61
stack_ptr 94
stack_size 95
init_uc -79
num_of_clause 6
iter 62
stack_ptr 95
stack_size 98
init_uc 244
num_of_clause 7
iter 63
stack_ptr 96
stack_size 99
init_uc 224
num_of_clause 7
iter 64
stack_ptr 97
stack_size 101
init_uc 119
num_of_clause 7
iter 65
stack_ptr 98
stack_size 101
init_uc 160
num_of_clause 10
iter 66
stack_ptr 99
stack_size 101
init_uc 208
num_of_clause 5
iter 67
stack_ptr 100
stack_size 101
init_uc -219
num_of_clause 4
iter 68
stack_ptr 101
stack_size 104
init_uc 61
num_of_clause 4
iter 69
stack_ptr 102
stack_size 104
init_uc 71
num_of_clause 5
iter 70
stack_ptr 103
stack_size 106
init_uc 26
num_of_clause 7
iter 71
stack_ptr 104
stack_size 106
init_uc -92
num_of_clause 5
iter 72
stack_ptr 105
stack_size 108
init_uc 73
num_of_clause 11
iter 73
stack_ptr 106
stack_size 111
init_uc 65
num_of_clause 6
iter 74
stack_ptr 107
stack_size 114
init_uc 13
num_of_clause 7
iter 75
stack_ptr 108
stack_size 115
init_uc 148
num_of_clause 9
iter 76
stack_ptr 109
stack_size 116
init_uc 1
num_of_clause 5
iter 77
stack_ptr 110
stack_size 117
init_uc -211
num_of_clause 6
iter 78
stack_ptr 111
stack_size 117
init_uc -142
num_of_clause 7
iter 79
stack_ptr 112
stack_size 118
init_uc 226
num_of_clause 2
iter 80
stack_ptr 113
stack_size 118
init_uc 234
num_of_clause 6
iter 81
stack_ptr 114
stack_size 118
init_uc 47
num_of_clause 7
iter 82
stack_ptr 115
stack_size 121
init_uc 193
num_of_clause 5
iter 83
stack_ptr 116
stack_size 122
init_uc -44
num_of_clause 4
iter 84
stack_ptr 117
stack_size 123
init_uc -154
num_of_clause 4
iter 85
stack_ptr 118
stack_size 124
init_uc 88
num_of_clause 8
iter 86
stack_ptr 119
stack_size 126
init_uc -206
num_of_clause 5
iter 87
stack_ptr 120
stack_size 127
init_uc -229
num_of_clause 7
iter 88
stack_ptr 121
stack_size 127
init_uc 202
num_of_clause 7
iter 89
stack_ptr 122
stack_size 128
init_uc -205
num_of_clause 6
iter 90
stack_ptr 123
stack_size 129
init_uc 124
num_of_clause 9
iter 91
stack_ptr 124
stack_size 134
init_uc 227
num_of_clause 5
iter 92
stack_ptr 125
stack_size 136
init_uc 52
num_of_clause 6
iter 93
stack_ptr 126
stack_size 138
init_uc -143
num_of_clause 5
iter 94
stack_ptr 127
stack_size 140
init_uc -180
num_of_clause 5
iter 95
stack_ptr 128
stack_size 142
init_uc 100
num_of_clause 6
iter 96
stack_ptr 129
stack_size 145
init_uc 254
num_of_clause 7
iter 97
stack_ptr 130
stack_size 148
init_uc 197
num_of_clause 6
iter 98
stack_ptr 131
stack_size 149
init_uc -113
num_of_clause 3
iter 99
stack_ptr 132
stack_size 149
init_uc -14
num_of_clause 9
iter 100
stack_ptr 133
stack_size 149
init_uc -247
num_of_clause 6
iter 101
stack_ptr 134
stack_size 150
init_uc -196
num_of_clause 7
iter 102
stack_ptr 135
stack_size 152
init_uc 171
num_of_clause 3
iter 103
stack_ptr 136
stack_size 153
init_uc 83
num_of_clause 7
iter 104
stack_ptr 137
stack_size 155
init_uc 18
num_of_clause 6
iter 105
stack_ptr 138
stack_size 156
init_uc -162
num_of_clause 8
iter 106
stack_ptr 139
stack_size 158
init_uc -123
num_of_clause 6
iter 107
stack_ptr 140
stack_size 161
init_uc 181
num_of_clause 7
bcp_result Conflict

SATISFIABLE
Overall_Comp_time: 204370137, First_Conflict_Time: 647 us
