bcp_result UNDEFINE

iter 0
stack_ptr 1
stack_size 2
init_uc -150
num_of_clause 4
bcp_result UNDEFINE

iter 1
stack_ptr 3
stack_size 4
init_uc -149
num_of_clause 3
bcp_result UNDEFINE

iter 2
stack_ptr 5
stack_size 6
init_uc -148
num_of_clause 9
bcp_result UNDEFINE

iter 3
stack_ptr 7
stack_size 8
init_uc -147
num_of_clause 5
bcp_result UNDEFINE

iter 4
stack_ptr 9
stack_size 10
init_uc -146
num_of_clause 9
bcp_result UNDEFINE

iter 5
stack_ptr 11
stack_size 12
init_uc -145
num_of_clause 6
bcp_result UNDEFINE

iter 6
stack_ptr 13
stack_size 14
init_uc -144
num_of_clause 15
iter 7
stack_ptr 14
stack_size 15
init_uc 103
num_of_clause 4
bcp_result UNDEFINE

iter 8
stack_ptr 16
stack_size 17
init_uc -143
num_of_clause 2
iter 9
stack_ptr 17
stack_size 18
init_uc -42
num_of_clause 0
bcp_result UNDEFINE

iter 10
stack_ptr 19
stack_size 20
init_uc -142
num_of_clause 5
bcp_result UNDEFINE

iter 11
stack_ptr 21
stack_size 22
init_uc -141
num_of_clause 10
iter 12
stack_ptr 22
stack_size 23
init_uc 15
num_of_clause 10
iter 13
stack_ptr 23
stack_size 27
init_uc -106
num_of_clause 8
iter 14
stack_ptr 24
stack_size 28
init_uc 100
num_of_clause 6
iter 15
stack_ptr 25
stack_size 29
init_uc -92
num_of_clause 7
iter 16
stack_ptr 26
stack_size 29
init_uc -94
num_of_clause 5
iter 17
stack_ptr 27
stack_size 29
init_uc -12
num_of_clause 6
iter 18
stack_ptr 28
stack_size 30
init_uc 60
num_of_clause 6
iter 19
stack_ptr 29
stack_size 30
init_uc -63
num_of_clause 6
bcp_result UNDEFINE

iter 20
stack_ptr 31
stack_size 32
init_uc -140
num_of_clause 1
iter 21
stack_ptr 32
stack_size 33
init_uc 98
num_of_clause 6
iter 22
stack_ptr 33
stack_size 34
init_uc -118
num_of_clause 11
iter 23
stack_ptr 34
stack_size 37
init_uc 109
num_of_clause 6
iter 24
stack_ptr 35
stack_size 38
init_uc -93
num_of_clause 4
iter 25
stack_ptr 36
stack_size 38
init_uc -44
num_of_clause 3
iter 26
stack_ptr 37
stack_size 39
init_uc -76
num_of_clause 4
iter 27
stack_ptr 38
stack_size 40
init_uc 72
num_of_clause 5
iter 28
stack_ptr 39
stack_size 41
init_uc 112
num_of_clause 9
iter 29
stack_ptr 40
stack_size 43
init_uc -30
num_of_clause 7
iter 30
stack_ptr 41
stack_size 43
init_uc -8
num_of_clause 6
iter 31
stack_ptr 42
stack_size 46
init_uc 108
num_of_clause 13
iter 32
stack_ptr 43
stack_size 47
init_uc 13
num_of_clause 14
iter 33
stack_ptr 44
stack_size 50
init_uc -104
num_of_clause 6
iter 34
stack_ptr 45
stack_size 50
init_uc 89
num_of_clause 8
iter 35
stack_ptr 46
stack_size 53
init_uc -119
num_of_clause 9
iter 36
stack_ptr 47
stack_size 54
init_uc -130
num_of_clause 5
iter 37
stack_ptr 48
stack_size 54
init_uc -83
num_of_clause 5
iter 38
stack_ptr 49
stack_size 55
init_uc -23
num_of_clause 10
iter 39
stack_ptr 50
stack_size 57
init_uc -3
num_of_clause 3
iter 40
stack_ptr 51
stack_size 57
init_uc 139
num_of_clause 9
iter 41
stack_ptr 52
stack_size 58
init_uc 123
num_of_clause 2
iter 42
stack_ptr 53
stack_size 58
init_uc 69
num_of_clause 11
iter 43
stack_ptr 54
stack_size 59
init_uc 124
num_of_clause 2
iter 44
stack_ptr 55
stack_size 60
init_uc 14
num_of_clause 3
iter 45
stack_ptr 56
stack_size 61
init_uc 127
num_of_clause 6
iter 46
stack_ptr 57
stack_size 61
init_uc -114
num_of_clause 9
iter 47
stack_ptr 58
stack_size 64
init_uc 27
num_of_clause 6
bcp_result Conflict

SATISFIABLE
Overall_Comp_time: 47827, First_Conflict_Time: 119 us
