bcp_result UNDEFINE

iter 0
stack_ptr 1
stack_size 2
init_uc -250
num_of_clause 4
bcp_result UNDEFINE

iter 1
stack_ptr 3
stack_size 4
init_uc -249
num_of_clause 8
bcp_result UNDEFINE

iter 2
stack_ptr 5
stack_size 6
init_uc -248
num_of_clause 13
bcp_result UNDEFINE

iter 3
stack_ptr 7
stack_size 8
init_uc -247
num_of_clause 9
bcp_result UNDEFINE

iter 4
stack_ptr 9
stack_size 10
init_uc -246
num_of_clause 1
bcp_result UNDEFINE

iter 5
stack_ptr 11
stack_size 12
init_uc -245
num_of_clause 8
bcp_result UNDEFINE

iter 6
stack_ptr 13
stack_size 14
init_uc -244
num_of_clause 5
bcp_result UNDEFINE

iter 7
stack_ptr 15
stack_size 16
init_uc -243
num_of_clause 7
bcp_result UNDEFINE

iter 8
stack_ptr 17
stack_size 18
init_uc -242
num_of_clause 4
bcp_result UNDEFINE

iter 9
stack_ptr 19
stack_size 20
init_uc -241
num_of_clause 6
bcp_result UNDEFINE

iter 10
stack_ptr 21
stack_size 22
init_uc -240
num_of_clause 6
bcp_result UNDEFINE

iter 11
stack_ptr 23
stack_size 24
init_uc -239
num_of_clause 6
bcp_result UNDEFINE

iter 12
stack_ptr 25
stack_size 26
init_uc -238
num_of_clause 5
bcp_result UNDEFINE

iter 13
stack_ptr 27
stack_size 28
init_uc -237
num_of_clause 3
bcp_result UNDEFINE

iter 14
stack_ptr 29
stack_size 30
init_uc -236
num_of_clause 4
bcp_result UNDEFINE

iter 15
stack_ptr 31
stack_size 32
init_uc -235
num_of_clause 3
iter 16
stack_ptr 32
stack_size 33
init_uc -173
num_of_clause 6
iter 17
stack_ptr 33
stack_size 34
init_uc -71
num_of_clause 7
iter 18
stack_ptr 34
stack_size 35
init_uc 156
num_of_clause 8
iter 19
stack_ptr 35
stack_size 36
init_uc -106
num_of_clause 9
bcp_result UNDEFINE

iter 20
stack_ptr 37
stack_size 38
init_uc -234
num_of_clause 3
bcp_result UNDEFINE

iter 21
stack_ptr 39
stack_size 40
init_uc -233
num_of_clause 4
bcp_result UNDEFINE

iter 22
stack_ptr 41
stack_size 42
init_uc -232
num_of_clause 5
iter 23
stack_ptr 42
stack_size 44
init_uc -59
num_of_clause 11
iter 24
stack_ptr 43
stack_size 45
init_uc 169
num_of_clause 4
iter 25
stack_ptr 44
stack_size 45
init_uc 9
num_of_clause 6
iter 26
stack_ptr 45
stack_size 46
init_uc 35
num_of_clause 8
bcp_result UNDEFINE

iter 27
stack_ptr 47
stack_size 48
init_uc -231
num_of_clause 5
bcp_result UNDEFINE

iter 28
stack_ptr 49
stack_size 50
init_uc -230
num_of_clause 6
iter 29
stack_ptr 50
stack_size 51
init_uc -133
num_of_clause 6
bcp_result UNDEFINE

iter 30
stack_ptr 52
stack_size 53
init_uc -229
num_of_clause 5
iter 31
stack_ptr 53
stack_size 54
init_uc 203
num_of_clause 5
bcp_result UNDEFINE

iter 32
stack_ptr 55
stack_size 56
init_uc -228
num_of_clause 7
iter 33
stack_ptr 56
stack_size 58
init_uc 94
num_of_clause 3
iter 34
stack_ptr 57
stack_size 59
init_uc 17
num_of_clause 5
iter 35
stack_ptr 58
stack_size 61
init_uc 74
num_of_clause 8
iter 36
stack_ptr 59
stack_size 62
init_uc -72
num_of_clause 9
iter 37
stack_ptr 60
stack_size 62
init_uc 91
num_of_clause 5
iter 38
stack_ptr 61
stack_size 62
init_uc -191
num_of_clause 3
iter 39
stack_ptr 62
stack_size 63
init_uc -99
num_of_clause 7
iter 40
stack_ptr 63
stack_size 64
init_uc 78
num_of_clause 8
bcp_result UNDEFINE

iter 41
stack_ptr 65
stack_size 66
init_uc -227
num_of_clause 8
iter 42
stack_ptr 66
stack_size 69
init_uc -15
num_of_clause 8
iter 43
stack_ptr 67
stack_size 70
init_uc 129
num_of_clause 5
iter 44
stack_ptr 68
stack_size 70
init_uc 8
num_of_clause 5
iter 45
stack_ptr 69
stack_size 71
init_uc 137
num_of_clause 6
iter 46
stack_ptr 70
stack_size 72
init_uc 200
num_of_clause 8
iter 47
stack_ptr 71
stack_size 75
init_uc 58
num_of_clause 9
iter 48
stack_ptr 72
stack_size 77
init_uc 116
num_of_clause 3
iter 49
stack_ptr 73
stack_size 77
init_uc 208
num_of_clause 2
iter 50
stack_ptr 74
stack_size 77
init_uc -118
num_of_clause 4
iter 51
stack_ptr 75
stack_size 77
init_uc -163
num_of_clause 6
iter 52
stack_ptr 76
stack_size 79
init_uc 127
num_of_clause 6
iter 53
stack_ptr 77
stack_size 80
init_uc -112
num_of_clause 7
iter 54
stack_ptr 78
stack_size 81
init_uc -57
num_of_clause 5
iter 55
stack_ptr 79
stack_size 81
init_uc -158
num_of_clause 4
iter 56
stack_ptr 80
stack_size 81
init_uc -220
num_of_clause 3
iter 57
stack_ptr 81
stack_size 83
init_uc -186
num_of_clause 7
iter 58
stack_ptr 82
stack_size 83
init_uc -136
num_of_clause 7
bcp_result UNDEFINE

iter 59
stack_ptr 84
stack_size 85
init_uc -226
num_of_clause 10
iter 60
stack_ptr 85
stack_size 87
init_uc -202
num_of_clause 6
iter 61
stack_ptr 86
stack_size 89
init_uc -219
num_of_clause 8
bcp_result Conflict

SATISFIABLE
Overall_Comp_time: 4519983, First_Conflict_Time: 31 us
