bcp_result UNDEFINE

iter 0
stack_ptr 1
stack_size 2
init_uc -250
num_of_clause 2
bcp_result UNDEFINE

iter 1
stack_ptr 3
stack_size 4
init_uc -249
num_of_clause 3
bcp_result UNDEFINE

iter 2
stack_ptr 5
stack_size 6
init_uc -248
num_of_clause 7
bcp_result UNDEFINE

iter 3
stack_ptr 7
stack_size 8
init_uc -247
num_of_clause 5
bcp_result UNDEFINE

iter 4
stack_ptr 9
stack_size 10
init_uc -246
num_of_clause 6
bcp_result UNDEFINE

iter 5
stack_ptr 11
stack_size 12
init_uc -245
num_of_clause 3
bcp_result UNDEFINE

iter 6
stack_ptr 13
stack_size 14
init_uc -244
num_of_clause 7
bcp_result UNDEFINE

iter 7
stack_ptr 15
stack_size 16
init_uc -243
num_of_clause 5
bcp_result UNDEFINE

iter 8
stack_ptr 17
stack_size 18
init_uc -242
num_of_clause 3
bcp_result UNDEFINE

iter 9
stack_ptr 19
stack_size 20
init_uc -241
num_of_clause 4
bcp_result UNDEFINE

iter 10
stack_ptr 21
stack_size 22
init_uc -240
num_of_clause 3
bcp_result UNDEFINE

iter 11
stack_ptr 23
stack_size 24
init_uc -239
num_of_clause 8
bcp_result UNDEFINE

iter 12
stack_ptr 25
stack_size 26
init_uc -238
num_of_clause 6
bcp_result UNDEFINE

iter 13
stack_ptr 27
stack_size 28
init_uc -237
num_of_clause 9
bcp_result UNDEFINE

iter 14
stack_ptr 29
stack_size 30
init_uc -236
num_of_clause 7
bcp_result UNDEFINE

iter 15
stack_ptr 31
stack_size 32
init_uc -235
num_of_clause 8
bcp_result UNDEFINE

iter 16
stack_ptr 33
stack_size 34
init_uc -234
num_of_clause 3
bcp_result UNDEFINE

iter 17
stack_ptr 35
stack_size 36
init_uc -233
num_of_clause 11
bcp_result UNDEFINE

iter 18
stack_ptr 37
stack_size 38
init_uc -232
num_of_clause 8
iter 19
stack_ptr 38
stack_size 41
init_uc -229
num_of_clause 4
iter 20
stack_ptr 39
stack_size 41
init_uc -219
num_of_clause 9
iter 21
stack_ptr 40
stack_size 42
init_uc -196
num_of_clause 5
iter 22
stack_ptr 41
stack_size 44
init_uc -83
num_of_clause 0
iter 23
stack_ptr 42
stack_size 44
init_uc -119
num_of_clause 3
iter 24
stack_ptr 43
stack_size 44
init_uc 211
num_of_clause 6
iter 25
stack_ptr 44
stack_size 45
init_uc 90
num_of_clause 5
iter 26
stack_ptr 45
stack_size 46
init_uc -16
num_of_clause 2
bcp_result UNDEFINE

iter 27
stack_ptr 47
stack_size 48
init_uc -231
num_of_clause 7
iter 28
stack_ptr 48
stack_size 49
init_uc -81
num_of_clause 7
iter 29
stack_ptr 49
stack_size 50
init_uc 225
num_of_clause 8
bcp_result UNDEFINE

iter 30
stack_ptr 51
stack_size 52
init_uc -230
num_of_clause 6
iter 31
stack_ptr 52
stack_size 53
init_uc -187
num_of_clause 10
iter 32
stack_ptr 53
stack_size 54
init_uc 114
num_of_clause 2
bcp_result UNDEFINE

iter 33
stack_ptr 55
stack_size 56
init_uc -228
num_of_clause 9
iter 34
stack_ptr 56
stack_size 57
init_uc 91
num_of_clause 5
bcp_result UNDEFINE

iter 35
stack_ptr 58
stack_size 59
init_uc -227
num_of_clause 9
iter 36
stack_ptr 59
stack_size 60
init_uc -23
num_of_clause 1
bcp_result UNDEFINE

iter 37
stack_ptr 61
stack_size 62
init_uc -226
num_of_clause 7
iter 38
stack_ptr 62
stack_size 64
init_uc 34
num_of_clause 2
iter 39
stack_ptr 63
stack_size 65
init_uc -149
num_of_clause 8
iter 40
stack_ptr 64
stack_size 65
init_uc 148
num_of_clause 6
iter 41
stack_ptr 65
stack_size 66
init_uc -104
num_of_clause 7
iter 42
stack_ptr 66
stack_size 69
init_uc 97
num_of_clause 9
iter 43
stack_ptr 67
stack_size 70
init_uc -170
num_of_clause 2
iter 44
stack_ptr 68
stack_size 70
init_uc 194
num_of_clause 8
iter 45
stack_ptr 69
stack_size 72
init_uc 199
num_of_clause 2
iter 46
stack_ptr 70
stack_size 72
init_uc -37
num_of_clause 8
iter 47
stack_ptr 71
stack_size 73
init_uc -69
num_of_clause 5
iter 48
stack_ptr 72
stack_size 73
init_uc -195
num_of_clause 5
iter 49
stack_ptr 73
stack_size 74
init_uc -59
num_of_clause 5
bcp_result UNDEFINE

iter 50
stack_ptr 75
stack_size 76
init_uc -224
num_of_clause 12
iter 51
stack_ptr 76
stack_size 79
init_uc 88
num_of_clause 9
iter 52
stack_ptr 77
stack_size 81
init_uc -163
num_of_clause 4
iter 53
stack_ptr 78
stack_size 82
init_uc -182
num_of_clause 3
iter 54
stack_ptr 79
stack_size 82
init_uc -181
num_of_clause 9
iter 55
stack_ptr 80
stack_size 83
init_uc 48
num_of_clause 5
iter 56
stack_ptr 81
stack_size 83
init_uc -210
num_of_clause 9
iter 57
stack_ptr 82
stack_size 83
init_uc -62
num_of_clause 5
bcp_result UNDEFINE

iter 58
stack_ptr 84
stack_size 85
init_uc -223
num_of_clause 8
iter 59
stack_ptr 85
stack_size 87
init_uc -40
num_of_clause 6
iter 60
stack_ptr 86
stack_size 87
init_uc -135
num_of_clause 9
iter 61
stack_ptr 87
stack_size 89
init_uc 53
num_of_clause 5
iter 62
stack_ptr 88
stack_size 89
init_uc -201
num_of_clause 6
iter 63
stack_ptr 89
stack_size 90
init_uc 106
num_of_clause 11
iter 64
stack_ptr 90
stack_size 93
init_uc -63
num_of_clause 4
iter 65
stack_ptr 91
stack_size 93
init_uc -57
num_of_clause 7
iter 66
stack_ptr 92
stack_size 95
init_uc 11
num_of_clause 10
iter 67
stack_ptr 93
stack_size 98
init_uc -142
num_of_clause 4
iter 68
stack_ptr 94
stack_size 99
init_uc -205
num_of_clause 4
iter 69
stack_ptr 95
stack_size 99
init_uc -3
num_of_clause 4
iter 70
stack_ptr 96
stack_size 99
init_uc 1
num_of_clause 1
iter 71
stack_ptr 97
stack_size 99
init_uc -112
num_of_clause 6
iter 72
stack_ptr 98
stack_size 100
init_uc -173
num_of_clause 8
iter 73
stack_ptr 99
stack_size 100
init_uc 25
num_of_clause 6
bcp_result UNDEFINE

iter 74
stack_ptr 101
stack_size 102
init_uc -222
num_of_clause 6
bcp_result UNDEFINE

iter 75
stack_ptr 103
stack_size 104
init_uc -221
num_of_clause 7
bcp_result UNDEFINE

iter 76
stack_ptr 105
stack_size 106
init_uc -220
num_of_clause 8
bcp_result UNDEFINE

iter 77
stack_ptr 107
stack_size 108
init_uc -218
num_of_clause 6
iter 78
stack_ptr 108
stack_size 110
init_uc -76
num_of_clause 7
iter 79
stack_ptr 109
stack_size 111
init_uc 186
num_of_clause 4
iter 80
stack_ptr 110
stack_size 112
init_uc -137
num_of_clause 5
iter 81
stack_ptr 111
stack_size 114
init_uc -214
num_of_clause 4
iter 82
stack_ptr 112
stack_size 114
init_uc -19
num_of_clause 8
iter 83
stack_ptr 113
stack_size 116
init_uc 15
num_of_clause 6
iter 84
stack_ptr 114
stack_size 117
init_uc 121
num_of_clause 8
iter 85
stack_ptr 115
stack_size 118
init_uc 172
num_of_clause 8
iter 86
stack_ptr 116
stack_size 120
init_uc -12
num_of_clause 3
iter 87
stack_ptr 117
stack_size 120
init_uc -174
num_of_clause 13
iter 88
stack_ptr 118
stack_size 123
init_uc -41
num_of_clause 6
iter 89
stack_ptr 119
stack_size 125
init_uc 67
num_of_clause 9
iter 90
stack_ptr 120
stack_size 128
init_uc 94
num_of_clause 5
iter 91
stack_ptr 121
stack_size 128
init_uc 18
num_of_clause 3
iter 92
stack_ptr 122
stack_size 128
init_uc 21
num_of_clause 6
iter 93
stack_ptr 123
stack_size 130
init_uc -123
num_of_clause 5
iter 94
stack_ptr 124
stack_size 131
init_uc -124
num_of_clause 6
iter 95
stack_ptr 125
stack_size 131
init_uc -9
num_of_clause 8
iter 96
stack_ptr 126
stack_size 133
init_uc -20
num_of_clause 5
iter 97
stack_ptr 127
stack_size 133
init_uc -176
num_of_clause 7
iter 98
stack_ptr 128
stack_size 135
init_uc -215
num_of_clause 6
iter 99
stack_ptr 129
stack_size 138
init_uc -99
num_of_clause 10
iter 100
stack_ptr 130
stack_size 141
init_uc -55
num_of_clause 4
iter 101
stack_ptr 131
stack_size 141
init_uc -115
num_of_clause 8
iter 102
stack_ptr 132
stack_size 142
init_uc 98
num_of_clause 11
iter 103
stack_ptr 133
stack_size 146
init_uc 101
num_of_clause 5
iter 104
stack_ptr 134
stack_size 147
init_uc -60
num_of_clause 6
iter 105
stack_ptr 135
stack_size 149
init_uc 126
num_of_clause 10
iter 106
stack_ptr 136
stack_size 154
init_uc 138
num_of_clause 3
iter 107
stack_ptr 137
stack_size 156
init_uc 169
num_of_clause 5
iter 108
stack_ptr 138
stack_size 157
init_uc -118
num_of_clause 6
bcp_result Conflict

SATISFIABLE
Overall_Comp_time: 18847502, First_Conflict_Time: 255 us
