bcp_result UNDEFINE

iter 0
stack_ptr 1
stack_size 2
init_uc -300
num_of_clause 6
bcp_result UNDEFINE

iter 1
stack_ptr 3
stack_size 4
init_uc -299
num_of_clause 8
bcp_result UNDEFINE

iter 2
stack_ptr 5
stack_size 6
init_uc -298
num_of_clause 5
bcp_result UNDEFINE

iter 3
stack_ptr 7
stack_size 8
init_uc -297
num_of_clause 7
bcp_result UNDEFINE

iter 4
stack_ptr 9
stack_size 10
init_uc -296
num_of_clause 5
bcp_result UNDEFINE

iter 5
stack_ptr 11
stack_size 12
init_uc -295
num_of_clause 4
bcp_result UNDEFINE

iter 6
stack_ptr 13
stack_size 14
init_uc -294
num_of_clause 3
bcp_result UNDEFINE

iter 7
stack_ptr 15
stack_size 16
init_uc -293
num_of_clause 5
bcp_result UNDEFINE

iter 8
stack_ptr 17
stack_size 18
init_uc -292
num_of_clause 15
iter 9
stack_ptr 18
stack_size 19
init_uc -183
num_of_clause 2
bcp_result UNDEFINE

iter 10
stack_ptr 20
stack_size 21
init_uc -291
num_of_clause 11
bcp_result UNDEFINE

iter 11
stack_ptr 22
stack_size 23
init_uc -290
num_of_clause 10
bcp_result UNDEFINE

iter 12
stack_ptr 24
stack_size 25
init_uc -289
num_of_clause 6
bcp_result UNDEFINE

iter 13
stack_ptr 26
stack_size 27
init_uc -288
num_of_clause 9
bcp_result UNDEFINE

iter 14
stack_ptr 28
stack_size 29
init_uc -287
num_of_clause 2
bcp_result UNDEFINE

iter 15
stack_ptr 30
stack_size 31
init_uc -286
num_of_clause 7
iter 16
stack_ptr 31
stack_size 32
init_uc -76
num_of_clause 11
iter 17
stack_ptr 32
stack_size 33
init_uc -93
num_of_clause 6
bcp_result UNDEFINE

iter 18
stack_ptr 34
stack_size 35
init_uc -285
num_of_clause 5
iter 19
stack_ptr 35
stack_size 36
init_uc 164
num_of_clause 4
bcp_result UNDEFINE

iter 20
stack_ptr 37
stack_size 38
init_uc -284
num_of_clause 4
bcp_result UNDEFINE

iter 21
stack_ptr 39
stack_size 40
init_uc -283
num_of_clause 11
bcp_result UNDEFINE

iter 22
stack_ptr 41
stack_size 42
init_uc -282
num_of_clause 4
iter 23
stack_ptr 42
stack_size 43
init_uc -90
num_of_clause 10
iter 24
stack_ptr 43
stack_size 46
init_uc 136
num_of_clause 4
iter 25
stack_ptr 44
stack_size 47
init_uc 20
num_of_clause 9
iter 26
stack_ptr 45
stack_size 48
init_uc -131
num_of_clause 6
iter 27
stack_ptr 46
stack_size 49
init_uc 202
num_of_clause 3
iter 28
stack_ptr 47
stack_size 49
init_uc 64
num_of_clause 12
iter 29
stack_ptr 48
stack_size 49
init_uc -219
num_of_clause 7
bcp_result UNDEFINE

iter 30
stack_ptr 50
stack_size 51
init_uc -281
num_of_clause 3
bcp_result UNDEFINE

iter 31
stack_ptr 52
stack_size 53
init_uc -280
num_of_clause 5
bcp_result UNDEFINE

iter 32
stack_ptr 54
stack_size 55
init_uc -279
num_of_clause 6
iter 33
stack_ptr 55
stack_size 56
init_uc 154
num_of_clause 3
iter 34
stack_ptr 56
stack_size 57
init_uc -277
num_of_clause 9
iter 35
stack_ptr 57
stack_size 59
init_uc -257
num_of_clause 6
iter 36
stack_ptr 58
stack_size 60
init_uc -178
num_of_clause 7
iter 37
stack_ptr 59
stack_size 60
init_uc -206
num_of_clause 8
bcp_result UNDEFINE

iter 38
stack_ptr 61
stack_size 62
init_uc -278
num_of_clause 8
bcp_result UNDEFINE

iter 39
stack_ptr 63
stack_size 64
init_uc -276
num_of_clause 7
iter 40
stack_ptr 64
stack_size 65
init_uc 263
num_of_clause 5
bcp_result UNDEFINE

iter 41
stack_ptr 66
stack_size 67
init_uc -275
num_of_clause 3
iter 42
stack_ptr 67
stack_size 68
init_uc 165
num_of_clause 2
bcp_result UNDEFINE

iter 43
stack_ptr 69
stack_size 70
init_uc -274
num_of_clause 7
iter 44
stack_ptr 70
stack_size 71
init_uc 46
num_of_clause 4
iter 45
stack_ptr 71
stack_size 72
init_uc -166
num_of_clause 7
bcp_result UNDEFINE

iter 46
stack_ptr 73
stack_size 74
init_uc -273
num_of_clause 5
bcp_result UNDEFINE

iter 47
stack_ptr 75
stack_size 76
init_uc -272
num_of_clause 4
iter 48
stack_ptr 76
stack_size 77
init_uc -119
num_of_clause 4
bcp_result UNDEFINE

iter 49
stack_ptr 78
stack_size 79
init_uc -271
num_of_clause 8
bcp_result UNDEFINE

iter 50
stack_ptr 80
stack_size 81
init_uc -270
num_of_clause 6
iter 51
stack_ptr 81
stack_size 82
init_uc 247
num_of_clause 6
iter 52
stack_ptr 82
stack_size 83
init_uc 104
num_of_clause 1
bcp_result UNDEFINE

iter 53
stack_ptr 84
stack_size 85
init_uc -269
num_of_clause 7
iter 54
stack_ptr 85
stack_size 87
init_uc -149
num_of_clause 3
iter 55
stack_ptr 86
stack_size 87
init_uc 138
num_of_clause 3
bcp_result UNDEFINE

iter 56
stack_ptr 88
stack_size 89
init_uc -268
num_of_clause 8
iter 57
stack_ptr 89
stack_size 90
init_uc -215
num_of_clause 6
bcp_result UNDEFINE

iter 58
stack_ptr 91
stack_size 92
init_uc -267
num_of_clause 5
iter 59
stack_ptr 92
stack_size 93
init_uc -133
num_of_clause 1
bcp_result UNDEFINE

iter 60
stack_ptr 94
stack_size 95
init_uc -266
num_of_clause 3
bcp_result UNDEFINE

iter 61
stack_ptr 96
stack_size 97
init_uc -265
num_of_clause 5
iter 62
stack_ptr 97
stack_size 98
init_uc 83
num_of_clause 8
iter 63
stack_ptr 98
stack_size 99
init_uc -252
num_of_clause 4
iter 64
stack_ptr 99
stack_size 100
init_uc 19
num_of_clause 4
iter 65
stack_ptr 100
stack_size 101
init_uc 117
num_of_clause 11
iter 66
stack_ptr 101
stack_size 103
init_uc 176
num_of_clause 4
iter 67
stack_ptr 102
stack_size 104
init_uc 239
num_of_clause 6
iter 68
stack_ptr 103
stack_size 104
init_uc -102
num_of_clause 4
bcp_result UNDEFINE

iter 69
stack_ptr 105
stack_size 106
init_uc -264
num_of_clause 5
iter 70
stack_ptr 106
stack_size 108
init_uc 28
num_of_clause 9
iter 71
stack_ptr 107
stack_size 111
init_uc -18
num_of_clause 5
iter 72
stack_ptr 108
stack_size 113
init_uc -155
num_of_clause 9
iter 73
stack_ptr 109
stack_size 113
init_uc -167
num_of_clause 4
iter 74
stack_ptr 110
stack_size 113
init_uc 109
num_of_clause 6
iter 75
stack_ptr 111
stack_size 115
init_uc -220
num_of_clause 5
iter 76
stack_ptr 112
stack_size 116
init_uc 192
num_of_clause 4
iter 77
stack_ptr 113
stack_size 117
init_uc 40
num_of_clause 5
iter 78
stack_ptr 114
stack_size 117
init_uc 34
num_of_clause 13
iter 79
stack_ptr 115
stack_size 119
init_uc -208
num_of_clause 5
iter 80
stack_ptr 116
stack_size 120
init_uc 237
num_of_clause 13
iter 81
stack_ptr 117
stack_size 122
init_uc -171
num_of_clause 6
iter 82
stack_ptr 118
stack_size 125
init_uc 129
num_of_clause 6
iter 83
stack_ptr 119
stack_size 125
init_uc -147
num_of_clause 7
iter 84
stack_ptr 120
stack_size 126
init_uc -14
num_of_clause 3
iter 85
stack_ptr 121
stack_size 127
init_uc -45
num_of_clause 7
bcp_result Conflict

UNSATISFIABLE
Overall_Comp_time: 104125212 us, First_Conflict_Time: 181 us
