bcp_result UNDEFINE

iter 0
stack_ptr 1
stack_size 2
init_uc -200
num_of_clause 7
bcp_result UNDEFINE

iter 1
stack_ptr 3
stack_size 4
init_uc -199
num_of_clause 4
bcp_result UNDEFINE

iter 2
stack_ptr 5
stack_size 6
init_uc -198
num_of_clause 1
bcp_result UNDEFINE

iter 3
stack_ptr 7
stack_size 8
init_uc -197
num_of_clause 4
bcp_result UNDEFINE

iter 4
stack_ptr 9
stack_size 10
init_uc -196
num_of_clause 6
bcp_result UNDEFINE

iter 5
stack_ptr 11
stack_size 12
init_uc -195
num_of_clause 8
iter 6
stack_ptr 12
stack_size 13
init_uc -139
num_of_clause 5
bcp_result UNDEFINE

iter 7
stack_ptr 14
stack_size 15
init_uc -194
num_of_clause 8
bcp_result UNDEFINE

iter 8
stack_ptr 16
stack_size 17
init_uc -193
num_of_clause 8
bcp_result UNDEFINE

iter 9
stack_ptr 18
stack_size 19
init_uc -192
num_of_clause 7
bcp_result UNDEFINE

iter 10
stack_ptr 20
stack_size 21
init_uc -191
num_of_clause 9
bcp_result UNDEFINE

iter 11
stack_ptr 22
stack_size 23
init_uc -190
num_of_clause 9
bcp_result UNDEFINE

iter 12
stack_ptr 24
stack_size 25
init_uc -189
num_of_clause 5
bcp_result UNDEFINE

iter 13
stack_ptr 26
stack_size 27
init_uc -188
num_of_clause 7
bcp_result UNDEFINE

iter 14
stack_ptr 28
stack_size 29
init_uc -187
num_of_clause 4
bcp_result UNDEFINE

iter 15
stack_ptr 30
stack_size 31
init_uc -186
num_of_clause 5
iter 16
stack_ptr 31
stack_size 32
init_uc -90
num_of_clause 6
bcp_result UNDEFINE

iter 17
stack_ptr 33
stack_size 34
init_uc -185
num_of_clause 7
bcp_result UNDEFINE

iter 18
stack_ptr 35
stack_size 36
init_uc -184
num_of_clause 8
bcp_result UNDEFINE

iter 19
stack_ptr 37
stack_size 38
init_uc -183
num_of_clause 7
bcp_result UNDEFINE

iter 20
stack_ptr 39
stack_size 40
init_uc -182
num_of_clause 4
bcp_result UNDEFINE

iter 21
stack_ptr 41
stack_size 42
init_uc -181
num_of_clause 8
iter 22
stack_ptr 42
stack_size 43
init_uc 99
num_of_clause 7
bcp_result UNDEFINE

iter 23
stack_ptr 44
stack_size 45
init_uc -180
num_of_clause 9
iter 24
stack_ptr 45
stack_size 47
init_uc -125
num_of_clause 3
iter 25
stack_ptr 46
stack_size 47
init_uc 79
num_of_clause 4
bcp_result UNDEFINE

iter 26
stack_ptr 48
stack_size 49
init_uc -179
num_of_clause 5
bcp_result UNDEFINE

iter 27
stack_ptr 50
stack_size 51
init_uc -178
num_of_clause 4
iter 28
stack_ptr 51
stack_size 52
init_uc 115
num_of_clause 4
iter 29
stack_ptr 52
stack_size 53
init_uc 160
num_of_clause 6
bcp_result UNDEFINE

iter 30
stack_ptr 54
stack_size 55
init_uc -177
num_of_clause 7
iter 31
stack_ptr 55
stack_size 56
init_uc 54
num_of_clause 10
bcp_result UNDEFINE

iter 32
stack_ptr 57
stack_size 58
init_uc -176
num_of_clause 2
bcp_result UNDEFINE

iter 33
stack_ptr 59
stack_size 60
init_uc -175
num_of_clause 7
bcp_result UNDEFINE

iter 34
stack_ptr 61
stack_size 62
init_uc -174
num_of_clause 8
iter 35
stack_ptr 62
stack_size 63
init_uc 31
num_of_clause 3
bcp_result UNDEFINE

iter 36
stack_ptr 64
stack_size 65
init_uc -173
num_of_clause 6
bcp_result UNDEFINE

iter 37
stack_ptr 66
stack_size 67
init_uc -172
num_of_clause 4
bcp_result UNDEFINE

iter 38
stack_ptr 68
stack_size 69
init_uc -171
num_of_clause 7
iter 39
stack_ptr 69
stack_size 70
init_uc 168
num_of_clause 2
bcp_result UNDEFINE

iter 40
stack_ptr 71
stack_size 72
init_uc -170
num_of_clause 8
iter 41
stack_ptr 72
stack_size 73
init_uc -101
num_of_clause 4
bcp_result UNDEFINE

iter 42
stack_ptr 74
stack_size 75
init_uc -169
num_of_clause 6
iter 43
stack_ptr 75
stack_size 77
init_uc -62
num_of_clause 5
iter 44
stack_ptr 76
stack_size 77
init_uc 110
num_of_clause 8
iter 45
stack_ptr 77
stack_size 78
init_uc 158
num_of_clause 6
bcp_result UNDEFINE

iter 46
stack_ptr 79
stack_size 80
init_uc -167
num_of_clause 3
iter 47
stack_ptr 80
stack_size 81
init_uc -19
num_of_clause 9
iter 48
stack_ptr 81
stack_size 82
init_uc 59
num_of_clause 6
bcp_result UNDEFINE

iter 49
stack_ptr 83
stack_size 84
init_uc -166
num_of_clause 10
iter 50
stack_ptr 84
stack_size 86
init_uc -65
num_of_clause 10
iter 51
stack_ptr 85
stack_size 90
init_uc 46
num_of_clause 10
iter 52
stack_ptr 86
stack_size 93
init_uc 133
num_of_clause 8
iter 53
stack_ptr 87
stack_size 96
init_uc -151
num_of_clause 3
iter 54
stack_ptr 88
stack_size 97
init_uc 52
num_of_clause 5
iter 55
stack_ptr 89
stack_size 97
init_uc 163
num_of_clause 3
iter 56
stack_ptr 90
stack_size 98
init_uc -102
num_of_clause 7
iter 57
stack_ptr 91
stack_size 100
init_uc 25
num_of_clause 3
iter 58
stack_ptr 92
stack_size 100
init_uc 119
num_of_clause 8
iter 59
stack_ptr 93
stack_size 101
init_uc 86
num_of_clause 5
iter 60
stack_ptr 94
stack_size 101
init_uc 72
num_of_clause 7
iter 61
stack_ptr 95
stack_size 102
init_uc 73
num_of_clause 8
iter 62
stack_ptr 96
stack_size 104
init_uc 136
num_of_clause 9
iter 63
stack_ptr 97
stack_size 106
init_uc 121
num_of_clause 10
iter 64
stack_ptr 98
stack_size 108
init_uc 7
num_of_clause 3
iter 65
stack_ptr 99
stack_size 108
init_uc 64
num_of_clause 6
iter 66
stack_ptr 100
stack_size 110
init_uc 132
num_of_clause 8
iter 67
stack_ptr 101
stack_size 112
init_uc 140
num_of_clause 7
iter 68
stack_ptr 102
stack_size 114
init_uc 83
num_of_clause 3
iter 69
stack_ptr 103
stack_size 115
init_uc 30
num_of_clause 3
iter 70
stack_ptr 104
stack_size 117
init_uc -156
num_of_clause 10
iter 71
stack_ptr 105
stack_size 121
init_uc 159
num_of_clause 2
iter 72
stack_ptr 106
stack_size 121
init_uc -85
num_of_clause 11
bcp_result Conflict

SATISFIABLE
Overall_Comp_time: 387648, First_Conflict_Time: 259 us
