bcp_result UNDEFINE

iter 0
stack_ptr 1
stack_size 2
init_uc -100
num_of_clause 9
bcp_result UNDEFINE

iter 1
stack_ptr 3
stack_size 4
init_uc -99
num_of_clause 5
bcp_result UNDEFINE

iter 2
stack_ptr 5
stack_size 6
init_uc -98
num_of_clause 5
bcp_result UNDEFINE

iter 3
stack_ptr 7
stack_size 8
init_uc -97
num_of_clause 4
bcp_result UNDEFINE

iter 4
stack_ptr 9
stack_size 10
init_uc -96
num_of_clause 7
bcp_result UNDEFINE

iter 5
stack_ptr 11
stack_size 12
init_uc -95
num_of_clause 9
bcp_result UNDEFINE

iter 6
stack_ptr 13
stack_size 14
init_uc -94
num_of_clause 9
bcp_result UNDEFINE

iter 7
stack_ptr 15
stack_size 16
init_uc -93
num_of_clause 3
bcp_result UNDEFINE

iter 8
stack_ptr 17
stack_size 18
init_uc -92
num_of_clause 8
iter 9
stack_ptr 18
stack_size 19
init_uc -39
num_of_clause 8
bcp_result UNDEFINE

iter 10
stack_ptr 20
stack_size 21
init_uc -91
num_of_clause 5
bcp_result UNDEFINE

iter 11
stack_ptr 22
stack_size 23
init_uc -90
num_of_clause 7
iter 12
stack_ptr 23
stack_size 24
init_uc 2
num_of_clause 7
bcp_result UNDEFINE

iter 13
stack_ptr 25
stack_size 26
init_uc -89
num_of_clause 7
iter 14
stack_ptr 26
stack_size 27
init_uc -55
num_of_clause 6
bcp_result UNDEFINE

iter 15
stack_ptr 28
stack_size 29
init_uc -88
num_of_clause 7
iter 16
stack_ptr 29
stack_size 31
init_uc 6
num_of_clause 5
iter 17
stack_ptr 30
stack_size 31
init_uc -16
num_of_clause 4
iter 18
stack_ptr 31
stack_size 32
init_uc -41
num_of_clause 7
iter 19
stack_ptr 32
stack_size 33
init_uc -51
num_of_clause 7
iter 20
stack_ptr 33
stack_size 34
init_uc -28
num_of_clause 4
bcp_result UNDEFINE

iter 21
stack_ptr 35
stack_size 36
init_uc -87
num_of_clause 7
iter 22
stack_ptr 36
stack_size 37
init_uc -52
num_of_clause 3
bcp_result UNDEFINE

iter 23
stack_ptr 38
stack_size 39
init_uc -86
num_of_clause 7
iter 24
stack_ptr 39
stack_size 40
init_uc 50
num_of_clause 4
iter 25
stack_ptr 40
stack_size 41
init_uc -62
num_of_clause 5
bcp_result UNDEFINE

iter 26
stack_ptr 42
stack_size 43
init_uc -85
num_of_clause 3
iter 27
stack_ptr 43
stack_size 44
init_uc 48
num_of_clause 6
iter 28
stack_ptr 44
stack_size 45
init_uc 63
num_of_clause 8
iter 29
stack_ptr 45
stack_size 50
init_uc 7
num_of_clause 2
iter 30
stack_ptr 46
stack_size 51
init_uc 38
num_of_clause 3
iter 31
stack_ptr 47
stack_size 53
init_uc -25
num_of_clause 7
iter 32
stack_ptr 48
stack_size 54
init_uc 66
num_of_clause 5
iter 33
stack_ptr 49
stack_size 56
init_uc 20
num_of_clause 9
iter 34
stack_ptr 50
stack_size 57
init_uc 53
num_of_clause 3
iter 35
stack_ptr 51
stack_size 57
init_uc 61
num_of_clause 5
iter 36
stack_ptr 52
stack_size 58
init_uc -23
num_of_clause 2
iter 37
stack_ptr 53
stack_size 58
init_uc -43
num_of_clause 12
iter 38
stack_ptr 54
stack_size 59
init_uc -27
num_of_clause 8
iter 39
stack_ptr 55
stack_size 62
init_uc 68
num_of_clause 6
iter 40
stack_ptr 56
stack_size 62
init_uc -9
num_of_clause 9
iter 41
stack_ptr 57
stack_size 63
init_uc -29
num_of_clause 8
iter 42
stack_ptr 58
stack_size 65
init_uc 45
num_of_clause 4
bcp_result Conflict

SATISFIABLE
Overall_Comp_time: 4255, First_Conflict_Time: 88 us
