bcp_result UNDEFINE

iter 0
stack_ptr 1
stack_size 2
init_uc -150
num_of_clause 3
bcp_result UNDEFINE

iter 1
stack_ptr 3
stack_size 4
init_uc -149
num_of_clause 7
bcp_result UNDEFINE

iter 2
stack_ptr 5
stack_size 6
init_uc -148
num_of_clause 10
bcp_result UNDEFINE

iter 3
stack_ptr 7
stack_size 8
init_uc -147
num_of_clause 10
bcp_result UNDEFINE

iter 4
stack_ptr 9
stack_size 10
init_uc -146
num_of_clause 6
bcp_result UNDEFINE

iter 5
stack_ptr 11
stack_size 12
init_uc -145
num_of_clause 4
bcp_result UNDEFINE

iter 6
stack_ptr 13
stack_size 14
init_uc -144
num_of_clause 4
iter 7
stack_ptr 14
stack_size 15
init_uc 133
num_of_clause 6
bcp_result UNDEFINE

iter 8
stack_ptr 16
stack_size 17
init_uc -143
num_of_clause 4
bcp_result UNDEFINE

iter 9
stack_ptr 18
stack_size 19
init_uc -142
num_of_clause 9
iter 10
stack_ptr 19
stack_size 21
init_uc -9
num_of_clause 5
iter 11
stack_ptr 20
stack_size 22
init_uc -111
num_of_clause 5
iter 12
stack_ptr 21
stack_size 22
init_uc -88
num_of_clause 11
bcp_result UNDEFINE

iter 13
stack_ptr 23
stack_size 24
init_uc -141
num_of_clause 8
bcp_result UNDEFINE

iter 14
stack_ptr 25
stack_size 26
init_uc -140
num_of_clause 7
bcp_result UNDEFINE

iter 15
stack_ptr 27
stack_size 28
init_uc -139
num_of_clause 8
bcp_result UNDEFINE

iter 16
stack_ptr 29
stack_size 30
init_uc -138
num_of_clause 5
iter 17
stack_ptr 30
stack_size 32
init_uc 128
num_of_clause 4
iter 18
stack_ptr 31
stack_size 33
init_uc 58
num_of_clause 13
iter 19
stack_ptr 32
stack_size 34
init_uc 94
num_of_clause 6
iter 20
stack_ptr 33
stack_size 35
init_uc 20
num_of_clause 6
iter 21
stack_ptr 34
stack_size 37
init_uc -76
num_of_clause 5
iter 22
stack_ptr 35
stack_size 39
init_uc 30
num_of_clause 5
iter 23
stack_ptr 36
stack_size 41
init_uc 104
num_of_clause 9
iter 24
stack_ptr 37
stack_size 44
init_uc 62
num_of_clause 4
iter 25
stack_ptr 38
stack_size 45
init_uc 71
num_of_clause 5
iter 26
stack_ptr 39
stack_size 45
init_uc 75
num_of_clause 3
iter 27
stack_ptr 40
stack_size 45
init_uc -61
num_of_clause 11
iter 28
stack_ptr 41
stack_size 45
init_uc 126
num_of_clause 11
iter 29
stack_ptr 42
stack_size 46
init_uc 97
num_of_clause 7
iter 30
stack_ptr 43
stack_size 46
init_uc 103
num_of_clause 4
iter 31
stack_ptr 44
stack_size 47
init_uc -91
num_of_clause 8
iter 32
stack_ptr 45
stack_size 47
init_uc -43
num_of_clause 5
iter 33
stack_ptr 46
stack_size 49
init_uc 101
num_of_clause 8
iter 34
stack_ptr 47
stack_size 50
init_uc 11
num_of_clause 7
iter 35
stack_ptr 48
stack_size 53
init_uc 95
num_of_clause 4
iter 36
stack_ptr 49
stack_size 53
init_uc -29
num_of_clause 3
iter 37
stack_ptr 50
stack_size 53
init_uc -124
num_of_clause 1
iter 38
stack_ptr 51
stack_size 53
init_uc 2
num_of_clause 3
iter 39
stack_ptr 52
stack_size 53
init_uc -116
num_of_clause 12
iter 40
stack_ptr 53
stack_size 55
init_uc -64
num_of_clause 10
iter 41
stack_ptr 54
stack_size 56
init_uc 90
num_of_clause 3
iter 42
stack_ptr 55
stack_size 56
init_uc 67
num_of_clause 3
iter 43
stack_ptr 56
stack_size 57
init_uc -81
num_of_clause 8
iter 44
stack_ptr 57
stack_size 59
init_uc -19
num_of_clause 10
iter 45
stack_ptr 58
stack_size 60
init_uc 92
num_of_clause 7
iter 46
stack_ptr 59
stack_size 62
init_uc -102
num_of_clause 4
iter 47
stack_ptr 60
stack_size 63
init_uc 110
num_of_clause 8
iter 48
stack_ptr 61
stack_size 66
init_uc 118
num_of_clause 10
iter 49
stack_ptr 62
stack_size 67
init_uc -119
num_of_clause 8
iter 50
stack_ptr 63
stack_size 70
init_uc 73
num_of_clause 8
iter 51
stack_ptr 64
stack_size 72
init_uc 60
num_of_clause 6
iter 52
stack_ptr 65
stack_size 73
init_uc 86
num_of_clause 5
iter 53
stack_ptr 66
stack_size 73
init_uc 84
num_of_clause 11
iter 54
stack_ptr 67
stack_size 74
init_uc 78
num_of_clause 4
iter 55
stack_ptr 68
stack_size 75
init_uc -28
num_of_clause 5
iter 56
stack_ptr 69
stack_size 76
init_uc -24
num_of_clause 7
iter 57
stack_ptr 70
stack_size 78
init_uc -100
num_of_clause 7
iter 58
stack_ptr 71
stack_size 79
init_uc 137
num_of_clause 7
iter 59
stack_ptr 72
stack_size 80
init_uc -37
num_of_clause 3
iter 60
stack_ptr 73
stack_size 81
init_uc 132
num_of_clause 8
iter 61
stack_ptr 74
stack_size 82
init_uc 83
num_of_clause 5
iter 62
stack_ptr 75
stack_size 86
init_uc 32
num_of_clause 2
iter 63
stack_ptr 76
stack_size 87
init_uc -36
num_of_clause 5
iter 64
stack_ptr 77
stack_size 88
init_uc 56
num_of_clause 7
iter 65
stack_ptr 78
stack_size 89
init_uc 82
num_of_clause 2
iter 66
stack_ptr 79
stack_size 89
init_uc 108
num_of_clause 3
iter 67
stack_ptr 80
stack_size 89
init_uc 3
num_of_clause 8
iter 68
stack_ptr 81
stack_size 92
init_uc 99
num_of_clause 4
iter 69
stack_ptr 82
stack_size 94
init_uc 72
num_of_clause 10
iter 70
stack_ptr 83
stack_size 99
init_uc -130
num_of_clause 6
iter 71
stack_ptr 84
stack_size 101
init_uc -34
num_of_clause 7
iter 72
stack_ptr 85
stack_size 103
init_uc -6
num_of_clause 5
iter 73
stack_ptr 86
stack_size 104
init_uc 50
num_of_clause 5
iter 74
stack_ptr 87
stack_size 107
init_uc 85
num_of_clause 3
iter 75
stack_ptr 88
stack_size 107
init_uc 115
num_of_clause 4
iter 76
stack_ptr 89
stack_size 107
init_uc -74
num_of_clause 6
iter 77
stack_ptr 90
stack_size 108
init_uc 89
num_of_clause 9
iter 78
stack_ptr 91
stack_size 109
init_uc 129
num_of_clause 2
iter 79
stack_ptr 92
stack_size 109
init_uc 77
num_of_clause 3
iter 80
stack_ptr 93
stack_size 109
init_uc 123
num_of_clause 2
iter 81
stack_ptr 94
stack_size 109
init_uc 55
num_of_clause 8
iter 82
stack_ptr 95
stack_size 110
init_uc 98
num_of_clause 9
iter 83
stack_ptr 96
stack_size 111
init_uc -114
num_of_clause 5
iter 84
stack_ptr 97
stack_size 112
init_uc -17
num_of_clause 7
iter 85
stack_ptr 98
stack_size 113
init_uc 15
num_of_clause 3
iter 86
stack_ptr 99
stack_size 114
init_uc 57
num_of_clause 8
iter 87
stack_ptr 100
stack_size 114
init_uc 5
num_of_clause 8
iter 88
stack_ptr 101
stack_size 118
init_uc -45
num_of_clause 5
iter 89
stack_ptr 102
stack_size 118
init_uc 22
num_of_clause 5
bcp_result Conflict

UNSATISFIABLE
Overall_Comp_time: 236833 us, First_Conflict_Time: 757 us
