bcp_result UNDEFINE

iter 0
stack_ptr 1
stack_size 2
init_uc -150
num_of_clause 6
bcp_result UNDEFINE

iter 1
stack_ptr 3
stack_size 4
init_uc -149
num_of_clause 6
bcp_result UNDEFINE

iter 2
stack_ptr 5
stack_size 6
init_uc -148
num_of_clause 6
bcp_result UNDEFINE

iter 3
stack_ptr 7
stack_size 8
init_uc -147
num_of_clause 10
bcp_result UNDEFINE

iter 4
stack_ptr 9
stack_size 10
init_uc -146
num_of_clause 7
bcp_result UNDEFINE

iter 5
stack_ptr 11
stack_size 12
init_uc -145
num_of_clause 10
bcp_result UNDEFINE

iter 6
stack_ptr 13
stack_size 14
init_uc -144
num_of_clause 4
bcp_result UNDEFINE

iter 7
stack_ptr 15
stack_size 16
init_uc -143
num_of_clause 4
bcp_result UNDEFINE

iter 8
stack_ptr 17
stack_size 18
init_uc -142
num_of_clause 11
bcp_result UNDEFINE

iter 9
stack_ptr 19
stack_size 20
init_uc -141
num_of_clause 6
iter 10
stack_ptr 20
stack_size 21
init_uc 114
num_of_clause 5
bcp_result UNDEFINE

iter 11
stack_ptr 22
stack_size 23
init_uc -140
num_of_clause 6
bcp_result UNDEFINE

iter 12
stack_ptr 24
stack_size 25
init_uc -139
num_of_clause 6
bcp_result UNDEFINE

iter 13
stack_ptr 26
stack_size 27
init_uc -138
num_of_clause 8
bcp_result UNDEFINE

iter 14
stack_ptr 28
stack_size 29
init_uc -137
num_of_clause 11
iter 15
stack_ptr 29
stack_size 30
init_uc -7
num_of_clause 6
bcp_result UNDEFINE

iter 16
stack_ptr 31
stack_size 32
init_uc -136
num_of_clause 11
iter 17
stack_ptr 32
stack_size 33
init_uc -13
num_of_clause 6
iter 18
stack_ptr 33
stack_size 36
init_uc -120
num_of_clause 6
iter 19
stack_ptr 34
stack_size 38
init_uc -74
num_of_clause 6
iter 20
stack_ptr 35
stack_size 38
init_uc 37
num_of_clause 9
iter 21
stack_ptr 36
stack_size 39
init_uc 108
num_of_clause 7
iter 22
stack_ptr 37
stack_size 40
init_uc 95
num_of_clause 3
iter 23
stack_ptr 38
stack_size 41
init_uc -3
num_of_clause 2
iter 24
stack_ptr 39
stack_size 42
init_uc -9
num_of_clause 6
iter 25
stack_ptr 40
stack_size 43
init_uc -36
num_of_clause 5
iter 26
stack_ptr 41
stack_size 43
init_uc 53
num_of_clause 7
iter 27
stack_ptr 42
stack_size 43
init_uc -79
num_of_clause 3
bcp_result UNDEFINE

iter 28
stack_ptr 44
stack_size 45
init_uc -135
num_of_clause 5
bcp_result UNDEFINE

iter 29
stack_ptr 46
stack_size 47
init_uc -134
num_of_clause 5
bcp_result UNDEFINE

iter 30
stack_ptr 48
stack_size 49
init_uc -133
num_of_clause 11
iter 31
stack_ptr 49
stack_size 53
init_uc 14
num_of_clause 7
iter 32
stack_ptr 50
stack_size 55
init_uc 24
num_of_clause 8
iter 33
stack_ptr 51
stack_size 56
init_uc 66
num_of_clause 6
iter 34
stack_ptr 52
stack_size 57
init_uc 132
num_of_clause 5
iter 35
stack_ptr 53
stack_size 59
init_uc 72
num_of_clause 4
iter 36
stack_ptr 54
stack_size 60
init_uc 123
num_of_clause 9
iter 37
stack_ptr 55
stack_size 61
init_uc 46
num_of_clause 2
iter 38
stack_ptr 56
stack_size 62
init_uc -11
num_of_clause 4
iter 39
stack_ptr 57
stack_size 64
init_uc 23
num_of_clause 8
iter 40
stack_ptr 58
stack_size 67
init_uc 94
num_of_clause 5
iter 41
stack_ptr 59
stack_size 68
init_uc -64
num_of_clause 7
bcp_result Conflict

SATISFIABLE
Overall_Comp_time: 116270, First_Conflict_Time: 116 us
