bcp_result UNDEFINE

iter 0
stack_ptr 1
stack_size 2
init_uc -200
num_of_clause 7
bcp_result UNDEFINE

iter 1
stack_ptr 3
stack_size 4
init_uc -199
num_of_clause 6
bcp_result UNDEFINE

iter 2
stack_ptr 5
stack_size 6
init_uc -198
num_of_clause 6
bcp_result UNDEFINE

iter 3
stack_ptr 7
stack_size 8
init_uc -197
num_of_clause 8
bcp_result UNDEFINE

iter 4
stack_ptr 9
stack_size 10
init_uc -196
num_of_clause 7
bcp_result UNDEFINE

iter 5
stack_ptr 11
stack_size 12
init_uc -195
num_of_clause 8
bcp_result UNDEFINE

iter 6
stack_ptr 13
stack_size 14
init_uc -194
num_of_clause 5
bcp_result UNDEFINE

iter 7
stack_ptr 15
stack_size 16
init_uc -193
num_of_clause 9
iter 8
stack_ptr 16
stack_size 17
init_uc -22
num_of_clause 5
bcp_result UNDEFINE

iter 9
stack_ptr 18
stack_size 19
init_uc -192
num_of_clause 4
iter 10
stack_ptr 19
stack_size 20
init_uc 123
num_of_clause 5
bcp_result UNDEFINE

iter 11
stack_ptr 21
stack_size 22
init_uc -191
num_of_clause 6
bcp_result UNDEFINE

iter 12
stack_ptr 23
stack_size 24
init_uc -190
num_of_clause 6
bcp_result UNDEFINE

iter 13
stack_ptr 25
stack_size 26
init_uc -189
num_of_clause 5
bcp_result UNDEFINE

iter 14
stack_ptr 27
stack_size 28
init_uc -188
num_of_clause 5
bcp_result UNDEFINE

iter 15
stack_ptr 29
stack_size 30
init_uc -187
num_of_clause 3
bcp_result UNDEFINE

iter 16
stack_ptr 31
stack_size 32
init_uc -186
num_of_clause 7
iter 17
stack_ptr 32
stack_size 33
init_uc 53
num_of_clause 6
iter 18
stack_ptr 33
stack_size 34
init_uc 95
num_of_clause 4
iter 19
stack_ptr 34
stack_size 36
init_uc 70
num_of_clause 7
iter 20
stack_ptr 35
stack_size 37
init_uc 3
num_of_clause 2
iter 21
stack_ptr 36
stack_size 37
init_uc -33
num_of_clause 8
bcp_result UNDEFINE

iter 22
stack_ptr 38
stack_size 39
init_uc -185
num_of_clause 4
bcp_result UNDEFINE

iter 23
stack_ptr 40
stack_size 41
init_uc -184
num_of_clause 12
bcp_result UNDEFINE

iter 24
stack_ptr 42
stack_size 43
init_uc -183
num_of_clause 7
iter 25
stack_ptr 43
stack_size 46
init_uc 67
num_of_clause 7
iter 26
stack_ptr 44
stack_size 46
init_uc 24
num_of_clause 3
iter 27
stack_ptr 45
stack_size 46
init_uc 143
num_of_clause 7
bcp_result UNDEFINE

iter 28
stack_ptr 47
stack_size 48
init_uc -182
num_of_clause 8
iter 29
stack_ptr 48
stack_size 49
init_uc -23
num_of_clause 5
iter 30
stack_ptr 49
stack_size 51
init_uc -92
num_of_clause 9
iter 31
stack_ptr 50
stack_size 51
init_uc 91
num_of_clause 9
iter 32
stack_ptr 51
stack_size 53
init_uc 13
num_of_clause 5
iter 33
stack_ptr 52
stack_size 53
init_uc 181
num_of_clause 3
iter 34
stack_ptr 53
stack_size 55
init_uc 96
num_of_clause 3
iter 35
stack_ptr 54
stack_size 55
init_uc -141
num_of_clause 4
iter 36
stack_ptr 55
stack_size 56
init_uc 28
num_of_clause 7
iter 37
stack_ptr 56
stack_size 58
init_uc -169
num_of_clause 6
iter 38
stack_ptr 57
stack_size 58
init_uc -14
num_of_clause 7
bcp_result UNDEFINE

iter 39
stack_ptr 59
stack_size 60
init_uc -180
num_of_clause 4
bcp_result UNDEFINE

iter 40
stack_ptr 61
stack_size 62
init_uc -179
num_of_clause 6
iter 41
stack_ptr 62
stack_size 63
init_uc -76
num_of_clause 7
iter 42
stack_ptr 63
stack_size 64
init_uc -146
num_of_clause 6
iter 43
stack_ptr 64
stack_size 65
init_uc 36
num_of_clause 6
iter 44
stack_ptr 65
stack_size 66
init_uc -38
num_of_clause 7
iter 45
stack_ptr 66
stack_size 69
init_uc 118
num_of_clause 5
iter 46
stack_ptr 67
stack_size 70
init_uc 101
num_of_clause 10
iter 47
stack_ptr 68
stack_size 71
init_uc 26
num_of_clause 7
iter 48
stack_ptr 69
stack_size 72
init_uc 32
num_of_clause 8
iter 49
stack_ptr 70
stack_size 73
init_uc 12
num_of_clause 6
iter 50
stack_ptr 71
stack_size 75
init_uc 98
num_of_clause 10
iter 51
stack_ptr 72
stack_size 79
init_uc -135
num_of_clause 10
iter 52
stack_ptr 73
stack_size 82
init_uc -2
num_of_clause 7
iter 53
stack_ptr 74
stack_size 82
init_uc 126
num_of_clause 4
iter 54
stack_ptr 75
stack_size 84
init_uc 160
num_of_clause 3
iter 55
stack_ptr 76
stack_size 85
init_uc -5
num_of_clause 4
iter 56
stack_ptr 77
stack_size 86
init_uc 116
num_of_clause 3
iter 57
stack_ptr 78
stack_size 87
init_uc 107
num_of_clause 8
iter 58
stack_ptr 79
stack_size 88
init_uc 19
num_of_clause 2
iter 59
stack_ptr 80
stack_size 88
init_uc 75
num_of_clause 7
iter 60
stack_ptr 81
stack_size 89
init_uc -65
num_of_clause 6
iter 61
stack_ptr 82
stack_size 90
init_uc -129
num_of_clause 7
bcp_result Conflict

UNSATISFIABLE
Overall_Comp_time: 809484 us, First_Conflict_Time: 245 us
