bcp_result UNDEFINE

iter 0
stack_ptr 1
stack_size 2
init_uc -250
num_of_clause 3
bcp_result UNDEFINE

iter 1
stack_ptr 3
stack_size 4
init_uc -249
num_of_clause 9
bcp_result UNDEFINE

iter 2
stack_ptr 5
stack_size 6
init_uc -248
num_of_clause 4
bcp_result UNDEFINE

iter 3
stack_ptr 7
stack_size 8
init_uc -247
num_of_clause 8
iter 4
stack_ptr 8
stack_size 9
init_uc 90
num_of_clause 9
bcp_result UNDEFINE

iter 5
stack_ptr 10
stack_size 11
init_uc -246
num_of_clause 10
bcp_result UNDEFINE

iter 6
stack_ptr 12
stack_size 13
init_uc -245
num_of_clause 6
bcp_result UNDEFINE

iter 7
stack_ptr 14
stack_size 15
init_uc -244
num_of_clause 8
bcp_result UNDEFINE

iter 8
stack_ptr 16
stack_size 17
init_uc -243
num_of_clause 5
bcp_result UNDEFINE

iter 9
stack_ptr 18
stack_size 19
init_uc -242
num_of_clause 7
bcp_result UNDEFINE

iter 10
stack_ptr 20
stack_size 21
init_uc -241
num_of_clause 7
bcp_result UNDEFINE

iter 11
stack_ptr 22
stack_size 23
init_uc -240
num_of_clause 5
iter 12
stack_ptr 23
stack_size 24
init_uc -207
num_of_clause 3
iter 13
stack_ptr 24
stack_size 25
init_uc 184
num_of_clause 5
bcp_result UNDEFINE

iter 14
stack_ptr 26
stack_size 27
init_uc -239
num_of_clause 13
iter 15
stack_ptr 27
stack_size 28
init_uc 89
num_of_clause 7
bcp_result UNDEFINE

iter 16
stack_ptr 29
stack_size 30
init_uc -238
num_of_clause 6
bcp_result UNDEFINE

iter 17
stack_ptr 31
stack_size 32
init_uc -237
num_of_clause 4
bcp_result UNDEFINE

iter 18
stack_ptr 33
stack_size 34
init_uc -236
num_of_clause 4
bcp_result UNDEFINE

iter 19
stack_ptr 35
stack_size 36
init_uc -235
num_of_clause 9
bcp_result UNDEFINE

iter 20
stack_ptr 37
stack_size 38
init_uc -234
num_of_clause 5
bcp_result UNDEFINE

iter 21
stack_ptr 39
stack_size 40
init_uc -233
num_of_clause 8
bcp_result UNDEFINE

iter 22
stack_ptr 41
stack_size 42
init_uc -232
num_of_clause 7
bcp_result UNDEFINE

iter 23
stack_ptr 43
stack_size 44
init_uc -231
num_of_clause 7
iter 24
stack_ptr 44
stack_size 46
init_uc -87
num_of_clause 7
iter 25
stack_ptr 45
stack_size 46
init_uc 163
num_of_clause 8
iter 26
stack_ptr 46
stack_size 47
init_uc -59
num_of_clause 4
bcp_result UNDEFINE

iter 27
stack_ptr 48
stack_size 49
init_uc -230
num_of_clause 6
iter 28
stack_ptr 49
stack_size 51
init_uc -67
num_of_clause 8
iter 29
stack_ptr 50
stack_size 53
init_uc 52
num_of_clause 10
iter 30
stack_ptr 51
stack_size 54
init_uc 22
num_of_clause 9
iter 31
stack_ptr 52
stack_size 55
init_uc 88
num_of_clause 6
iter 32
stack_ptr 53
stack_size 55
init_uc -78
num_of_clause 7
iter 33
stack_ptr 54
stack_size 55
init_uc 3
num_of_clause 8
iter 34
stack_ptr 55
stack_size 57
init_uc 209
num_of_clause 5
iter 35
stack_ptr 56
stack_size 58
init_uc 5
num_of_clause 6
iter 36
stack_ptr 57
stack_size 58
init_uc -162
num_of_clause 6
iter 37
stack_ptr 58
stack_size 59
init_uc -201
num_of_clause 4
bcp_result UNDEFINE

iter 38
stack_ptr 60
stack_size 61
init_uc -229
num_of_clause 5
iter 39
stack_ptr 61
stack_size 62
init_uc 18
num_of_clause 9
bcp_result UNDEFINE

iter 40
stack_ptr 63
stack_size 64
init_uc -228
num_of_clause 7
iter 41
stack_ptr 64
stack_size 66
init_uc -153
num_of_clause 6
iter 42
stack_ptr 65
stack_size 66
init_uc 71
num_of_clause 5
iter 43
stack_ptr 66
stack_size 67
init_uc -72
num_of_clause 8
iter 44
stack_ptr 67
stack_size 69
init_uc 224
num_of_clause 11
iter 45
stack_ptr 68
stack_size 73
init_uc -85
num_of_clause 8
iter 46
stack_ptr 69
stack_size 73
init_uc -199
num_of_clause 10
iter 47
stack_ptr 70
stack_size 73
init_uc 92
num_of_clause 5
iter 48
stack_ptr 71
stack_size 73
init_uc -27
num_of_clause 2
iter 49
stack_ptr 72
stack_size 74
init_uc -48
num_of_clause 4
iter 50
stack_ptr 73
stack_size 75
init_uc 211
num_of_clause 7
iter 51
stack_ptr 74
stack_size 78
init_uc 164
num_of_clause 5
iter 52
stack_ptr 75
stack_size 78
init_uc -70
num_of_clause 4
iter 53
stack_ptr 76
stack_size 79
init_uc 21
num_of_clause 8
iter 54
stack_ptr 77
stack_size 81
init_uc 118
num_of_clause 6
iter 55
stack_ptr 78
stack_size 82
init_uc 50
num_of_clause 7
iter 56
stack_ptr 79
stack_size 85
init_uc -32
num_of_clause 10
iter 57
stack_ptr 80
stack_size 86
init_uc 133
num_of_clause 2
iter 58
stack_ptr 81
stack_size 87
init_uc 185
num_of_clause 7
iter 59
stack_ptr 82
stack_size 88
init_uc 130
num_of_clause 6
iter 60
stack_ptr 83
stack_size 90
init_uc -108
num_of_clause 1
iter 61
stack_ptr 84
stack_size 90
init_uc -183
num_of_clause 6
iter 62
stack_ptr 85
stack_size 91
init_uc 168
num_of_clause 8
iter 63
stack_ptr 86
stack_size 92
init_uc 60
num_of_clause 9
iter 64
stack_ptr 87
stack_size 93
init_uc 31
num_of_clause 0
iter 65
stack_ptr 88
stack_size 93
init_uc -150
num_of_clause 7
iter 66
stack_ptr 89
stack_size 95
init_uc 134
num_of_clause 7
iter 67
stack_ptr 90
stack_size 96
init_uc -97
num_of_clause 8
iter 68
stack_ptr 91
stack_size 98
init_uc 10
num_of_clause 6
bcp_result Conflict

SATISFIABLE
Overall_Comp_time: 7814402, First_Conflict_Time: 243 us
