bcp_result UNDEFINE

iter 0
stack_ptr 1
stack_size 2
init_uc -200
num_of_clause 13
bcp_result UNDEFINE

iter 1
stack_ptr 3
stack_size 4
init_uc -199
num_of_clause 5
bcp_result UNDEFINE

iter 2
stack_ptr 5
stack_size 6
init_uc -198
num_of_clause 4
bcp_result UNDEFINE

iter 3
stack_ptr 7
stack_size 8
init_uc -197
num_of_clause 8
bcp_result UNDEFINE

iter 4
stack_ptr 9
stack_size 10
init_uc -196
num_of_clause 5
bcp_result UNDEFINE

iter 5
stack_ptr 11
stack_size 12
init_uc -195
num_of_clause 5
bcp_result UNDEFINE

iter 6
stack_ptr 13
stack_size 14
init_uc -194
num_of_clause 4
bcp_result UNDEFINE

iter 7
stack_ptr 15
stack_size 16
init_uc -193
num_of_clause 5
bcp_result UNDEFINE

iter 8
stack_ptr 17
stack_size 18
init_uc -192
num_of_clause 8
iter 9
stack_ptr 18
stack_size 21
init_uc 162
num_of_clause 5
iter 10
stack_ptr 19
stack_size 21
init_uc -56
num_of_clause 7
iter 11
stack_ptr 20
stack_size 22
init_uc -30
num_of_clause 9
iter 12
stack_ptr 21
stack_size 22
init_uc 10
num_of_clause 6
iter 13
stack_ptr 22
stack_size 23
init_uc -135
num_of_clause 10
bcp_result UNDEFINE

iter 14
stack_ptr 24
stack_size 25
init_uc -191
num_of_clause 7
iter 15
stack_ptr 25
stack_size 27
init_uc 132
num_of_clause 7
iter 16
stack_ptr 26
stack_size 27
init_uc 145
num_of_clause 5
iter 17
stack_ptr 27
stack_size 28
init_uc -171
num_of_clause 5
iter 18
stack_ptr 28
stack_size 30
init_uc -156
num_of_clause 10
iter 19
stack_ptr 29
stack_size 31
init_uc 79
num_of_clause 13
iter 20
stack_ptr 30
stack_size 31
init_uc -29
num_of_clause 6
bcp_result UNDEFINE

iter 21
stack_ptr 32
stack_size 33
init_uc -190
num_of_clause 6
bcp_result UNDEFINE

iter 22
stack_ptr 34
stack_size 35
init_uc -189
num_of_clause 6
iter 23
stack_ptr 35
stack_size 36
init_uc -170
num_of_clause 5
bcp_result UNDEFINE

iter 24
stack_ptr 37
stack_size 38
init_uc -188
num_of_clause 7
iter 25
stack_ptr 38
stack_size 39
init_uc -160
num_of_clause 6
iter 26
stack_ptr 39
stack_size 40
init_uc -47
num_of_clause 5
bcp_result UNDEFINE

iter 27
stack_ptr 41
stack_size 42
init_uc -187
num_of_clause 5
iter 28
stack_ptr 42
stack_size 43
init_uc 183
num_of_clause 3
bcp_result UNDEFINE

iter 29
stack_ptr 44
stack_size 45
init_uc -186
num_of_clause 9
iter 30
stack_ptr 45
stack_size 47
init_uc -179
num_of_clause 6
iter 31
stack_ptr 46
stack_size 47
init_uc -97
num_of_clause 11
bcp_result UNDEFINE

iter 32
stack_ptr 48
stack_size 49
init_uc -185
num_of_clause 2
bcp_result UNDEFINE

iter 33
stack_ptr 50
stack_size 51
init_uc -184
num_of_clause 12
bcp_result UNDEFINE

iter 34
stack_ptr 52
stack_size 53
init_uc -182
num_of_clause 2
bcp_result UNDEFINE

iter 35
stack_ptr 54
stack_size 55
init_uc -181
num_of_clause 12
iter 36
stack_ptr 55
stack_size 58
init_uc -94
num_of_clause 4
iter 37
stack_ptr 56
stack_size 58
init_uc -113
num_of_clause 3
iter 38
stack_ptr 57
stack_size 58
init_uc 101
num_of_clause 5
iter 39
stack_ptr 58
stack_size 59
init_uc -140
num_of_clause 7
iter 40
stack_ptr 59
stack_size 60
init_uc 13
num_of_clause 5
iter 41
stack_ptr 60
stack_size 61
init_uc 112
num_of_clause 9
bcp_result UNDEFINE

iter 42
stack_ptr 62
stack_size 63
init_uc -180
num_of_clause 5
iter 43
stack_ptr 63
stack_size 64
init_uc 143
num_of_clause 9
iter 44
stack_ptr 64
stack_size 66
init_uc -114
num_of_clause 6
iter 45
stack_ptr 65
stack_size 67
init_uc -175
num_of_clause 11
iter 46
stack_ptr 66
stack_size 69
init_uc -165
num_of_clause 7
iter 47
stack_ptr 67
stack_size 69
init_uc -76
num_of_clause 7
iter 48
stack_ptr 68
stack_size 70
init_uc -26
num_of_clause 7
iter 49
stack_ptr 69
stack_size 72
init_uc -96
num_of_clause 9
iter 50
stack_ptr 70
stack_size 77
init_uc 148
num_of_clause 6
iter 51
stack_ptr 71
stack_size 78
init_uc -174
num_of_clause 2
iter 52
stack_ptr 72
stack_size 79
init_uc -73
num_of_clause 3
iter 53
stack_ptr 73
stack_size 80
init_uc 153
num_of_clause 3
iter 54
stack_ptr 74
stack_size 81
init_uc -109
num_of_clause 9
iter 55
stack_ptr 75
stack_size 83
init_uc -44
num_of_clause 11
iter 56
stack_ptr 76
stack_size 84
init_uc 128
num_of_clause 6
iter 57
stack_ptr 77
stack_size 86
init_uc -38
num_of_clause 9
iter 58
stack_ptr 78
stack_size 86
init_uc 64
num_of_clause 7
iter 59
stack_ptr 79
stack_size 89
init_uc 68
num_of_clause 4
iter 60
stack_ptr 80
stack_size 90
init_uc -34
num_of_clause 8
bcp_result Conflict

UNSATISFIABLE
Overall_Comp_time: 1468861 us, First_Conflict_Time: 195 us
