bcp_result UNDEFINE

iter 0
stack_ptr 1
stack_size 2
init_uc -250
num_of_clause 3
bcp_result UNDEFINE

iter 1
stack_ptr 3
stack_size 4
init_uc -249
num_of_clause 8
bcp_result UNDEFINE

iter 2
stack_ptr 5
stack_size 6
init_uc -248
num_of_clause 6
bcp_result UNDEFINE

iter 3
stack_ptr 7
stack_size 8
init_uc -247
num_of_clause 7
iter 4
stack_ptr 8
stack_size 9
init_uc 216
num_of_clause 5
bcp_result UNDEFINE

iter 5
stack_ptr 10
stack_size 11
init_uc -246
num_of_clause 11
bcp_result UNDEFINE

iter 6
stack_ptr 12
stack_size 13
init_uc -245
num_of_clause 8
bcp_result UNDEFINE

iter 7
stack_ptr 14
stack_size 15
init_uc -244
num_of_clause 3
bcp_result UNDEFINE

iter 8
stack_ptr 16
stack_size 17
init_uc -243
num_of_clause 5
bcp_result UNDEFINE

iter 9
stack_ptr 18
stack_size 19
init_uc -242
num_of_clause 10
bcp_result UNDEFINE

iter 10
stack_ptr 20
stack_size 21
init_uc -241
num_of_clause 9
bcp_result UNDEFINE

iter 11
stack_ptr 22
stack_size 23
init_uc -240
num_of_clause 6
bcp_result UNDEFINE

iter 12
stack_ptr 24
stack_size 25
init_uc -239
num_of_clause 5
iter 13
stack_ptr 25
stack_size 26
init_uc -81
num_of_clause 4
iter 14
stack_ptr 26
stack_size 27
init_uc 232
num_of_clause 7
bcp_result UNDEFINE

iter 15
stack_ptr 28
stack_size 29
init_uc -238
num_of_clause 8
bcp_result UNDEFINE

iter 16
stack_ptr 30
stack_size 31
init_uc -237
num_of_clause 5
bcp_result UNDEFINE

iter 17
stack_ptr 32
stack_size 33
init_uc -236
num_of_clause 7
bcp_result UNDEFINE

iter 18
stack_ptr 34
stack_size 35
init_uc -235
num_of_clause 6
bcp_result UNDEFINE

iter 19
stack_ptr 36
stack_size 37
init_uc -234
num_of_clause 4
bcp_result UNDEFINE

iter 20
stack_ptr 38
stack_size 39
init_uc -233
num_of_clause 4
bcp_result UNDEFINE

iter 21
stack_ptr 40
stack_size 41
init_uc -231
num_of_clause 3
bcp_result UNDEFINE

iter 22
stack_ptr 42
stack_size 43
init_uc -230
num_of_clause 7
bcp_result UNDEFINE

iter 23
stack_ptr 44
stack_size 45
init_uc -229
num_of_clause 8
iter 24
stack_ptr 45
stack_size 47
init_uc 85
num_of_clause 9
iter 25
stack_ptr 46
stack_size 49
init_uc 200
num_of_clause 7
iter 26
stack_ptr 47
stack_size 50
init_uc -204
num_of_clause 4
iter 27
stack_ptr 48
stack_size 50
init_uc -213
num_of_clause 4
iter 28
stack_ptr 49
stack_size 51
init_uc 43
num_of_clause 5
iter 29
stack_ptr 50
stack_size 51
init_uc 53
num_of_clause 3
iter 30
stack_ptr 51
stack_size 52
init_uc -221
num_of_clause 6
bcp_result UNDEFINE

iter 31
stack_ptr 53
stack_size 54
init_uc -228
num_of_clause 6
iter 32
stack_ptr 54
stack_size 55
init_uc 164
num_of_clause 7
bcp_result UNDEFINE

iter 33
stack_ptr 56
stack_size 57
init_uc -227
num_of_clause 10
iter 34
stack_ptr 57
stack_size 58
init_uc 11
num_of_clause 4
bcp_result UNDEFINE

iter 35
stack_ptr 59
stack_size 60
init_uc -226
num_of_clause 12
iter 36
stack_ptr 60
stack_size 62
init_uc -180
num_of_clause 8
iter 37
stack_ptr 61
stack_size 63
init_uc 71
num_of_clause 7
iter 38
stack_ptr 62
stack_size 63
init_uc 100
num_of_clause 10
bcp_result UNDEFINE

iter 39
stack_ptr 64
stack_size 65
init_uc -225
num_of_clause 5
bcp_result UNDEFINE

iter 40
stack_ptr 66
stack_size 67
init_uc -224
num_of_clause 4
bcp_result UNDEFINE

iter 41
stack_ptr 68
stack_size 69
init_uc -223
num_of_clause 8
bcp_result UNDEFINE

iter 42
stack_ptr 70
stack_size 71
init_uc -222
num_of_clause 3
bcp_result UNDEFINE

iter 43
stack_ptr 72
stack_size 73
init_uc -220
num_of_clause 10
iter 44
stack_ptr 73
stack_size 76
init_uc 5
num_of_clause 7
iter 45
stack_ptr 74
stack_size 78
init_uc 193
num_of_clause 8
iter 46
stack_ptr 75
stack_size 80
init_uc 136
num_of_clause 6
iter 47
stack_ptr 76
stack_size 80
init_uc 207
num_of_clause 6
iter 48
stack_ptr 77
stack_size 81
init_uc -208
num_of_clause 9
iter 49
stack_ptr 78
stack_size 83
init_uc -36
num_of_clause 11
iter 50
stack_ptr 79
stack_size 85
init_uc 87
num_of_clause 7
iter 51
stack_ptr 80
stack_size 85
init_uc 167
num_of_clause 12
iter 52
stack_ptr 81
stack_size 85
init_uc 181
num_of_clause 3
iter 53
stack_ptr 82
stack_size 85
init_uc 145
num_of_clause 5
iter 54
stack_ptr 83
stack_size 86
init_uc -202
num_of_clause 6
iter 55
stack_ptr 84
stack_size 86
init_uc 156
num_of_clause 5
iter 56
stack_ptr 85
stack_size 87
init_uc 64
num_of_clause 1
iter 57
stack_ptr 86
stack_size 87
init_uc -42
num_of_clause 8
iter 58
stack_ptr 87
stack_size 88
init_uc -35
num_of_clause 3
iter 59
stack_ptr 88
stack_size 89
init_uc -188
num_of_clause 6
iter 60
stack_ptr 89
stack_size 90
init_uc -77
num_of_clause 3
bcp_result UNDEFINE

iter 61
stack_ptr 91
stack_size 92
init_uc -219
num_of_clause 8
iter 62
stack_ptr 92
stack_size 94
init_uc 113
num_of_clause 7
iter 63
stack_ptr 93
stack_size 94
init_uc -86
num_of_clause 5
bcp_result UNDEFINE

iter 64
stack_ptr 95
stack_size 96
init_uc -218
num_of_clause 7
iter 65
stack_ptr 96
stack_size 98
init_uc 196
num_of_clause 8
iter 66
stack_ptr 97
stack_size 101
init_uc 129
num_of_clause 3
iter 67
stack_ptr 98
stack_size 102
init_uc 14
num_of_clause 4
iter 68
stack_ptr 99
stack_size 102
init_uc 15
num_of_clause 10
iter 69
stack_ptr 100
stack_size 104
init_uc -54
num_of_clause 7
iter 70
stack_ptr 101
stack_size 105
init_uc 2
num_of_clause 7
iter 71
stack_ptr 102
stack_size 106
init_uc 65
num_of_clause 8
iter 72
stack_ptr 103
stack_size 109
init_uc -217
num_of_clause 8
iter 73
stack_ptr 104
stack_size 110
init_uc -117
num_of_clause 4
iter 74
stack_ptr 105
stack_size 110
init_uc 140
num_of_clause 7
iter 75
stack_ptr 106
stack_size 111
init_uc 128
num_of_clause 4
iter 76
stack_ptr 107
stack_size 112
init_uc -91
num_of_clause 5
iter 77
stack_ptr 108
stack_size 114
init_uc 206
num_of_clause 6
iter 78
stack_ptr 109
stack_size 116
init_uc -166
num_of_clause 3
iter 79
stack_ptr 110
stack_size 117
init_uc 144
num_of_clause 8
iter 80
stack_ptr 111
stack_size 118
init_uc 99
num_of_clause 8
iter 81
stack_ptr 112
stack_size 118
init_uc 30
num_of_clause 4
iter 82
stack_ptr 113
stack_size 119
init_uc 114
num_of_clause 8
iter 83
stack_ptr 114
stack_size 119
init_uc -101
num_of_clause 8
iter 84
stack_ptr 115
stack_size 122
init_uc -133
num_of_clause 9
iter 85
stack_ptr 116
stack_size 123
init_uc -214
num_of_clause 9
iter 86
stack_ptr 117
stack_size 124
init_uc -26
num_of_clause 7
iter 87
stack_ptr 118
stack_size 126
init_uc -169
num_of_clause 3
iter 88
stack_ptr 119
stack_size 127
init_uc 121
num_of_clause 4
iter 89
stack_ptr 120
stack_size 129
init_uc -102
num_of_clause 7
iter 90
stack_ptr 121
stack_size 130
init_uc 67
num_of_clause 7
iter 91
stack_ptr 122
stack_size 130
init_uc -90
num_of_clause 4
iter 92
stack_ptr 123
stack_size 132
init_uc -96
num_of_clause 3
iter 93
stack_ptr 124
stack_size 132
init_uc -83
num_of_clause 5
bcp_result Conflict

UNSATISFIABLE
Overall_Comp_time: 20559118 us, First_Conflict_Time: 287 us
