bcp_result UNDEFINE

iter 0
stack_ptr 1
stack_size 2
init_uc -300
num_of_clause 5
bcp_result UNDEFINE

iter 1
stack_ptr 3
stack_size 4
init_uc -299
num_of_clause 6
bcp_result UNDEFINE

iter 2
stack_ptr 5
stack_size 6
init_uc -298
num_of_clause 5
bcp_result UNDEFINE

iter 3
stack_ptr 7
stack_size 8
init_uc -297
num_of_clause 4
bcp_result UNDEFINE

iter 4
stack_ptr 9
stack_size 10
init_uc -296
num_of_clause 9
bcp_result UNDEFINE

iter 5
stack_ptr 11
stack_size 12
init_uc -295
num_of_clause 4
bcp_result UNDEFINE

iter 6
stack_ptr 13
stack_size 14
init_uc -294
num_of_clause 9
bcp_result UNDEFINE

iter 7
stack_ptr 15
stack_size 16
init_uc -293
num_of_clause 11
iter 8
stack_ptr 16
stack_size 17
init_uc 124
num_of_clause 8
bcp_result UNDEFINE

iter 9
stack_ptr 18
stack_size 19
init_uc -292
num_of_clause 4
bcp_result UNDEFINE

iter 10
stack_ptr 20
stack_size 21
init_uc -291
num_of_clause 5
iter 11
stack_ptr 21
stack_size 22
init_uc -36
num_of_clause 5
bcp_result UNDEFINE

iter 12
stack_ptr 23
stack_size 24
init_uc -290
num_of_clause 6
bcp_result UNDEFINE

iter 13
stack_ptr 25
stack_size 26
init_uc -289
num_of_clause 4
bcp_result UNDEFINE

iter 14
stack_ptr 27
stack_size 28
init_uc -288
num_of_clause 7
bcp_result UNDEFINE

iter 15
stack_ptr 29
stack_size 30
init_uc -287
num_of_clause 7
iter 16
stack_ptr 30
stack_size 31
init_uc 98
num_of_clause 10
bcp_result UNDEFINE

iter 17
stack_ptr 32
stack_size 33
init_uc -286
num_of_clause 2
bcp_result UNDEFINE

iter 18
stack_ptr 34
stack_size 35
init_uc -285
num_of_clause 12
iter 19
stack_ptr 35
stack_size 36
init_uc -212
num_of_clause 6
bcp_result UNDEFINE

iter 20
stack_ptr 37
stack_size 38
init_uc -284
num_of_clause 8
iter 21
stack_ptr 38
stack_size 39
init_uc -103
num_of_clause 5
iter 22
stack_ptr 39
stack_size 40
init_uc 73
num_of_clause 12
bcp_result UNDEFINE

iter 23
stack_ptr 41
stack_size 42
init_uc -283
num_of_clause 5
bcp_result UNDEFINE

iter 24
stack_ptr 43
stack_size 44
init_uc -282
num_of_clause 6
bcp_result UNDEFINE

iter 25
stack_ptr 45
stack_size 46
init_uc -281
num_of_clause 8
iter 26
stack_ptr 46
stack_size 47
init_uc -90
num_of_clause 8
bcp_result UNDEFINE

iter 27
stack_ptr 48
stack_size 49
init_uc -280
num_of_clause 6
iter 28
stack_ptr 49
stack_size 50
init_uc -25
num_of_clause 10
iter 29
stack_ptr 50
stack_size 52
init_uc -83
num_of_clause 4
iter 30
stack_ptr 51
stack_size 52
init_uc 120
num_of_clause 5
iter 31
stack_ptr 52
stack_size 54
init_uc -131
num_of_clause 7
iter 32
stack_ptr 53
stack_size 55
init_uc 100
num_of_clause 8
iter 33
stack_ptr 54
stack_size 56
init_uc 78
num_of_clause 14
iter 34
stack_ptr 55
stack_size 56
init_uc -264
num_of_clause 5
bcp_result UNDEFINE

iter 35
stack_ptr 57
stack_size 58
init_uc -279
num_of_clause 7
bcp_result UNDEFINE

iter 36
stack_ptr 59
stack_size 60
init_uc -278
num_of_clause 8
iter 37
stack_ptr 60
stack_size 62
init_uc 256
num_of_clause 6
iter 38
stack_ptr 61
stack_size 62
init_uc 250
num_of_clause 7
iter 39
stack_ptr 62
stack_size 64
init_uc -16
num_of_clause 5
iter 40
stack_ptr 63
stack_size 64
init_uc 102
num_of_clause 7
bcp_result UNDEFINE

iter 41
stack_ptr 65
stack_size 66
init_uc -277
num_of_clause 9
iter 42
stack_ptr 66
stack_size 67
init_uc 112
num_of_clause 10
iter 43
stack_ptr 67
stack_size 70
init_uc 105
num_of_clause 4
iter 44
stack_ptr 68
stack_size 71
init_uc 248
num_of_clause 7
iter 45
stack_ptr 69
stack_size 71
init_uc -266
num_of_clause 4
iter 46
stack_ptr 70
stack_size 73
init_uc -21
num_of_clause 6
iter 47
stack_ptr 71
stack_size 73
init_uc -70
num_of_clause 4
iter 48
stack_ptr 72
stack_size 74
init_uc 117
num_of_clause 4
iter 49
stack_ptr 73
stack_size 74
init_uc -240
num_of_clause 5
bcp_result UNDEFINE

iter 50
stack_ptr 75
stack_size 76
init_uc -276
num_of_clause 5
iter 51
stack_ptr 76
stack_size 77
init_uc -200
num_of_clause 7
bcp_result UNDEFINE

iter 52
stack_ptr 78
stack_size 79
init_uc -275
num_of_clause 7
iter 53
stack_ptr 79
stack_size 81
init_uc -92
num_of_clause 6
iter 54
stack_ptr 80
stack_size 82
init_uc -126
num_of_clause 8
iter 55
stack_ptr 81
stack_size 82
init_uc -44
num_of_clause 7
bcp_result UNDEFINE

iter 56
stack_ptr 83
stack_size 84
init_uc -274
num_of_clause 6
iter 57
stack_ptr 84
stack_size 85
init_uc -38
num_of_clause 9
iter 58
stack_ptr 85
stack_size 86
init_uc 132
num_of_clause 4
iter 59
stack_ptr 86
stack_size 87
init_uc 180
num_of_clause 5
iter 60
stack_ptr 87
stack_size 88
init_uc -64
num_of_clause 7
iter 61
stack_ptr 88
stack_size 89
init_uc 176
num_of_clause 8
iter 62
stack_ptr 89
stack_size 90
init_uc 236
num_of_clause 5
bcp_result UNDEFINE

iter 63
stack_ptr 91
stack_size 92
init_uc -273
num_of_clause 4
iter 64
stack_ptr 92
stack_size 93
init_uc -169
num_of_clause 9
iter 65
stack_ptr 93
stack_size 96
init_uc 211
num_of_clause 6
iter 66
stack_ptr 94
stack_size 98
init_uc 142
num_of_clause 7
iter 67
stack_ptr 95
stack_size 99
init_uc -213
num_of_clause 7
bcp_result Conflict

UNSATISFIABLE
Overall_Comp_time: 321338023 us, First_Conflict_Time: 49 us
