bcp_result UNDEFINE

iter 0
stack_ptr 1
stack_size 2
init_uc -100
num_of_clause 10
bcp_result UNDEFINE

iter 1
stack_ptr 3
stack_size 4
init_uc -99
num_of_clause 3
bcp_result UNDEFINE

iter 2
stack_ptr 5
stack_size 6
init_uc -98
num_of_clause 9
bcp_result UNDEFINE

iter 3
stack_ptr 7
stack_size 8
init_uc -97
num_of_clause 4
bcp_result UNDEFINE

iter 4
stack_ptr 9
stack_size 10
init_uc -96
num_of_clause 1
bcp_result UNDEFINE

iter 5
stack_ptr 11
stack_size 12
init_uc -95
num_of_clause 8
iter 6
stack_ptr 12
stack_size 13
init_uc -57
num_of_clause 5
bcp_result UNDEFINE

iter 7
stack_ptr 14
stack_size 15
init_uc -94
num_of_clause 6
bcp_result UNDEFINE

iter 8
stack_ptr 16
stack_size 17
init_uc -93
num_of_clause 3
iter 9
stack_ptr 17
stack_size 18
init_uc -79
num_of_clause 9
bcp_result UNDEFINE

iter 10
stack_ptr 19
stack_size 20
init_uc -92
num_of_clause 3
iter 11
stack_ptr 20
stack_size 21
init_uc 52
num_of_clause 5
bcp_result UNDEFINE

iter 12
stack_ptr 22
stack_size 23
init_uc -91
num_of_clause 5
bcp_result UNDEFINE

iter 13
stack_ptr 24
stack_size 25
init_uc -90
num_of_clause 12
iter 14
stack_ptr 25
stack_size 26
init_uc -86
num_of_clause 8
bcp_result UNDEFINE

iter 15
stack_ptr 27
stack_size 28
init_uc -89
num_of_clause 3
bcp_result UNDEFINE

iter 16
stack_ptr 29
stack_size 30
init_uc -88
num_of_clause 6
iter 17
stack_ptr 30
stack_size 31
init_uc 55
num_of_clause 9
iter 18
stack_ptr 31
stack_size 32
init_uc 49
num_of_clause 9
iter 19
stack_ptr 32
stack_size 36
init_uc -13
num_of_clause 9
iter 20
stack_ptr 33
stack_size 36
init_uc -80
num_of_clause 7
iter 21
stack_ptr 34
stack_size 36
init_uc 8
num_of_clause 6
iter 22
stack_ptr 35
stack_size 36
init_uc 53
num_of_clause 5
iter 23
stack_ptr 36
stack_size 38
init_uc 22
num_of_clause 3
iter 24
stack_ptr 37
stack_size 39
init_uc 10
num_of_clause 9
iter 25
stack_ptr 38
stack_size 42
init_uc -58
num_of_clause 8
iter 26
stack_ptr 39
stack_size 42
init_uc -4
num_of_clause 3
iter 27
stack_ptr 40
stack_size 43
init_uc -74
num_of_clause 2
iter 28
stack_ptr 41
stack_size 43
init_uc 67
num_of_clause 8
iter 29
stack_ptr 42
stack_size 45
init_uc 56
num_of_clause 6
iter 30
stack_ptr 43
stack_size 48
init_uc -21
num_of_clause 4
iter 31
stack_ptr 44
stack_size 49
init_uc 41
num_of_clause 11
iter 32
stack_ptr 45
stack_size 51
init_uc -25
num_of_clause 5
iter 33
stack_ptr 46
stack_size 52
init_uc 54
num_of_clause 2
iter 34
stack_ptr 47
stack_size 53
init_uc -59
num_of_clause 2
iter 35
stack_ptr 48
stack_size 53
init_uc 48
num_of_clause 8
iter 36
stack_ptr 49
stack_size 54
init_uc 17
num_of_clause 8
iter 37
stack_ptr 50
stack_size 55
init_uc -31
num_of_clause 6
iter 38
stack_ptr 51
stack_size 56
init_uc -20
num_of_clause 6
iter 39
stack_ptr 52
stack_size 59
init_uc -82
num_of_clause 6
bcp_result Conflict

SATISFIABLE
Overall_Comp_time: 15116, First_Conflict_Time: 214 us
