bcp_result UNDEFINE

iter 0
stack_ptr 1
stack_size 2
init_uc -300
num_of_clause 2
bcp_result UNDEFINE

iter 1
stack_ptr 3
stack_size 4
init_uc -299
num_of_clause 5
bcp_result UNDEFINE

iter 2
stack_ptr 5
stack_size 6
init_uc -298
num_of_clause 8
bcp_result UNDEFINE

iter 3
stack_ptr 7
stack_size 8
init_uc -297
num_of_clause 4
bcp_result UNDEFINE

iter 4
stack_ptr 9
stack_size 10
init_uc -296
num_of_clause 7
bcp_result UNDEFINE

iter 5
stack_ptr 11
stack_size 12
init_uc -295
num_of_clause 6
iter 6
stack_ptr 12
stack_size 13
init_uc -293
num_of_clause 3
bcp_result UNDEFINE

iter 7
stack_ptr 14
stack_size 15
init_uc -294
num_of_clause 9
bcp_result UNDEFINE

iter 8
stack_ptr 16
stack_size 17
init_uc -292
num_of_clause 6
bcp_result UNDEFINE

iter 9
stack_ptr 18
stack_size 19
init_uc -291
num_of_clause 6
iter 10
stack_ptr 19
stack_size 20
init_uc 141
num_of_clause 5
bcp_result UNDEFINE

iter 11
stack_ptr 21
stack_size 22
init_uc -290
num_of_clause 3
bcp_result UNDEFINE

iter 12
stack_ptr 23
stack_size 24
init_uc -289
num_of_clause 2
bcp_result UNDEFINE

iter 13
stack_ptr 25
stack_size 26
init_uc -288
num_of_clause 5
bcp_result UNDEFINE

iter 14
stack_ptr 27
stack_size 28
init_uc -287
num_of_clause 6
bcp_result UNDEFINE

iter 15
stack_ptr 29
stack_size 30
init_uc -286
num_of_clause 5
bcp_result UNDEFINE

iter 16
stack_ptr 31
stack_size 32
init_uc -285
num_of_clause 3
bcp_result UNDEFINE

iter 17
stack_ptr 33
stack_size 34
init_uc -284
num_of_clause 4
bcp_result UNDEFINE

iter 18
stack_ptr 35
stack_size 36
init_uc -283
num_of_clause 10
iter 19
stack_ptr 36
stack_size 37
init_uc -90
num_of_clause 4
bcp_result UNDEFINE

iter 20
stack_ptr 38
stack_size 39
init_uc -282
num_of_clause 9
iter 21
stack_ptr 39
stack_size 40
init_uc -199
num_of_clause 4
iter 22
stack_ptr 40
stack_size 41
init_uc 84
num_of_clause 8
bcp_result UNDEFINE

iter 23
stack_ptr 42
stack_size 43
init_uc -281
num_of_clause 5
bcp_result UNDEFINE

iter 24
stack_ptr 44
stack_size 45
init_uc -280
num_of_clause 5
bcp_result UNDEFINE

iter 25
stack_ptr 46
stack_size 47
init_uc -279
num_of_clause 10
bcp_result UNDEFINE

iter 26
stack_ptr 48
stack_size 49
init_uc -278
num_of_clause 6
bcp_result UNDEFINE

iter 27
stack_ptr 50
stack_size 51
init_uc -277
num_of_clause 1
bcp_result UNDEFINE

iter 28
stack_ptr 52
stack_size 53
init_uc -276
num_of_clause 12
bcp_result UNDEFINE

iter 29
stack_ptr 54
stack_size 55
init_uc -275
num_of_clause 4
bcp_result UNDEFINE

iter 30
stack_ptr 56
stack_size 57
init_uc -274
num_of_clause 8
iter 31
stack_ptr 57
stack_size 58
init_uc -101
num_of_clause 6
iter 32
stack_ptr 58
stack_size 59
init_uc -5
num_of_clause 5
bcp_result UNDEFINE

iter 33
stack_ptr 60
stack_size 61
init_uc -273
num_of_clause 8
iter 34
stack_ptr 61
stack_size 62
init_uc 215
num_of_clause 6
bcp_result UNDEFINE

iter 35
stack_ptr 63
stack_size 64
init_uc -272
num_of_clause 9
iter 36
stack_ptr 64
stack_size 65
init_uc 200
num_of_clause 5
bcp_result UNDEFINE

iter 37
stack_ptr 66
stack_size 67
init_uc -271
num_of_clause 5
iter 38
stack_ptr 67
stack_size 68
init_uc -185
num_of_clause 3
iter 39
stack_ptr 68
stack_size 69
init_uc -160
num_of_clause 6
iter 40
stack_ptr 69
stack_size 70
init_uc -49
num_of_clause 4
iter 41
stack_ptr 70
stack_size 71
init_uc 6
num_of_clause 5
iter 42
stack_ptr 71
stack_size 72
init_uc 50
num_of_clause 10
iter 43
stack_ptr 72
stack_size 73
init_uc -106
num_of_clause 11
iter 44
stack_ptr 73
stack_size 74
init_uc -118
num_of_clause 8
iter 45
stack_ptr 74
stack_size 76
init_uc -18
num_of_clause 3
iter 46
stack_ptr 75
stack_size 77
init_uc 209
num_of_clause 7
iter 47
stack_ptr 76
stack_size 79
init_uc -214
num_of_clause 7
iter 48
stack_ptr 77
stack_size 79
init_uc -148
num_of_clause 8
iter 49
stack_ptr 78
stack_size 80
init_uc 78
num_of_clause 5
iter 50
stack_ptr 79
stack_size 81
init_uc -179
num_of_clause 8
iter 51
stack_ptr 80
stack_size 81
init_uc -125
num_of_clause 7
bcp_result UNDEFINE

iter 52
stack_ptr 82
stack_size 83
init_uc -270
num_of_clause 3
bcp_result UNDEFINE

iter 53
stack_ptr 84
stack_size 85
init_uc -269
num_of_clause 7
iter 54
stack_ptr 85
stack_size 86
init_uc 126
num_of_clause 5
iter 55
stack_ptr 86
stack_size 87
init_uc 63
num_of_clause 6
bcp_result UNDEFINE

iter 56
stack_ptr 88
stack_size 89
init_uc -268
num_of_clause 6
iter 57
stack_ptr 89
stack_size 90
init_uc 170
num_of_clause 5
bcp_result UNDEFINE

iter 58
stack_ptr 91
stack_size 92
init_uc -267
num_of_clause 3
bcp_result UNDEFINE

iter 59
stack_ptr 93
stack_size 94
init_uc -266
num_of_clause 4
bcp_result UNDEFINE

iter 60
stack_ptr 95
stack_size 96
init_uc -265
num_of_clause 3
iter 61
stack_ptr 96
stack_size 97
init_uc 23
num_of_clause 7
bcp_result UNDEFINE

iter 62
stack_ptr 98
stack_size 99
init_uc -264
num_of_clause 5
bcp_result UNDEFINE

iter 63
stack_ptr 100
stack_size 101
init_uc -263
num_of_clause 3
bcp_result UNDEFINE

iter 64
stack_ptr 102
stack_size 103
init_uc -262
num_of_clause 6
iter 65
stack_ptr 103
stack_size 104
init_uc 7
num_of_clause 10
iter 66
stack_ptr 104
stack_size 105
init_uc 239
num_of_clause 7
iter 67
stack_ptr 105
stack_size 106
init_uc 198
num_of_clause 5
bcp_result UNDEFINE

iter 68
stack_ptr 107
stack_size 108
init_uc -261
num_of_clause 10
iter 69
stack_ptr 108
stack_size 110
init_uc 30
num_of_clause 11
iter 70
stack_ptr 109
stack_size 112
init_uc 51
num_of_clause 4
iter 71
stack_ptr 110
stack_size 114
init_uc -163
num_of_clause 7
iter 72
stack_ptr 111
stack_size 116
init_uc -107
num_of_clause 10
iter 73
stack_ptr 112
stack_size 120
init_uc 236
num_of_clause 8
iter 74
stack_ptr 113
stack_size 122
init_uc 127
num_of_clause 12
iter 75
stack_ptr 114
stack_size 126
init_uc -65
num_of_clause 3
iter 76
stack_ptr 115
stack_size 126
init_uc 204
num_of_clause 4
iter 77
stack_ptr 116
stack_size 128
init_uc -194
num_of_clause 11
iter 78
stack_ptr 117
stack_size 131
init_uc 168
num_of_clause 5
iter 79
stack_ptr 118
stack_size 132
init_uc -122
num_of_clause 10
iter 80
stack_ptr 119
stack_size 133
init_uc -12
num_of_clause 11
iter 81
stack_ptr 120
stack_size 135
init_uc -10
num_of_clause 6
iter 82
stack_ptr 121
stack_size 136
init_uc -34
num_of_clause 8
iter 83
stack_ptr 122
stack_size 138
init_uc 228
num_of_clause 3
iter 84
stack_ptr 123
stack_size 138
init_uc 31
num_of_clause 7
iter 85
stack_ptr 124
stack_size 141
init_uc 67
num_of_clause 5
iter 86
stack_ptr 125
stack_size 142
init_uc -189
num_of_clause 5
iter 87
stack_ptr 126
stack_size 145
init_uc -172
num_of_clause 10
bcp_result Conflict

UNSATISFIABLE
Overall_Comp_time: 170018289 us, First_Conflict_Time: 203 us
