bcp_result UNDEFINE

iter 0
stack_ptr 1
stack_size 2
init_uc -200
num_of_clause 5
bcp_result UNDEFINE

iter 1
stack_ptr 3
stack_size 4
init_uc -199
num_of_clause 8
bcp_result UNDEFINE

iter 2
stack_ptr 5
stack_size 6
init_uc -198
num_of_clause 11
bcp_result UNDEFINE

iter 3
stack_ptr 7
stack_size 8
init_uc -197
num_of_clause 4
bcp_result UNDEFINE

iter 4
stack_ptr 9
stack_size 10
init_uc -196
num_of_clause 6
bcp_result UNDEFINE

iter 5
stack_ptr 11
stack_size 12
init_uc -195
num_of_clause 3
bcp_result UNDEFINE

iter 6
stack_ptr 13
stack_size 14
init_uc -194
num_of_clause 11
iter 7
stack_ptr 14
stack_size 15
init_uc 169
num_of_clause 8
bcp_result UNDEFINE

iter 8
stack_ptr 16
stack_size 17
init_uc -193
num_of_clause 8
bcp_result UNDEFINE

iter 9
stack_ptr 18
stack_size 19
init_uc -192
num_of_clause 3
iter 10
stack_ptr 19
stack_size 20
init_uc -59
num_of_clause 4
bcp_result UNDEFINE

iter 11
stack_ptr 21
stack_size 22
init_uc -191
num_of_clause 8
bcp_result UNDEFINE

iter 12
stack_ptr 23
stack_size 24
init_uc -190
num_of_clause 5
bcp_result UNDEFINE

iter 13
stack_ptr 25
stack_size 26
init_uc -189
num_of_clause 5
iter 14
stack_ptr 26
stack_size 27
init_uc 49
num_of_clause 5
bcp_result UNDEFINE

iter 15
stack_ptr 28
stack_size 29
init_uc -188
num_of_clause 1
bcp_result UNDEFINE

iter 16
stack_ptr 30
stack_size 31
init_uc -187
num_of_clause 5
bcp_result UNDEFINE

iter 17
stack_ptr 32
stack_size 33
init_uc -186
num_of_clause 5
iter 18
stack_ptr 33
stack_size 34
init_uc 22
num_of_clause 2
bcp_result UNDEFINE

iter 19
stack_ptr 35
stack_size 36
init_uc -185
num_of_clause 8
bcp_result UNDEFINE

iter 20
stack_ptr 37
stack_size 38
init_uc -184
num_of_clause 5
bcp_result UNDEFINE

iter 21
stack_ptr 39
stack_size 40
init_uc -183
num_of_clause 7
iter 22
stack_ptr 40
stack_size 41
init_uc 86
num_of_clause 8
bcp_result UNDEFINE

iter 23
stack_ptr 42
stack_size 43
init_uc -182
num_of_clause 6
iter 24
stack_ptr 43
stack_size 44
init_uc 92
num_of_clause 6
bcp_result UNDEFINE

iter 25
stack_ptr 45
stack_size 46
init_uc -181
num_of_clause 4
iter 26
stack_ptr 46
stack_size 47
init_uc 44
num_of_clause 5
iter 27
stack_ptr 47
stack_size 48
init_uc 3
num_of_clause 13
iter 28
stack_ptr 48
stack_size 51
init_uc -139
num_of_clause 6
iter 29
stack_ptr 49
stack_size 51
init_uc 144
num_of_clause 9
iter 30
stack_ptr 50
stack_size 54
init_uc 77
num_of_clause 11
iter 31
stack_ptr 51
stack_size 54
init_uc 45
num_of_clause 9
iter 32
stack_ptr 52
stack_size 55
init_uc 75
num_of_clause 13
iter 33
stack_ptr 53
stack_size 59
init_uc -57
num_of_clause 4
iter 34
stack_ptr 54
stack_size 59
init_uc -149
num_of_clause 3
iter 35
stack_ptr 55
stack_size 59
init_uc 46
num_of_clause 12
iter 36
stack_ptr 56
stack_size 62
init_uc 138
num_of_clause 4
iter 37
stack_ptr 57
stack_size 62
init_uc -50
num_of_clause 10
iter 38
stack_ptr 58
stack_size 62
init_uc 42
num_of_clause 7
iter 39
stack_ptr 59
stack_size 62
init_uc -4
num_of_clause 2
iter 40
stack_ptr 60
stack_size 62
init_uc -163
num_of_clause 2
iter 41
stack_ptr 61
stack_size 62
init_uc 124
num_of_clause 6
bcp_result UNDEFINE

iter 42
stack_ptr 63
stack_size 64
init_uc -180
num_of_clause 4
bcp_result UNDEFINE

iter 43
stack_ptr 65
stack_size 66
init_uc -179
num_of_clause 7
iter 44
stack_ptr 66
stack_size 69
init_uc -156
num_of_clause 4
iter 45
stack_ptr 67
stack_size 69
init_uc -1
num_of_clause 10
iter 46
stack_ptr 68
stack_size 73
init_uc 56
num_of_clause 9
iter 47
stack_ptr 69
stack_size 77
init_uc 123
num_of_clause 9
iter 48
stack_ptr 70
stack_size 79
init_uc -95
num_of_clause 5
iter 49
stack_ptr 71
stack_size 79
init_uc 71
num_of_clause 13
iter 50
stack_ptr 72
stack_size 82
init_uc -7
num_of_clause 7
iter 51
stack_ptr 73
stack_size 83
init_uc -112
num_of_clause 11
bcp_result Conflict

UNSATISFIABLE
Overall_Comp_time: 2079081 us, First_Conflict_Time: 89 us
