bcp_result UNDEFINE

iter 0
stack_ptr 1
stack_size 2
init_uc -250
num_of_clause 6
bcp_result UNDEFINE

iter 1
stack_ptr 3
stack_size 4
init_uc -249
num_of_clause 8
bcp_result UNDEFINE

iter 2
stack_ptr 5
stack_size 6
init_uc -248
num_of_clause 5
iter 3
stack_ptr 6
stack_size 7
init_uc -44
num_of_clause 5
bcp_result UNDEFINE

iter 4
stack_ptr 8
stack_size 9
init_uc -247
num_of_clause 6
bcp_result UNDEFINE

iter 5
stack_ptr 10
stack_size 11
init_uc -246
num_of_clause 7
bcp_result UNDEFINE

iter 6
stack_ptr 12
stack_size 13
init_uc -245
num_of_clause 4
bcp_result UNDEFINE

iter 7
stack_ptr 14
stack_size 15
init_uc -244
num_of_clause 4
bcp_result UNDEFINE

iter 8
stack_ptr 16
stack_size 17
init_uc -243
num_of_clause 9
bcp_result UNDEFINE

iter 9
stack_ptr 18
stack_size 19
init_uc -242
num_of_clause 9
bcp_result UNDEFINE

iter 10
stack_ptr 20
stack_size 21
init_uc -241
num_of_clause 10
bcp_result UNDEFINE

iter 11
stack_ptr 22
stack_size 23
init_uc -240
num_of_clause 6
bcp_result UNDEFINE

iter 12
stack_ptr 24
stack_size 25
init_uc -239
num_of_clause 8
iter 13
stack_ptr 25
stack_size 26
init_uc -115
num_of_clause 10
bcp_result UNDEFINE

iter 14
stack_ptr 27
stack_size 28
init_uc -238
num_of_clause 6
iter 15
stack_ptr 28
stack_size 29
init_uc -17
num_of_clause 8
bcp_result UNDEFINE

iter 16
stack_ptr 30
stack_size 31
init_uc -237
num_of_clause 9
iter 17
stack_ptr 31
stack_size 33
init_uc 71
num_of_clause 11
iter 18
stack_ptr 32
stack_size 34
init_uc -21
num_of_clause 7
iter 19
stack_ptr 33
stack_size 34
init_uc -212
num_of_clause 9
bcp_result UNDEFINE

iter 20
stack_ptr 35
stack_size 36
init_uc -236
num_of_clause 3
bcp_result UNDEFINE

iter 21
stack_ptr 37
stack_size 38
init_uc -235
num_of_clause 6
bcp_result UNDEFINE

iter 22
stack_ptr 39
stack_size 40
init_uc -234
num_of_clause 4
bcp_result UNDEFINE

iter 23
stack_ptr 41
stack_size 42
init_uc -233
num_of_clause 8
iter 24
stack_ptr 42
stack_size 45
init_uc 3
num_of_clause 9
iter 25
stack_ptr 43
stack_size 45
init_uc 80
num_of_clause 9
iter 26
stack_ptr 44
stack_size 45
init_uc 194
num_of_clause 5
bcp_result UNDEFINE

iter 27
stack_ptr 46
stack_size 47
init_uc -232
num_of_clause 6
iter 28
stack_ptr 47
stack_size 48
init_uc 116
num_of_clause 1
bcp_result UNDEFINE

iter 29
stack_ptr 49
stack_size 50
init_uc -231
num_of_clause 2
bcp_result UNDEFINE

iter 30
stack_ptr 51
stack_size 52
init_uc -230
num_of_clause 8
iter 31
stack_ptr 52
stack_size 53
init_uc -172
num_of_clause 8
iter 32
stack_ptr 53
stack_size 54
init_uc 31
num_of_clause 4
bcp_result UNDEFINE

iter 33
stack_ptr 55
stack_size 56
init_uc -229
num_of_clause 6
bcp_result UNDEFINE

iter 34
stack_ptr 57
stack_size 58
init_uc -228
num_of_clause 2
iter 35
stack_ptr 58
stack_size 59
init_uc -139
num_of_clause 6
bcp_result UNDEFINE

iter 36
stack_ptr 60
stack_size 61
init_uc -227
num_of_clause 6
iter 37
stack_ptr 61
stack_size 63
init_uc 196
num_of_clause 5
iter 38
stack_ptr 62
stack_size 63
init_uc 143
num_of_clause 5
bcp_result UNDEFINE

iter 39
stack_ptr 64
stack_size 65
init_uc -226
num_of_clause 5
bcp_result UNDEFINE

iter 40
stack_ptr 66
stack_size 67
init_uc -225
num_of_clause 7
iter 41
stack_ptr 67
stack_size 68
init_uc 192
num_of_clause 8
iter 42
stack_ptr 68
stack_size 70
init_uc 85
num_of_clause 10
iter 43
stack_ptr 69
stack_size 71
init_uc -223
num_of_clause 7
iter 44
stack_ptr 70
stack_size 74
init_uc -174
num_of_clause 9
iter 45
stack_ptr 71
stack_size 75
init_uc 2
num_of_clause 6
iter 46
stack_ptr 72
stack_size 77
init_uc -91
num_of_clause 8
iter 47
stack_ptr 73
stack_size 79
init_uc 140
num_of_clause 6
bcp_result Conflict

SATISFIABLE
Overall_Comp_time: 6493986, First_Conflict_Time: 93 us
