bcp_result UNDEFINE

iter 0
stack_ptr 1
stack_size 2
init_uc -300
num_of_clause 9
bcp_result UNDEFINE

iter 1
stack_ptr 3
stack_size 4
init_uc -299
num_of_clause 6
bcp_result UNDEFINE

iter 2
stack_ptr 5
stack_size 6
init_uc -298
num_of_clause 5
bcp_result UNDEFINE

iter 3
stack_ptr 7
stack_size 8
init_uc -297
num_of_clause 8
bcp_result UNDEFINE

iter 4
stack_ptr 9
stack_size 10
init_uc -296
num_of_clause 6
bcp_result UNDEFINE

iter 5
stack_ptr 11
stack_size 12
init_uc -295
num_of_clause 8
bcp_result UNDEFINE

iter 6
stack_ptr 13
stack_size 14
init_uc -294
num_of_clause 3
bcp_result UNDEFINE

iter 7
stack_ptr 15
stack_size 16
init_uc -293
num_of_clause 9
bcp_result UNDEFINE

iter 8
stack_ptr 17
stack_size 18
init_uc -292
num_of_clause 6
bcp_result UNDEFINE

iter 9
stack_ptr 19
stack_size 20
init_uc -291
num_of_clause 4
bcp_result UNDEFINE

iter 10
stack_ptr 21
stack_size 22
init_uc -290
num_of_clause 3
bcp_result UNDEFINE

iter 11
stack_ptr 23
stack_size 24
init_uc -289
num_of_clause 8
bcp_result UNDEFINE

iter 12
stack_ptr 25
stack_size 26
init_uc -288
num_of_clause 6
bcp_result UNDEFINE

iter 13
stack_ptr 27
stack_size 28
init_uc -287
num_of_clause 4
bcp_result UNDEFINE

iter 14
stack_ptr 29
stack_size 30
init_uc -286
num_of_clause 6
bcp_result UNDEFINE

iter 15
stack_ptr 31
stack_size 32
init_uc -285
num_of_clause 2
bcp_result UNDEFINE

iter 16
stack_ptr 33
stack_size 34
init_uc -284
num_of_clause 2
bcp_result UNDEFINE

iter 17
stack_ptr 35
stack_size 36
init_uc -283
num_of_clause 11
bcp_result UNDEFINE

iter 18
stack_ptr 37
stack_size 38
init_uc -282
num_of_clause 8
bcp_result UNDEFINE

iter 19
stack_ptr 39
stack_size 40
init_uc -281
num_of_clause 5
bcp_result UNDEFINE

iter 20
stack_ptr 41
stack_size 42
init_uc -280
num_of_clause 5
bcp_result UNDEFINE

iter 21
stack_ptr 43
stack_size 44
init_uc -279
num_of_clause 8
bcp_result UNDEFINE

iter 22
stack_ptr 45
stack_size 46
init_uc -278
num_of_clause 8
bcp_result UNDEFINE

iter 23
stack_ptr 47
stack_size 48
init_uc -277
num_of_clause 8
bcp_result UNDEFINE

iter 24
stack_ptr 49
stack_size 50
init_uc -276
num_of_clause 10
bcp_result UNDEFINE

iter 25
stack_ptr 51
stack_size 52
init_uc -275
num_of_clause 11
bcp_result UNDEFINE

iter 26
stack_ptr 53
stack_size 54
init_uc -274
num_of_clause 3
iter 27
stack_ptr 54
stack_size 55
init_uc 161
num_of_clause 7
bcp_result UNDEFINE

iter 28
stack_ptr 56
stack_size 57
init_uc -273
num_of_clause 6
bcp_result UNDEFINE

iter 29
stack_ptr 58
stack_size 59
init_uc -272
num_of_clause 4
iter 30
stack_ptr 59
stack_size 60
init_uc -2
num_of_clause 8
iter 31
stack_ptr 60
stack_size 61
init_uc 160
num_of_clause 5
bcp_result UNDEFINE

iter 32
stack_ptr 62
stack_size 63
init_uc -271
num_of_clause 7
iter 33
stack_ptr 63
stack_size 64
init_uc 48
num_of_clause 6
bcp_result UNDEFINE

iter 34
stack_ptr 65
stack_size 66
init_uc -270
num_of_clause 7
iter 35
stack_ptr 66
stack_size 67
init_uc -137
num_of_clause 6
bcp_result UNDEFINE

iter 36
stack_ptr 68
stack_size 69
init_uc -269
num_of_clause 9
iter 37
stack_ptr 69
stack_size 70
init_uc -147
num_of_clause 6
iter 38
stack_ptr 70
stack_size 72
init_uc 33
num_of_clause 8
iter 39
stack_ptr 71
stack_size 74
init_uc -112
num_of_clause 8
iter 40
stack_ptr 72
stack_size 75
init_uc 153
num_of_clause 8
iter 41
stack_ptr 73
stack_size 77
init_uc 186
num_of_clause 6
iter 42
stack_ptr 74
stack_size 77
init_uc -268
num_of_clause 7
iter 43
stack_ptr 75
stack_size 81
init_uc 39
num_of_clause 9
iter 44
stack_ptr 76
stack_size 83
init_uc 101
num_of_clause 5
iter 45
stack_ptr 77
stack_size 84
init_uc -146
num_of_clause 3
iter 46
stack_ptr 78
stack_size 86
init_uc 1
num_of_clause 8
iter 47
stack_ptr 79
stack_size 86
init_uc 225
num_of_clause 6
iter 48
stack_ptr 80
stack_size 88
init_uc -85
num_of_clause 7
iter 49
stack_ptr 81
stack_size 89
init_uc 178
num_of_clause 4
iter 50
stack_ptr 82
stack_size 90
init_uc 240
num_of_clause 8
iter 51
stack_ptr 83
stack_size 91
init_uc 103
num_of_clause 7
iter 52
stack_ptr 84
stack_size 91
init_uc -49
num_of_clause 12
iter 53
stack_ptr 85
stack_size 93
init_uc 89
num_of_clause 11
iter 54
stack_ptr 86
stack_size 94
init_uc -265
num_of_clause 7
iter 55
stack_ptr 87
stack_size 94
init_uc -169
num_of_clause 10
iter 56
stack_ptr 88
stack_size 96
init_uc -90
num_of_clause 4
iter 57
stack_ptr 89
stack_size 96
init_uc -104
num_of_clause 8
iter 58
stack_ptr 90
stack_size 97
init_uc 82
num_of_clause 8
iter 59
stack_ptr 91
stack_size 99
init_uc -142
num_of_clause 10
iter 60
stack_ptr 92
stack_size 100
init_uc -126
num_of_clause 4
iter 61
stack_ptr 93
stack_size 100
init_uc 78
num_of_clause 5
iter 62
stack_ptr 94
stack_size 102
init_uc 12
num_of_clause 6
iter 63
stack_ptr 95
stack_size 102
init_uc -11
num_of_clause 5
iter 64
stack_ptr 96
stack_size 102
init_uc -59
num_of_clause 2
iter 65
stack_ptr 97
stack_size 102
init_uc -84
num_of_clause 6
iter 66
stack_ptr 98
stack_size 102
init_uc -266
num_of_clause 12
iter 67
stack_ptr 99
stack_size 102
init_uc -10
num_of_clause 2
iter 68
stack_ptr 100
stack_size 103
init_uc -202
num_of_clause 5
iter 69
stack_ptr 101
stack_size 103
init_uc 119
num_of_clause 6
iter 70
stack_ptr 102
stack_size 104
init_uc 24
num_of_clause 9
iter 71
stack_ptr 103
stack_size 106
init_uc 55
num_of_clause 3
iter 72
stack_ptr 104
stack_size 106
init_uc 220
num_of_clause 3
iter 73
stack_ptr 105
stack_size 106
init_uc -159
num_of_clause 9
iter 74
stack_ptr 106
stack_size 107
init_uc -95
num_of_clause 4
iter 75
stack_ptr 107
stack_size 108
init_uc 163
num_of_clause 8
iter 76
stack_ptr 108
stack_size 110
init_uc 38
num_of_clause 5
iter 77
stack_ptr 109
stack_size 112
init_uc -183
num_of_clause 8
iter 78
stack_ptr 110
stack_size 113
init_uc 255
num_of_clause 6
iter 79
stack_ptr 111
stack_size 116
init_uc 165
num_of_clause 6
iter 80
stack_ptr 112
stack_size 116
init_uc 97
num_of_clause 6
iter 81
stack_ptr 113
stack_size 117
init_uc -14
num_of_clause 9
iter 82
stack_ptr 114
stack_size 119
init_uc 143
num_of_clause 9
iter 83
stack_ptr 115
stack_size 121
init_uc -156
num_of_clause 7
iter 84
stack_ptr 116
stack_size 123
init_uc 173
num_of_clause 5
iter 85
stack_ptr 117
stack_size 123
init_uc -23
num_of_clause 5
iter 86
stack_ptr 118
stack_size 125
init_uc -221
num_of_clause 7
iter 87
stack_ptr 119
stack_size 126
init_uc -237
num_of_clause 7
iter 88
stack_ptr 120
stack_size 126
init_uc 251
num_of_clause 5
iter 89
stack_ptr 121
stack_size 128
init_uc -134
num_of_clause 5
iter 90
stack_ptr 122
stack_size 129
init_uc -223
num_of_clause 7
iter 91
stack_ptr 123
stack_size 129
init_uc 136
num_of_clause 5
iter 92
stack_ptr 124
stack_size 129
init_uc 102
num_of_clause 6
iter 93
stack_ptr 125
stack_size 134
init_uc 211
num_of_clause 4
iter 94
stack_ptr 126
stack_size 134
init_uc 16
num_of_clause 3
iter 95
stack_ptr 127
stack_size 134
init_uc -71
num_of_clause 10
iter 96
stack_ptr 128
stack_size 138
init_uc -250
num_of_clause 5
iter 97
stack_ptr 129
stack_size 138
init_uc -138
num_of_clause 9
iter 98
stack_ptr 130
stack_size 142
init_uc 108
num_of_clause 3
iter 99
stack_ptr 131
stack_size 143
init_uc -264
num_of_clause 9
iter 100
stack_ptr 132
stack_size 146
init_uc -216
num_of_clause 8
iter 101
stack_ptr 133
stack_size 148
init_uc -64
num_of_clause 7
iter 102
stack_ptr 134
stack_size 150
init_uc -29
num_of_clause 5
iter 103
stack_ptr 135
stack_size 151
init_uc -17
num_of_clause 8
iter 104
stack_ptr 136
stack_size 154
init_uc 170
num_of_clause 9
iter 105
stack_ptr 137
stack_size 157
init_uc 20
num_of_clause 4
iter 106
stack_ptr 138
stack_size 159
init_uc -118
num_of_clause 5
iter 107
stack_ptr 139
stack_size 161
init_uc -7
num_of_clause 7
iter 108
stack_ptr 140
stack_size 162
init_uc -46
num_of_clause 4
iter 109
stack_ptr 141
stack_size 164
init_uc -260
num_of_clause 5
iter 110
stack_ptr 142
stack_size 165
init_uc -94
num_of_clause 4
iter 111
stack_ptr 143
stack_size 165
init_uc -162
num_of_clause 6
iter 112
stack_ptr 144
stack_size 165
init_uc 72
num_of_clause 5
iter 113
stack_ptr 145
stack_size 168
init_uc -243
num_of_clause 10
iter 114
stack_ptr 146
stack_size 169
init_uc -204
num_of_clause 5
iter 115
stack_ptr 147
stack_size 171
init_uc -110
num_of_clause 3
iter 116
stack_ptr 148
stack_size 172
init_uc 206
num_of_clause 5
iter 117
stack_ptr 149
stack_size 172
init_uc -65
num_of_clause 5
iter 118
stack_ptr 150
stack_size 175
init_uc -233
num_of_clause 3
iter 119
stack_ptr 151
stack_size 176
init_uc -67
num_of_clause 8
iter 120
stack_ptr 152
stack_size 179
init_uc -235
num_of_clause 5
iter 121
stack_ptr 153
stack_size 179
init_uc -120
num_of_clause 10
iter 122
stack_ptr 154
stack_size 182
init_uc 181
num_of_clause 8
bcp_result Conflict

SATISFIABLE
Overall_Comp_time: 63222525, First_Conflict_Time: 759 us
