bcp_result UNDEFINE

iter 0
stack_ptr 1
stack_size 2
init_uc -100
num_of_clause 5
bcp_result UNDEFINE

iter 1
stack_ptr 3
stack_size 4
init_uc -99
num_of_clause 6
bcp_result UNDEFINE

iter 2
stack_ptr 5
stack_size 6
init_uc -98
num_of_clause 3
bcp_result UNDEFINE

iter 3
stack_ptr 7
stack_size 8
init_uc -97
num_of_clause 10
bcp_result UNDEFINE

iter 4
stack_ptr 9
stack_size 10
init_uc -96
num_of_clause 7
bcp_result UNDEFINE

iter 5
stack_ptr 11
stack_size 12
init_uc -95
num_of_clause 6
bcp_result UNDEFINE

iter 6
stack_ptr 13
stack_size 14
init_uc -94
num_of_clause 6
bcp_result UNDEFINE

iter 7
stack_ptr 15
stack_size 16
init_uc -93
num_of_clause 3
bcp_result UNDEFINE

iter 8
stack_ptr 17
stack_size 18
init_uc -92
num_of_clause 7
iter 9
stack_ptr 18
stack_size 19
init_uc 23
num_of_clause 12
bcp_result UNDEFINE

iter 10
stack_ptr 20
stack_size 21
init_uc -91
num_of_clause 7
iter 11
stack_ptr 21
stack_size 23
init_uc 80
num_of_clause 7
iter 12
stack_ptr 22
stack_size 23
init_uc 87
num_of_clause 9
iter 13
stack_ptr 23
stack_size 24
init_uc 33
num_of_clause 5
bcp_result UNDEFINE

iter 14
stack_ptr 25
stack_size 26
init_uc -90
num_of_clause 3
bcp_result UNDEFINE

iter 15
stack_ptr 27
stack_size 28
init_uc -89
num_of_clause 6
iter 16
stack_ptr 28
stack_size 29
init_uc 57
num_of_clause 8
bcp_result UNDEFINE

iter 17
stack_ptr 30
stack_size 31
init_uc -88
num_of_clause 6
iter 18
stack_ptr 31
stack_size 33
init_uc -66
num_of_clause 4
iter 19
stack_ptr 32
stack_size 34
init_uc -43
num_of_clause 4
iter 20
stack_ptr 33
stack_size 36
init_uc -30
num_of_clause 7
iter 21
stack_ptr 34
stack_size 37
init_uc 48
num_of_clause 9
iter 22
stack_ptr 35
stack_size 38
init_uc 6
num_of_clause 5
iter 23
stack_ptr 36
stack_size 38
init_uc -82
num_of_clause 5
iter 24
stack_ptr 37
stack_size 39
init_uc 75
num_of_clause 8
iter 25
stack_ptr 38
stack_size 42
init_uc 54
num_of_clause 5
iter 26
stack_ptr 39
stack_size 44
init_uc 50
num_of_clause 11
iter 27
stack_ptr 40
stack_size 48
init_uc -22
num_of_clause 7
iter 28
stack_ptr 41
stack_size 48
init_uc -38
num_of_clause 8
iter 29
stack_ptr 42
stack_size 49
init_uc 76
num_of_clause 6
iter 30
stack_ptr 43
stack_size 50
init_uc 55
num_of_clause 6
iter 31
stack_ptr 44
stack_size 52
init_uc 19
num_of_clause 8
iter 32
stack_ptr 45
stack_size 54
init_uc -74
num_of_clause 4
iter 33
stack_ptr 46
stack_size 55
init_uc 20
num_of_clause 9
iter 34
stack_ptr 47
stack_size 58
init_uc -29
num_of_clause 2
iter 35
stack_ptr 48
stack_size 60
init_uc -27
num_of_clause 4
iter 36
stack_ptr 49
stack_size 61
init_uc -39
num_of_clause 9
iter 37
stack_ptr 50
stack_size 64
init_uc 84
num_of_clause 8
iter 38
stack_ptr 51
stack_size 64
init_uc -41
num_of_clause 10
iter 39
stack_ptr 52
stack_size 67
init_uc 3
num_of_clause 1
iter 40
stack_ptr 53
stack_size 67
init_uc 58
num_of_clause 3
iter 41
stack_ptr 54
stack_size 68
init_uc 77
num_of_clause 8
bcp_result Conflict

UNSATISFIABLE
Overall_Comp_time: 48308 us, First_Conflict_Time: 239 us
