bcp_result UNDEFINE

iter 0
stack_ptr 1
stack_size 2
init_uc -150
num_of_clause 7
bcp_result UNDEFINE

iter 1
stack_ptr 3
stack_size 4
init_uc -149
num_of_clause 4
bcp_result UNDEFINE

iter 2
stack_ptr 5
stack_size 6
init_uc -148
num_of_clause 4
bcp_result UNDEFINE

iter 3
stack_ptr 7
stack_size 8
init_uc -147
num_of_clause 4
bcp_result UNDEFINE

iter 4
stack_ptr 9
stack_size 10
init_uc -146
num_of_clause 7
bcp_result UNDEFINE

iter 5
stack_ptr 11
stack_size 12
init_uc -145
num_of_clause 9
bcp_result UNDEFINE

iter 6
stack_ptr 13
stack_size 14
init_uc -144
num_of_clause 5
bcp_result UNDEFINE

iter 7
stack_ptr 15
stack_size 16
init_uc -143
num_of_clause 6
bcp_result UNDEFINE

iter 8
stack_ptr 17
stack_size 18
init_uc -142
num_of_clause 7
iter 9
stack_ptr 18
stack_size 19
init_uc 66
num_of_clause 9
iter 10
stack_ptr 19
stack_size 20
init_uc 129
num_of_clause 8
bcp_result UNDEFINE

iter 11
stack_ptr 21
stack_size 22
init_uc -141
num_of_clause 8
iter 12
stack_ptr 22
stack_size 23
init_uc -98
num_of_clause 5
bcp_result UNDEFINE

iter 13
stack_ptr 24
stack_size 25
init_uc -140
num_of_clause 10
bcp_result UNDEFINE

iter 14
stack_ptr 26
stack_size 27
init_uc -139
num_of_clause 4
bcp_result UNDEFINE

iter 15
stack_ptr 28
stack_size 29
init_uc -138
num_of_clause 6
iter 16
stack_ptr 29
stack_size 30
init_uc -10
num_of_clause 6
bcp_result UNDEFINE

iter 17
stack_ptr 31
stack_size 32
init_uc -137
num_of_clause 7
bcp_result UNDEFINE

iter 18
stack_ptr 33
stack_size 34
init_uc -136
num_of_clause 9
bcp_result UNDEFINE

iter 19
stack_ptr 35
stack_size 36
init_uc -135
num_of_clause 7
iter 20
stack_ptr 36
stack_size 37
init_uc -122
num_of_clause 7
iter 21
stack_ptr 37
stack_size 38
init_uc -3
num_of_clause 8
iter 22
stack_ptr 38
stack_size 41
init_uc 11
num_of_clause 8
iter 23
stack_ptr 39
stack_size 41
init_uc 51
num_of_clause 2
iter 24
stack_ptr 40
stack_size 41
init_uc 88
num_of_clause 8
bcp_result UNDEFINE

iter 25
stack_ptr 42
stack_size 43
init_uc -134
num_of_clause 5
iter 26
stack_ptr 43
stack_size 44
init_uc 89
num_of_clause 5
iter 27
stack_ptr 44
stack_size 45
init_uc 108
num_of_clause 4
bcp_result UNDEFINE

iter 28
stack_ptr 46
stack_size 47
init_uc -133
num_of_clause 3
bcp_result UNDEFINE

iter 29
stack_ptr 48
stack_size 49
init_uc -132
num_of_clause 5
iter 30
stack_ptr 49
stack_size 50
init_uc -52
num_of_clause 4
iter 31
stack_ptr 50
stack_size 52
init_uc -118
num_of_clause 4
iter 32
stack_ptr 51
stack_size 54
init_uc 125
num_of_clause 4
iter 33
stack_ptr 52
stack_size 56
init_uc 74
num_of_clause 4
iter 34
stack_ptr 53
stack_size 57
init_uc -59
num_of_clause 2
iter 35
stack_ptr 54
stack_size 58
init_uc 36
num_of_clause 6
iter 36
stack_ptr 55
stack_size 61
init_uc 99
num_of_clause 3
iter 37
stack_ptr 56
stack_size 62
init_uc 113
num_of_clause 10
iter 38
stack_ptr 57
stack_size 63
init_uc -8
num_of_clause 4
iter 39
stack_ptr 58
stack_size 64
init_uc -43
num_of_clause 9
iter 40
stack_ptr 59
stack_size 66
init_uc -123
num_of_clause 7
iter 41
stack_ptr 60
stack_size 68
init_uc -54
num_of_clause 1
iter 42
stack_ptr 61
stack_size 68
init_uc -128
num_of_clause 7
iter 43
stack_ptr 62
stack_size 68
init_uc -38
num_of_clause 7
iter 44
stack_ptr 63
stack_size 69
init_uc -84
num_of_clause 4
iter 45
stack_ptr 64
stack_size 70
init_uc -131
num_of_clause 5
iter 46
stack_ptr 65
stack_size 70
init_uc -26
num_of_clause 6
iter 47
stack_ptr 66
stack_size 70
init_uc 120
num_of_clause 9
iter 48
stack_ptr 67
stack_size 72
init_uc 73
num_of_clause 8
iter 49
stack_ptr 68
stack_size 73
init_uc -96
num_of_clause 8
iter 50
stack_ptr 69
stack_size 75
init_uc -2
num_of_clause 6
iter 51
stack_ptr 70
stack_size 75
init_uc -15
num_of_clause 8
iter 52
stack_ptr 71
stack_size 77
init_uc -110
num_of_clause 3
iter 53
stack_ptr 72
stack_size 77
init_uc -19
num_of_clause 6
iter 54
stack_ptr 73
stack_size 78
init_uc 47
num_of_clause 1
iter 55
stack_ptr 74
stack_size 78
init_uc 81
num_of_clause 5
iter 56
stack_ptr 75
stack_size 80
init_uc -57
num_of_clause 3
iter 57
stack_ptr 76
stack_size 81
init_uc -115
num_of_clause 3
iter 58
stack_ptr 77
stack_size 83
init_uc 94
num_of_clause 12
iter 59
stack_ptr 78
stack_size 86
init_uc -85
num_of_clause 4
iter 60
stack_ptr 79
stack_size 88
init_uc 35
num_of_clause 7
iter 61
stack_ptr 80
stack_size 92
init_uc -93
num_of_clause 5
iter 62
stack_ptr 81
stack_size 94
init_uc 16
num_of_clause 8
iter 63
stack_ptr 82
stack_size 97
init_uc 90
num_of_clause 5
bcp_result Conflict

SATISFIABLE
Overall_Comp_time: 39741, First_Conflict_Time: 333 us
