bcp_result UNDEFINE

iter 0
stack_ptr 1
stack_size 2
init_uc -250
num_of_clause 3
bcp_result UNDEFINE

iter 1
stack_ptr 3
stack_size 4
init_uc -249
num_of_clause 5
bcp_result UNDEFINE

iter 2
stack_ptr 5
stack_size 6
init_uc -248
num_of_clause 5
bcp_result UNDEFINE

iter 3
stack_ptr 7
stack_size 8
init_uc -247
num_of_clause 6
bcp_result UNDEFINE

iter 4
stack_ptr 9
stack_size 10
init_uc -246
num_of_clause 3
bcp_result UNDEFINE

iter 5
stack_ptr 11
stack_size 12
init_uc -245
num_of_clause 7
bcp_result UNDEFINE

iter 6
stack_ptr 13
stack_size 14
init_uc -244
num_of_clause 6
bcp_result UNDEFINE

iter 7
stack_ptr 15
stack_size 16
init_uc -243
num_of_clause 5
bcp_result UNDEFINE

iter 8
stack_ptr 17
stack_size 18
init_uc -242
num_of_clause 10
bcp_result UNDEFINE

iter 9
stack_ptr 19
stack_size 20
init_uc -241
num_of_clause 7
bcp_result UNDEFINE

iter 10
stack_ptr 21
stack_size 22
init_uc -240
num_of_clause 7
bcp_result UNDEFINE

iter 11
stack_ptr 23
stack_size 24
init_uc -239
num_of_clause 4
iter 12
stack_ptr 24
stack_size 25
init_uc -34
num_of_clause 9
bcp_result UNDEFINE

iter 13
stack_ptr 26
stack_size 27
init_uc -238
num_of_clause 9
bcp_result UNDEFINE

iter 14
stack_ptr 28
stack_size 29
init_uc -237
num_of_clause 3
bcp_result UNDEFINE

iter 15
stack_ptr 30
stack_size 31
init_uc -236
num_of_clause 6
bcp_result UNDEFINE

iter 16
stack_ptr 32
stack_size 33
init_uc -235
num_of_clause 5
bcp_result UNDEFINE

iter 17
stack_ptr 34
stack_size 35
init_uc -234
num_of_clause 5
bcp_result UNDEFINE

iter 18
stack_ptr 36
stack_size 37
init_uc -233
num_of_clause 3
bcp_result UNDEFINE

iter 19
stack_ptr 38
stack_size 39
init_uc -232
num_of_clause 13
bcp_result UNDEFINE

iter 20
stack_ptr 40
stack_size 41
init_uc -231
num_of_clause 6
bcp_result UNDEFINE

iter 21
stack_ptr 42
stack_size 43
init_uc -230
num_of_clause 4
bcp_result UNDEFINE

iter 22
stack_ptr 44
stack_size 45
init_uc -229
num_of_clause 9
iter 23
stack_ptr 45
stack_size 46
init_uc -213
num_of_clause 3
iter 24
stack_ptr 46
stack_size 48
init_uc 47
num_of_clause 8
iter 25
stack_ptr 47
stack_size 50
init_uc -21
num_of_clause 6
iter 26
stack_ptr 48
stack_size 50
init_uc -14
num_of_clause 6
iter 27
stack_ptr 49
stack_size 51
init_uc -8
num_of_clause 9
iter 28
stack_ptr 50
stack_size 51
init_uc 154
num_of_clause 6
bcp_result UNDEFINE

iter 29
stack_ptr 52
stack_size 53
init_uc -228
num_of_clause 8
bcp_result UNDEFINE

iter 30
stack_ptr 54
stack_size 55
init_uc -227
num_of_clause 8
iter 31
stack_ptr 55
stack_size 56
init_uc 78
num_of_clause 6
iter 32
stack_ptr 56
stack_size 57
init_uc 222
num_of_clause 6
iter 33
stack_ptr 57
stack_size 58
init_uc 133
num_of_clause 7
bcp_result UNDEFINE

iter 34
stack_ptr 59
stack_size 60
init_uc -226
num_of_clause 7
bcp_result UNDEFINE

iter 35
stack_ptr 61
stack_size 62
init_uc -225
num_of_clause 3
bcp_result UNDEFINE

iter 36
stack_ptr 63
stack_size 64
init_uc -224
num_of_clause 7
iter 37
stack_ptr 64
stack_size 65
init_uc 218
num_of_clause 3
iter 38
stack_ptr 65
stack_size 66
init_uc 48
num_of_clause 12
iter 39
stack_ptr 66
stack_size 67
init_uc 176
num_of_clause 4
bcp_result UNDEFINE

iter 40
stack_ptr 68
stack_size 69
init_uc -223
num_of_clause 4
bcp_result UNDEFINE

iter 41
stack_ptr 70
stack_size 71
init_uc -221
num_of_clause 4
bcp_result UNDEFINE

iter 42
stack_ptr 72
stack_size 73
init_uc -220
num_of_clause 5
bcp_result UNDEFINE

iter 43
stack_ptr 74
stack_size 75
init_uc -219
num_of_clause 9
iter 44
stack_ptr 75
stack_size 78
init_uc -199
num_of_clause 5
iter 45
stack_ptr 76
stack_size 81
init_uc -113
num_of_clause 5
iter 46
stack_ptr 77
stack_size 81
init_uc -128
num_of_clause 3
iter 47
stack_ptr 78
stack_size 82
init_uc 40
num_of_clause 7
iter 48
stack_ptr 79
stack_size 83
init_uc -205
num_of_clause 5
iter 49
stack_ptr 80
stack_size 83
init_uc -159
num_of_clause 7
iter 50
stack_ptr 81
stack_size 83
init_uc 62
num_of_clause 10
iter 51
stack_ptr 82
stack_size 86
init_uc -173
num_of_clause 3
iter 52
stack_ptr 83
stack_size 87
init_uc 76
num_of_clause 5
iter 53
stack_ptr 84
stack_size 87
init_uc 27
num_of_clause 4
iter 54
stack_ptr 85
stack_size 88
init_uc -153
num_of_clause 8
iter 55
stack_ptr 86
stack_size 88
init_uc 24
num_of_clause 8
iter 56
stack_ptr 87
stack_size 88
init_uc 217
num_of_clause 5
iter 57
stack_ptr 88
stack_size 89
init_uc -188
num_of_clause 8
bcp_result UNDEFINE

iter 58
stack_ptr 90
stack_size 91
init_uc -216
num_of_clause 5
iter 59
stack_ptr 91
stack_size 93
init_uc -7
num_of_clause 8
iter 60
stack_ptr 92
stack_size 94
init_uc -140
num_of_clause 3
iter 61
stack_ptr 93
stack_size 95
init_uc -186
num_of_clause 9
iter 62
stack_ptr 94
stack_size 99
init_uc 112
num_of_clause 5
iter 63
stack_ptr 95
stack_size 99
init_uc 174
num_of_clause 7
iter 64
stack_ptr 96
stack_size 103
init_uc 90
num_of_clause 4
iter 65
stack_ptr 97
stack_size 103
init_uc -81
num_of_clause 6
iter 66
stack_ptr 98
stack_size 104
init_uc 197
num_of_clause 10
iter 67
stack_ptr 99
stack_size 106
init_uc -175
num_of_clause 6
iter 68
stack_ptr 100
stack_size 107
init_uc -88
num_of_clause 6
iter 69
stack_ptr 101
stack_size 110
init_uc 11
num_of_clause 8
iter 70
stack_ptr 102
stack_size 111
init_uc -57
num_of_clause 5
iter 71
stack_ptr 103
stack_size 112
init_uc 209
num_of_clause 5
bcp_result Conflict

UNSATISFIABLE
Overall_Comp_time: 59507657 us, First_Conflict_Time: 134 us
