bcp_result UNDEFINE

iter 0
stack_ptr 1
stack_size 2
init_uc -250
num_of_clause 7
bcp_result UNDEFINE

iter 1
stack_ptr 3
stack_size 4
init_uc -249
num_of_clause 9
bcp_result UNDEFINE

iter 2
stack_ptr 5
stack_size 6
init_uc -248
num_of_clause 12
bcp_result UNDEFINE

iter 3
stack_ptr 7
stack_size 8
init_uc -247
num_of_clause 10
bcp_result UNDEFINE

iter 4
stack_ptr 9
stack_size 10
init_uc -246
num_of_clause 3
bcp_result UNDEFINE

iter 5
stack_ptr 11
stack_size 12
init_uc -245
num_of_clause 6
bcp_result UNDEFINE

iter 6
stack_ptr 13
stack_size 14
init_uc -244
num_of_clause 7
bcp_result UNDEFINE

iter 7
stack_ptr 15
stack_size 16
init_uc -243
num_of_clause 6
bcp_result UNDEFINE

iter 8
stack_ptr 17
stack_size 18
init_uc -242
num_of_clause 10
bcp_result UNDEFINE

iter 9
stack_ptr 19
stack_size 20
init_uc -241
num_of_clause 6
iter 10
stack_ptr 20
stack_size 21
init_uc 214
num_of_clause 10
iter 11
stack_ptr 21
stack_size 22
init_uc 157
num_of_clause 6
iter 12
stack_ptr 22
stack_size 23
init_uc -68
num_of_clause 4
bcp_result UNDEFINE

iter 13
stack_ptr 24
stack_size 25
init_uc -240
num_of_clause 10
iter 14
stack_ptr 25
stack_size 27
init_uc -182
num_of_clause 4
iter 15
stack_ptr 26
stack_size 27
init_uc -165
num_of_clause 8
iter 16
stack_ptr 27
stack_size 28
init_uc -139
num_of_clause 8
iter 17
stack_ptr 28
stack_size 29
init_uc -104
num_of_clause 3
bcp_result UNDEFINE

iter 18
stack_ptr 30
stack_size 31
init_uc -239
num_of_clause 11
iter 19
stack_ptr 31
stack_size 32
init_uc 50
num_of_clause 6
iter 20
stack_ptr 32
stack_size 34
init_uc 53
num_of_clause 10
iter 21
stack_ptr 33
stack_size 36
init_uc 4
num_of_clause 6
iter 22
stack_ptr 34
stack_size 36
init_uc 215
num_of_clause 8
iter 23
stack_ptr 35
stack_size 37
init_uc 137
num_of_clause 7
iter 24
stack_ptr 36
stack_size 37
init_uc 17
num_of_clause 8
iter 25
stack_ptr 37
stack_size 38
init_uc -144
num_of_clause 3
bcp_result UNDEFINE

iter 26
stack_ptr 39
stack_size 40
init_uc -238
num_of_clause 7
bcp_result UNDEFINE

iter 27
stack_ptr 41
stack_size 42
init_uc -237
num_of_clause 8
iter 28
stack_ptr 42
stack_size 43
init_uc -73
num_of_clause 11
iter 29
stack_ptr 43
stack_size 46
init_uc -29
num_of_clause 10
iter 30
stack_ptr 44
stack_size 48
init_uc 41
num_of_clause 2
iter 31
stack_ptr 45
stack_size 48
init_uc 108
num_of_clause 9
iter 32
stack_ptr 46
stack_size 50
init_uc 147
num_of_clause 6
iter 33
stack_ptr 47
stack_size 51
init_uc 43
num_of_clause 6
iter 34
stack_ptr 48
stack_size 51
init_uc 69
num_of_clause 7
iter 35
stack_ptr 49
stack_size 53
init_uc 188
num_of_clause 3
iter 36
stack_ptr 50
stack_size 54
init_uc -91
num_of_clause 7
iter 37
stack_ptr 51
stack_size 54
init_uc 82
num_of_clause 7
iter 38
stack_ptr 52
stack_size 56
init_uc -154
num_of_clause 4
iter 39
stack_ptr 53
stack_size 57
init_uc -177
num_of_clause 4
iter 40
stack_ptr 54
stack_size 58
init_uc -207
num_of_clause 6
iter 41
stack_ptr 55
stack_size 58
init_uc -155
num_of_clause 5
iter 42
stack_ptr 56
stack_size 59
init_uc 35
num_of_clause 5
iter 43
stack_ptr 57
stack_size 60
init_uc -95
num_of_clause 2
iter 44
stack_ptr 58
stack_size 60
init_uc 226
num_of_clause 5
iter 45
stack_ptr 59
stack_size 61
init_uc 85
num_of_clause 10
iter 46
stack_ptr 60
stack_size 62
init_uc -201
num_of_clause 5
iter 47
stack_ptr 61
stack_size 62
init_uc -175
num_of_clause 3
bcp_result UNDEFINE

iter 48
stack_ptr 63
stack_size 64
init_uc -236
num_of_clause 8
iter 49
stack_ptr 64
stack_size 65
init_uc 62
num_of_clause 7
bcp_result UNDEFINE

iter 50
stack_ptr 66
stack_size 67
init_uc -235
num_of_clause 7
bcp_result UNDEFINE

iter 51
stack_ptr 68
stack_size 69
init_uc -234
num_of_clause 2
bcp_result UNDEFINE

iter 52
stack_ptr 70
stack_size 71
init_uc -233
num_of_clause 8
iter 53
stack_ptr 71
stack_size 72
init_uc 195
num_of_clause 10
iter 54
stack_ptr 72
stack_size 74
init_uc -145
num_of_clause 5
iter 55
stack_ptr 73
stack_size 75
init_uc 164
num_of_clause 8
iter 56
stack_ptr 74
stack_size 76
init_uc -80
num_of_clause 5
iter 57
stack_ptr 75
stack_size 77
init_uc 84
num_of_clause 8
iter 58
stack_ptr 76
stack_size 77
init_uc -20
num_of_clause 6
bcp_result UNDEFINE

iter 59
stack_ptr 78
stack_size 79
init_uc -232
num_of_clause 1
bcp_result UNDEFINE

iter 60
stack_ptr 80
stack_size 81
init_uc -231
num_of_clause 5
bcp_result UNDEFINE

iter 61
stack_ptr 82
stack_size 83
init_uc -230
num_of_clause 8
bcp_result UNDEFINE

iter 62
stack_ptr 84
stack_size 85
init_uc -229
num_of_clause 5
iter 63
stack_ptr 85
stack_size 88
init_uc 105
num_of_clause 7
iter 64
stack_ptr 86
stack_size 89
init_uc -54
num_of_clause 6
iter 65
stack_ptr 87
stack_size 91
init_uc -121
num_of_clause 4
iter 66
stack_ptr 88
stack_size 91
init_uc 12
num_of_clause 6
iter 67
stack_ptr 89
stack_size 92
init_uc 120
num_of_clause 11
iter 68
stack_ptr 90
stack_size 92
init_uc 7
num_of_clause 6
iter 69
stack_ptr 91
stack_size 92
init_uc 107
num_of_clause 7
iter 70
stack_ptr 92
stack_size 95
init_uc -60
num_of_clause 6
iter 71
stack_ptr 93
stack_size 97
init_uc -33
num_of_clause 9
iter 72
stack_ptr 94
stack_size 98
init_uc -109
num_of_clause 4
iter 73
stack_ptr 95
stack_size 98
init_uc 163
num_of_clause 10
iter 74
stack_ptr 96
stack_size 102
init_uc -89
num_of_clause 6
iter 75
stack_ptr 97
stack_size 103
init_uc -197
num_of_clause 3
iter 76
stack_ptr 98
stack_size 103
init_uc -19
num_of_clause 4
iter 77
stack_ptr 99
stack_size 103
init_uc 66
num_of_clause 5
iter 78
stack_ptr 100
stack_size 103
init_uc -90
num_of_clause 6
iter 79
stack_ptr 101
stack_size 105
init_uc -70
num_of_clause 8
iter 80
stack_ptr 102
stack_size 106
init_uc -11
num_of_clause 5
iter 81
stack_ptr 103
stack_size 107
init_uc -198
num_of_clause 5
iter 82
stack_ptr 104
stack_size 108
init_uc 189
num_of_clause 7
iter 83
stack_ptr 105
stack_size 109
init_uc 212
num_of_clause 7
iter 84
stack_ptr 106
stack_size 111
init_uc 146
num_of_clause 4
iter 85
stack_ptr 107
stack_size 111
init_uc -37
num_of_clause 6
iter 86
stack_ptr 108
stack_size 111
init_uc -194
num_of_clause 4
iter 87
stack_ptr 109
stack_size 112
init_uc 21
num_of_clause 7
iter 88
stack_ptr 110
stack_size 115
init_uc -216
num_of_clause 4
iter 89
stack_ptr 111
stack_size 117
init_uc 111
num_of_clause 6
iter 90
stack_ptr 112
stack_size 120
init_uc 192
num_of_clause 2
iter 91
stack_ptr 113
stack_size 120
init_uc 30
num_of_clause 7
iter 92
stack_ptr 114
stack_size 122
init_uc 61
num_of_clause 4
iter 93
stack_ptr 115
stack_size 124
init_uc -140
num_of_clause 8
iter 94
stack_ptr 116
stack_size 126
init_uc 13
num_of_clause 4
iter 95
stack_ptr 117
stack_size 126
init_uc -187
num_of_clause 1
iter 96
stack_ptr 118
stack_size 126
init_uc -125
num_of_clause 6
iter 97
stack_ptr 119
stack_size 128
init_uc 45
num_of_clause 5
iter 98
stack_ptr 120
stack_size 129
init_uc 22
num_of_clause 6
iter 99
stack_ptr 121
stack_size 130
init_uc 113
num_of_clause 11
iter 100
stack_ptr 122
stack_size 133
init_uc -32
num_of_clause 6
iter 101
stack_ptr 123
stack_size 135
init_uc -191
num_of_clause 5
iter 102
stack_ptr 124
stack_size 135
init_uc -28
num_of_clause 6
bcp_result Conflict

UNSATISFIABLE
Overall_Comp_time: 15225155 us, First_Conflict_Time: 387 us
