bcp_result UNDEFINE

iter 0
stack_ptr 1
stack_size 2
init_uc -150
num_of_clause 4
bcp_result UNDEFINE

iter 1
stack_ptr 3
stack_size 4
init_uc -149
num_of_clause 4
bcp_result UNDEFINE

iter 2
stack_ptr 5
stack_size 6
init_uc -148
num_of_clause 6
bcp_result UNDEFINE

iter 3
stack_ptr 7
stack_size 8
init_uc -147
num_of_clause 5
bcp_result UNDEFINE

iter 4
stack_ptr 9
stack_size 10
init_uc -146
num_of_clause 5
iter 5
stack_ptr 10
stack_size 11
init_uc -34
num_of_clause 6
bcp_result UNDEFINE

iter 6
stack_ptr 12
stack_size 13
init_uc -145
num_of_clause 6
bcp_result UNDEFINE

iter 7
stack_ptr 14
stack_size 15
init_uc -144
num_of_clause 11
bcp_result UNDEFINE

iter 8
stack_ptr 16
stack_size 17
init_uc -143
num_of_clause 6
bcp_result UNDEFINE

iter 9
stack_ptr 18
stack_size 19
init_uc -142
num_of_clause 9
bcp_result UNDEFINE

iter 10
stack_ptr 20
stack_size 21
init_uc -141
num_of_clause 2
bcp_result UNDEFINE

iter 11
stack_ptr 22
stack_size 23
init_uc -140
num_of_clause 8
bcp_result UNDEFINE

iter 12
stack_ptr 24
stack_size 25
init_uc -139
num_of_clause 7
bcp_result UNDEFINE

iter 13
stack_ptr 26
stack_size 27
init_uc -138
num_of_clause 5
bcp_result UNDEFINE

iter 14
stack_ptr 28
stack_size 29
init_uc -137
num_of_clause 5
bcp_result UNDEFINE

iter 15
stack_ptr 30
stack_size 31
init_uc -136
num_of_clause 7
bcp_result UNDEFINE

iter 16
stack_ptr 32
stack_size 33
init_uc -135
num_of_clause 12
iter 17
stack_ptr 33
stack_size 35
init_uc 126
num_of_clause 3
iter 18
stack_ptr 34
stack_size 36
init_uc 125
num_of_clause 12
iter 19
stack_ptr 35
stack_size 38
init_uc 43
num_of_clause 3
iter 20
stack_ptr 36
stack_size 38
init_uc -79
num_of_clause 6
iter 21
stack_ptr 37
stack_size 38
init_uc 87
num_of_clause 4
iter 22
stack_ptr 38
stack_size 39
init_uc 52
num_of_clause 5
bcp_result UNDEFINE

iter 23
stack_ptr 40
stack_size 41
init_uc -134
num_of_clause 9
iter 24
stack_ptr 41
stack_size 44
init_uc -124
num_of_clause 3
iter 25
stack_ptr 42
stack_size 44
init_uc -31
num_of_clause 5
iter 26
stack_ptr 43
stack_size 45
init_uc -29
num_of_clause 9
iter 27
stack_ptr 44
stack_size 47
init_uc -92
num_of_clause 11
iter 28
stack_ptr 45
stack_size 49
init_uc -58
num_of_clause 10
iter 29
stack_ptr 46
stack_size 51
init_uc 85
num_of_clause 6
iter 30
stack_ptr 47
stack_size 53
init_uc -72
num_of_clause 11
iter 31
stack_ptr 48
stack_size 53
init_uc 44
num_of_clause 6
iter 32
stack_ptr 49
stack_size 54
init_uc -121
num_of_clause 3
iter 33
stack_ptr 50
stack_size 54
init_uc -25
num_of_clause 6
iter 34
stack_ptr 51
stack_size 55
init_uc 9
num_of_clause 7
iter 35
stack_ptr 52
stack_size 56
init_uc -83
num_of_clause 5
iter 36
stack_ptr 53
stack_size 57
init_uc -115
num_of_clause 4
iter 37
stack_ptr 54
stack_size 57
init_uc -98
num_of_clause 6
iter 38
stack_ptr 55
stack_size 59
init_uc 33
num_of_clause 4
iter 39
stack_ptr 56
stack_size 60
init_uc -116
num_of_clause 12
iter 40
stack_ptr 57
stack_size 61
init_uc -89
num_of_clause 8
iter 41
stack_ptr 58
stack_size 62
init_uc 105
num_of_clause 6
iter 42
stack_ptr 59
stack_size 63
init_uc 106
num_of_clause 5
iter 43
stack_ptr 60
stack_size 64
init_uc 131
num_of_clause 4
iter 44
stack_ptr 61
stack_size 65
init_uc -127
num_of_clause 3
iter 45
stack_ptr 62
stack_size 66
init_uc -110
num_of_clause 5
iter 46
stack_ptr 63
stack_size 68
init_uc -8
num_of_clause 7
iter 47
stack_ptr 64
stack_size 70
init_uc 74
num_of_clause 8
iter 48
stack_ptr 65
stack_size 70
init_uc -132
num_of_clause 5
iter 49
stack_ptr 66
stack_size 72
init_uc 111
num_of_clause 9
iter 50
stack_ptr 67
stack_size 76
init_uc 78
num_of_clause 6
iter 51
stack_ptr 68
stack_size 77
init_uc -86
num_of_clause 7
iter 52
stack_ptr 69
stack_size 80
init_uc -81
num_of_clause 6
iter 53
stack_ptr 70
stack_size 80
init_uc 12
num_of_clause 6
iter 54
stack_ptr 71
stack_size 81
init_uc 16
num_of_clause 14
iter 55
stack_ptr 72
stack_size 87
init_uc -46
num_of_clause 7
iter 56
stack_ptr 73
stack_size 88
init_uc 70
num_of_clause 3
iter 57
stack_ptr 74
stack_size 89
init_uc -23
num_of_clause 8
iter 58
stack_ptr 75
stack_size 91
init_uc -21
num_of_clause 6
bcp_result Conflict

UNSATISFIABLE
Overall_Comp_time: 347267 us, First_Conflict_Time: 371 us
