bcp_result UNDEFINE

iter 0
stack_ptr 1
stack_size 2
init_uc -200
num_of_clause 8
bcp_result UNDEFINE

iter 1
stack_ptr 3
stack_size 4
init_uc -199
num_of_clause 12
iter 2
stack_ptr 4
stack_size 5
init_uc -86
num_of_clause 7
bcp_result UNDEFINE

iter 3
stack_ptr 6
stack_size 7
init_uc -198
num_of_clause 7
bcp_result UNDEFINE

iter 4
stack_ptr 8
stack_size 9
init_uc -197
num_of_clause 4
bcp_result UNDEFINE

iter 5
stack_ptr 10
stack_size 11
init_uc -196
num_of_clause 6
bcp_result UNDEFINE

iter 6
stack_ptr 12
stack_size 13
init_uc -195
num_of_clause 8
bcp_result UNDEFINE

iter 7
stack_ptr 14
stack_size 15
init_uc -194
num_of_clause 7
bcp_result UNDEFINE

iter 8
stack_ptr 16
stack_size 17
init_uc -193
num_of_clause 5
bcp_result UNDEFINE

iter 9
stack_ptr 18
stack_size 19
init_uc -192
num_of_clause 5
bcp_result UNDEFINE

iter 10
stack_ptr 20
stack_size 21
init_uc -191
num_of_clause 7
iter 11
stack_ptr 21
stack_size 22
init_uc 159
num_of_clause 5
bcp_result UNDEFINE

iter 12
stack_ptr 23
stack_size 24
init_uc -190
num_of_clause 6
bcp_result UNDEFINE

iter 13
stack_ptr 25
stack_size 26
init_uc -189
num_of_clause 4
bcp_result UNDEFINE

iter 14
stack_ptr 27
stack_size 28
init_uc -188
num_of_clause 8
iter 15
stack_ptr 28
stack_size 29
init_uc -165
num_of_clause 9
iter 16
stack_ptr 29
stack_size 30
init_uc 15
num_of_clause 10
iter 17
stack_ptr 30
stack_size 33
init_uc -124
num_of_clause 7
iter 18
stack_ptr 31
stack_size 34
init_uc -107
num_of_clause 5
iter 19
stack_ptr 32
stack_size 34
init_uc 147
num_of_clause 5
iter 20
stack_ptr 33
stack_size 34
init_uc -19
num_of_clause 3
bcp_result UNDEFINE

iter 21
stack_ptr 35
stack_size 36
init_uc -187
num_of_clause 5
iter 22
stack_ptr 36
stack_size 37
init_uc -38
num_of_clause 9
iter 23
stack_ptr 37
stack_size 38
init_uc 4
num_of_clause 7
bcp_result UNDEFINE

iter 24
stack_ptr 39
stack_size 40
init_uc -186
num_of_clause 7
iter 25
stack_ptr 40
stack_size 41
init_uc 127
num_of_clause 9
bcp_result UNDEFINE

iter 26
stack_ptr 42
stack_size 43
init_uc -185
num_of_clause 8
iter 27
stack_ptr 43
stack_size 44
init_uc -156
num_of_clause 6
bcp_result UNDEFINE

iter 28
stack_ptr 45
stack_size 46
init_uc -184
num_of_clause 5
iter 29
stack_ptr 46
stack_size 47
init_uc 9
num_of_clause 10
iter 30
stack_ptr 47
stack_size 48
init_uc -83
num_of_clause 6
bcp_result UNDEFINE

iter 31
stack_ptr 49
stack_size 50
init_uc -183
num_of_clause 8
iter 32
stack_ptr 50
stack_size 51
init_uc 12
num_of_clause 6
bcp_result UNDEFINE

iter 33
stack_ptr 52
stack_size 53
init_uc -182
num_of_clause 8
iter 34
stack_ptr 53
stack_size 56
init_uc -45
num_of_clause 8
iter 35
stack_ptr 54
stack_size 59
init_uc -13
num_of_clause 7
iter 36
stack_ptr 55
stack_size 59
init_uc 30
num_of_clause 4
iter 37
stack_ptr 56
stack_size 62
init_uc -131
num_of_clause 6
iter 38
stack_ptr 57
stack_size 63
init_uc -114
num_of_clause 4
iter 39
stack_ptr 58
stack_size 64
init_uc -65
num_of_clause 3
iter 40
stack_ptr 59
stack_size 64
init_uc 157
num_of_clause 3
iter 41
stack_ptr 60
stack_size 64
init_uc 3
num_of_clause 5
iter 42
stack_ptr 61
stack_size 66
init_uc -170
num_of_clause 10
iter 43
stack_ptr 62
stack_size 68
init_uc -153
num_of_clause 6
iter 44
stack_ptr 63
stack_size 69
init_uc -173
num_of_clause 2
iter 45
stack_ptr 64
stack_size 69
init_uc 56
num_of_clause 11
iter 46
stack_ptr 65
stack_size 72
init_uc -26
num_of_clause 5
iter 47
stack_ptr 66
stack_size 74
init_uc 79
num_of_clause 2
iter 48
stack_ptr 67
stack_size 76
init_uc 69
num_of_clause 5
iter 49
stack_ptr 68
stack_size 78
init_uc 39
num_of_clause 7
iter 50
stack_ptr 69
stack_size 80
init_uc -112
num_of_clause 6
iter 51
stack_ptr 70
stack_size 80
init_uc -8
num_of_clause 8
iter 52
stack_ptr 71
stack_size 82
init_uc 178
num_of_clause 5
iter 53
stack_ptr 72
stack_size 83
init_uc 140
num_of_clause 8
iter 54
stack_ptr 73
stack_size 87
init_uc 76
num_of_clause 9
iter 55
stack_ptr 74
stack_size 89
init_uc -57
num_of_clause 10
iter 56
stack_ptr 75
stack_size 89
init_uc 20
num_of_clause 7
iter 57
stack_ptr 76
stack_size 92
init_uc 166
num_of_clause 5
iter 58
stack_ptr 77
stack_size 92
init_uc -142
num_of_clause 5
iter 59
stack_ptr 78
stack_size 93
init_uc 175
num_of_clause 16
iter 60
stack_ptr 79
stack_size 97
init_uc 66
num_of_clause 10
iter 61
stack_ptr 80
stack_size 100
init_uc 155
num_of_clause 8
iter 62
stack_ptr 81
stack_size 100
init_uc -103
num_of_clause 4
iter 63
stack_ptr 82
stack_size 100
init_uc 2
num_of_clause 6
bcp_result Conflict

UNSATISFIABLE
Overall_Comp_time: 1202324 us, First_Conflict_Time: 332 us
